[0.159s] DEBUG:colcon:Command line arguments: ['/Library/Frameworks/Python.framework/Versions/3.11/bin/colcon', 'build']
[0.159s] DEBUG:colcon:Parsed command line arguments: Namespace(log_base=None, log_level=None, verb_name='build', build_base='build', install_base='install', merge_install=False, symlink_install=False, test_result_base=None, continue_on_error=False, executor='parallel', parallel_workers=8, event_handlers=None, ignore_user_meta=False, metas=['./colcon.meta'], base_paths=['.'], packages_ignore=None, packages_ignore_regex=None, paths=None, packages_up_to=None, packages_up_to_regex=None, packages_above=None, packages_above_and_dependencies=None, packages_above_depth=None, packages_select_by_dep=None, packages_skip_by_dep=None, packages_skip_up_to=None, packages_select_build_failed=False, packages_skip_build_finished=False, packages_select_test_failures=False, packages_skip_test_passed=False, packages_select=None, packages_skip=None, packages_select_regex=None, packages_skip_regex=None, packages_start=None, packages_end=None, cmake_args=None, cmake_target=None, cmake_target_skip_unavailable=False, cmake_clean_cache=False, cmake_clean_first=False, cmake_force_configure=False, ament_cmake_args=None, catkin_cmake_args=None, catkin_skip_building_tests=False, verb_parser=<colcon_defaults.argument_parser.defaults.DefaultArgumentsDecorator object at 0x104f7ab10>, verb_extension=<colcon_core.verb.build.BuildVerb object at 0x105d6cad0>, main=<bound method BuildVerb.main of <colcon_core.verb.build.BuildVerb object at 0x105d6cad0>>)
[0.250s] Level 1:colcon.colcon_core.package_discovery:discover_packages(colcon_meta) check parameters
[0.250s] Level 1:colcon.colcon_core.package_discovery:discover_packages(recursive) check parameters
[0.250s] Level 1:colcon.colcon_core.package_discovery:discover_packages(ignore) check parameters
[0.250s] Level 1:colcon.colcon_core.package_discovery:discover_packages(path) check parameters
[0.250s] Level 1:colcon.colcon_core.package_discovery:discover_packages(colcon_meta) discover
[0.250s] Level 1:colcon.colcon_core.package_discovery:discover_packages(recursive) discover
[0.250s] INFO:colcon.colcon_core.package_discovery:Crawling recursively for packages in '/Users/saniashah/wato_asd_training'
[0.250s] Level 1:colcon.colcon_core.package_identification:_identify(.) by extensions ['ignore', 'ignore_ament_install']
[0.250s] Level 1:colcon.colcon_core.package_identification:_identify(.) by extension 'ignore'
[0.250s] Level 1:colcon.colcon_core.package_identification:_identify(.) by extension 'ignore_ament_install'
[0.250s] Level 1:colcon.colcon_core.package_identification:_identify(.) by extensions ['colcon_pkg']
[0.250s] Level 1:colcon.colcon_core.package_identification:_identify(.) by extension 'colcon_pkg'
[0.250s] Level 1:colcon.colcon_core.package_identification:_identify(.) by extensions ['colcon_meta']
[0.250s] Level 1:colcon.colcon_core.package_identification:_identify(.) by extension 'colcon_meta'
[0.250s] Level 1:colcon.colcon_core.package_identification:_identify(.) by extensions ['ros']
[0.250s] Level 1:colcon.colcon_core.package_identification:_identify(.) by extension 'ros'
[0.271s] Level 1:colcon.colcon_core.package_identification:_identify(.) by extensions ['cmake', 'python']
[0.271s] Level 1:colcon.colcon_core.package_identification:_identify(.) by extension 'cmake'
[0.271s] Level 1:colcon.colcon_core.package_identification:_identify(.) by extension 'python'
[0.271s] Level 1:colcon.colcon_core.package_identification:_identify(.) by extensions ['python_setup_py']
[0.271s] Level 1:colcon.colcon_core.package_identification:_identify(.) by extension 'python_setup_py'
[0.271s] Level 1:colcon.colcon_core.package_identification:_identify(build) by extensions ['ignore', 'ignore_ament_install']
[0.271s] Level 1:colcon.colcon_core.package_identification:_identify(build) by extension 'ignore'
[0.271s] Level 1:colcon.colcon_core.package_identification:_identify(build) ignored
[0.271s] Level 1:colcon.colcon_core.package_identification:_identify(config) by extensions ['ignore', 'ignore_ament_install']
[0.271s] Level 1:colcon.colcon_core.package_identification:_identify(config) by extension 'ignore'
[0.272s] Level 1:colcon.colcon_core.package_identification:_identify(config) by extension 'ignore_ament_install'
[0.272s] Level 1:colcon.colcon_core.package_identification:_identify(config) by extensions ['colcon_pkg']
[0.272s] Level 1:colcon.colcon_core.package_identification:_identify(config) by extension 'colcon_pkg'
[0.272s] Level 1:colcon.colcon_core.package_identification:_identify(config) by extensions ['colcon_meta']
[0.272s] Level 1:colcon.colcon_core.package_identification:_identify(config) by extension 'colcon_meta'
[0.272s] Level 1:colcon.colcon_core.package_identification:_identify(config) by extensions ['ros']
[0.272s] Level 1:colcon.colcon_core.package_identification:_identify(config) by extension 'ros'
[0.272s] Level 1:colcon.colcon_core.package_identification:_identify(config) by extensions ['cmake', 'python']
[0.272s] Level 1:colcon.colcon_core.package_identification:_identify(config) by extension 'cmake'
[0.272s] Level 1:colcon.colcon_core.package_identification:_identify(config) by extension 'python'
[0.272s] Level 1:colcon.colcon_core.package_identification:_identify(config) by extensions ['python_setup_py']
[0.272s] Level 1:colcon.colcon_core.package_identification:_identify(config) by extension 'python_setup_py'
[0.272s] Level 1:colcon.colcon_core.package_identification:_identify(docker) by extensions ['ignore', 'ignore_ament_install']
[0.272s] Level 1:colcon.colcon_core.package_identification:_identify(docker) by extension 'ignore'
[0.272s] Level 1:colcon.colcon_core.package_identification:_identify(docker) by extension 'ignore_ament_install'
[0.272s] Level 1:colcon.colcon_core.package_identification:_identify(docker) by extensions ['colcon_pkg']
[0.272s] Level 1:colcon.colcon_core.package_identification:_identify(docker) by extension 'colcon_pkg'
[0.272s] Level 1:colcon.colcon_core.package_identification:_identify(docker) by extensions ['colcon_meta']
[0.272s] Level 1:colcon.colcon_core.package_identification:_identify(docker) by extension 'colcon_meta'
[0.272s] Level 1:colcon.colcon_core.package_identification:_identify(docker) by extensions ['ros']
[0.272s] Level 1:colcon.colcon_core.package_identification:_identify(docker) by extension 'ros'
[0.272s] Level 1:colcon.colcon_core.package_identification:_identify(docker) by extensions ['cmake', 'python']
[0.272s] Level 1:colcon.colcon_core.package_identification:_identify(docker) by extension 'cmake'
[0.272s] Level 1:colcon.colcon_core.package_identification:_identify(docker) by extension 'python'
[0.272s] Level 1:colcon.colcon_core.package_identification:_identify(docker) by extensions ['python_setup_py']
[0.272s] Level 1:colcon.colcon_core.package_identification:_identify(docker) by extension 'python_setup_py'
[0.272s] Level 1:colcon.colcon_core.package_identification:_identify(docker/gazebo) by extensions ['ignore', 'ignore_ament_install']
[0.272s] Level 1:colcon.colcon_core.package_identification:_identify(docker/gazebo) by extension 'ignore'
[0.272s] Level 1:colcon.colcon_core.package_identification:_identify(docker/gazebo) by extension 'ignore_ament_install'
[0.272s] Level 1:colcon.colcon_core.package_identification:_identify(docker/gazebo) by extensions ['colcon_pkg']
[0.272s] Level 1:colcon.colcon_core.package_identification:_identify(docker/gazebo) by extension 'colcon_pkg'
[0.272s] Level 1:colcon.colcon_core.package_identification:_identify(docker/gazebo) by extensions ['colcon_meta']
[0.272s] Level 1:colcon.colcon_core.package_identification:_identify(docker/gazebo) by extension 'colcon_meta'
[0.272s] Level 1:colcon.colcon_core.package_identification:_identify(docker/gazebo) by extensions ['ros']
[0.272s] Level 1:colcon.colcon_core.package_identification:_identify(docker/gazebo) by extension 'ros'
[0.272s] Level 1:colcon.colcon_core.package_identification:_identify(docker/gazebo) by extensions ['cmake', 'python']
[0.272s] Level 1:colcon.colcon_core.package_identification:_identify(docker/gazebo) by extension 'cmake'
[0.272s] Level 1:colcon.colcon_core.package_identification:_identify(docker/gazebo) by extension 'python'
[0.272s] Level 1:colcon.colcon_core.package_identification:_identify(docker/gazebo) by extensions ['python_setup_py']
[0.272s] Level 1:colcon.colcon_core.package_identification:_identify(docker/gazebo) by extension 'python_setup_py'
[0.272s] Level 1:colcon.colcon_core.package_identification:_identify(docker/robot) by extensions ['ignore', 'ignore_ament_install']
[0.272s] Level 1:colcon.colcon_core.package_identification:_identify(docker/robot) by extension 'ignore'
[0.272s] Level 1:colcon.colcon_core.package_identification:_identify(docker/robot) by extension 'ignore_ament_install'
[0.272s] Level 1:colcon.colcon_core.package_identification:_identify(docker/robot) by extensions ['colcon_pkg']
[0.272s] Level 1:colcon.colcon_core.package_identification:_identify(docker/robot) by extension 'colcon_pkg'
[0.272s] Level 1:colcon.colcon_core.package_identification:_identify(docker/robot) by extensions ['colcon_meta']
[0.272s] Level 1:colcon.colcon_core.package_identification:_identify(docker/robot) by extension 'colcon_meta'
[0.272s] Level 1:colcon.colcon_core.package_identification:_identify(docker/robot) by extensions ['ros']
[0.272s] Level 1:colcon.colcon_core.package_identification:_identify(docker/robot) by extension 'ros'
[0.272s] Level 1:colcon.colcon_core.package_identification:_identify(docker/robot) by extensions ['cmake', 'python']
[0.272s] Level 1:colcon.colcon_core.package_identification:_identify(docker/robot) by extension 'cmake'
[0.272s] Level 1:colcon.colcon_core.package_identification:_identify(docker/robot) by extension 'python'
[0.272s] Level 1:colcon.colcon_core.package_identification:_identify(docker/robot) by extensions ['python_setup_py']
[0.272s] Level 1:colcon.colcon_core.package_identification:_identify(docker/robot) by extension 'python_setup_py'
[0.272s] Level 1:colcon.colcon_core.package_identification:_identify(docker/samples) by extensions ['ignore', 'ignore_ament_install']
[0.272s] Level 1:colcon.colcon_core.package_identification:_identify(docker/samples) by extension 'ignore'
[0.272s] Level 1:colcon.colcon_core.package_identification:_identify(docker/samples) by extension 'ignore_ament_install'
[0.272s] Level 1:colcon.colcon_core.package_identification:_identify(docker/samples) by extensions ['colcon_pkg']
[0.272s] Level 1:colcon.colcon_core.package_identification:_identify(docker/samples) by extension 'colcon_pkg'
[0.272s] Level 1:colcon.colcon_core.package_identification:_identify(docker/samples) by extensions ['colcon_meta']
[0.272s] Level 1:colcon.colcon_core.package_identification:_identify(docker/samples) by extension 'colcon_meta'
[0.273s] Level 1:colcon.colcon_core.package_identification:_identify(docker/samples) by extensions ['ros']
[0.273s] Level 1:colcon.colcon_core.package_identification:_identify(docker/samples) by extension 'ros'
[0.273s] Level 1:colcon.colcon_core.package_identification:_identify(docker/samples) by extensions ['cmake', 'python']
[0.273s] Level 1:colcon.colcon_core.package_identification:_identify(docker/samples) by extension 'cmake'
[0.273s] Level 1:colcon.colcon_core.package_identification:_identify(docker/samples) by extension 'python'
[0.273s] Level 1:colcon.colcon_core.package_identification:_identify(docker/samples) by extensions ['python_setup_py']
[0.273s] Level 1:colcon.colcon_core.package_identification:_identify(docker/samples) by extension 'python_setup_py'
[0.273s] Level 1:colcon.colcon_core.package_identification:_identify(docker/vis_tools) by extensions ['ignore', 'ignore_ament_install']
[0.273s] Level 1:colcon.colcon_core.package_identification:_identify(docker/vis_tools) by extension 'ignore'
[0.273s] Level 1:colcon.colcon_core.package_identification:_identify(docker/vis_tools) by extension 'ignore_ament_install'
[0.273s] Level 1:colcon.colcon_core.package_identification:_identify(docker/vis_tools) by extensions ['colcon_pkg']
[0.273s] Level 1:colcon.colcon_core.package_identification:_identify(docker/vis_tools) by extension 'colcon_pkg'
[0.273s] Level 1:colcon.colcon_core.package_identification:_identify(docker/vis_tools) by extensions ['colcon_meta']
[0.273s] Level 1:colcon.colcon_core.package_identification:_identify(docker/vis_tools) by extension 'colcon_meta'
[0.273s] Level 1:colcon.colcon_core.package_identification:_identify(docker/vis_tools) by extensions ['ros']
[0.273s] Level 1:colcon.colcon_core.package_identification:_identify(docker/vis_tools) by extension 'ros'
[0.273s] Level 1:colcon.colcon_core.package_identification:_identify(docker/vis_tools) by extensions ['cmake', 'python']
[0.273s] Level 1:colcon.colcon_core.package_identification:_identify(docker/vis_tools) by extension 'cmake'
[0.273s] Level 1:colcon.colcon_core.package_identification:_identify(docker/vis_tools) by extension 'python'
[0.273s] Level 1:colcon.colcon_core.package_identification:_identify(docker/vis_tools) by extensions ['python_setup_py']
[0.273s] Level 1:colcon.colcon_core.package_identification:_identify(docker/vis_tools) by extension 'python_setup_py'
[0.273s] Level 1:colcon.colcon_core.package_identification:_identify(install) by extensions ['ignore', 'ignore_ament_install']
[0.273s] Level 1:colcon.colcon_core.package_identification:_identify(install) by extension 'ignore'
[0.273s] Level 1:colcon.colcon_core.package_identification:_identify(install) ignored
[0.273s] Level 1:colcon.colcon_core.package_identification:_identify(log) by extensions ['ignore', 'ignore_ament_install']
[0.273s] Level 1:colcon.colcon_core.package_identification:_identify(log) by extension 'ignore'
[0.273s] Level 1:colcon.colcon_core.package_identification:_identify(log) ignored
[0.273s] Level 1:colcon.colcon_core.package_identification:_identify(modules) by extensions ['ignore', 'ignore_ament_install']
[0.273s] Level 1:colcon.colcon_core.package_identification:_identify(modules) by extension 'ignore'
[0.273s] Level 1:colcon.colcon_core.package_identification:_identify(modules) by extension 'ignore_ament_install'
[0.273s] Level 1:colcon.colcon_core.package_identification:_identify(modules) by extensions ['colcon_pkg']
[0.273s] Level 1:colcon.colcon_core.package_identification:_identify(modules) by extension 'colcon_pkg'
[0.273s] Level 1:colcon.colcon_core.package_identification:_identify(modules) by extensions ['colcon_meta']
[0.273s] Level 1:colcon.colcon_core.package_identification:_identify(modules) by extension 'colcon_meta'
[0.273s] Level 1:colcon.colcon_core.package_identification:_identify(modules) by extensions ['ros']
[0.273s] Level 1:colcon.colcon_core.package_identification:_identify(modules) by extension 'ros'
[0.273s] Level 1:colcon.colcon_core.package_identification:_identify(modules) by extensions ['cmake', 'python']
[0.273s] Level 1:colcon.colcon_core.package_identification:_identify(modules) by extension 'cmake'
[0.273s] Level 1:colcon.colcon_core.package_identification:_identify(modules) by extension 'python'
[0.273s] Level 1:colcon.colcon_core.package_identification:_identify(modules) by extensions ['python_setup_py']
[0.273s] Level 1:colcon.colcon_core.package_identification:_identify(modules) by extension 'python_setup_py'
[0.273s] Level 1:colcon.colcon_core.package_identification:_identify(src) by extensions ['ignore', 'ignore_ament_install']
[0.273s] Level 1:colcon.colcon_core.package_identification:_identify(src) by extension 'ignore'
[0.273s] Level 1:colcon.colcon_core.package_identification:_identify(src) by extension 'ignore_ament_install'
[0.273s] Level 1:colcon.colcon_core.package_identification:_identify(src) by extensions ['colcon_pkg']
[0.273s] Level 1:colcon.colcon_core.package_identification:_identify(src) by extension 'colcon_pkg'
[0.273s] Level 1:colcon.colcon_core.package_identification:_identify(src) by extensions ['colcon_meta']
[0.273s] Level 1:colcon.colcon_core.package_identification:_identify(src) by extension 'colcon_meta'
[0.273s] Level 1:colcon.colcon_core.package_identification:_identify(src) by extensions ['ros']
[0.273s] Level 1:colcon.colcon_core.package_identification:_identify(src) by extension 'ros'
[0.273s] Level 1:colcon.colcon_core.package_identification:_identify(src) by extensions ['cmake', 'python']
[0.273s] Level 1:colcon.colcon_core.package_identification:_identify(src) by extension 'cmake'
[0.273s] Level 1:colcon.colcon_core.package_identification:_identify(src) by extension 'python'
[0.273s] Level 1:colcon.colcon_core.package_identification:_identify(src) by extensions ['python_setup_py']
[0.273s] Level 1:colcon.colcon_core.package_identification:_identify(src) by extension 'python_setup_py'
[0.273s] Level 1:colcon.colcon_core.package_identification:_identify(src/gazebo) by extensions ['ignore', 'ignore_ament_install']
[0.273s] Level 1:colcon.colcon_core.package_identification:_identify(src/gazebo) by extension 'ignore'
[0.273s] Level 1:colcon.colcon_core.package_identification:_identify(src/gazebo) by extension 'ignore_ament_install'
[0.274s] Level 1:colcon.colcon_core.package_identification:_identify(src/gazebo) by extensions ['colcon_pkg']
[0.274s] Level 1:colcon.colcon_core.package_identification:_identify(src/gazebo) by extension 'colcon_pkg'
[0.274s] Level 1:colcon.colcon_core.package_identification:_identify(src/gazebo) by extensions ['colcon_meta']
[0.274s] Level 1:colcon.colcon_core.package_identification:_identify(src/gazebo) by extension 'colcon_meta'
[0.274s] Level 1:colcon.colcon_core.package_identification:_identify(src/gazebo) by extensions ['ros']
[0.274s] Level 1:colcon.colcon_core.package_identification:_identify(src/gazebo) by extension 'ros'
[0.275s] DEBUG:colcon.colcon_core.package_identification:Package 'src/gazebo' with type 'ros.ament_cmake' and name 'gazebo'
[0.275s] Level 1:colcon.colcon_core.package_identification:_identify(src/robot) by extensions ['ignore', 'ignore_ament_install']
[0.276s] Level 1:colcon.colcon_core.package_identification:_identify(src/robot) by extension 'ignore'
[0.276s] Level 1:colcon.colcon_core.package_identification:_identify(src/robot) by extension 'ignore_ament_install'
[0.276s] Level 1:colcon.colcon_core.package_identification:_identify(src/robot) by extensions ['colcon_pkg']
[0.276s] Level 1:colcon.colcon_core.package_identification:_identify(src/robot) by extension 'colcon_pkg'
[0.276s] Level 1:colcon.colcon_core.package_identification:_identify(src/robot) by extensions ['colcon_meta']
[0.276s] Level 1:colcon.colcon_core.package_identification:_identify(src/robot) by extension 'colcon_meta'
[0.276s] Level 1:colcon.colcon_core.package_identification:_identify(src/robot) by extensions ['ros']
[0.276s] Level 1:colcon.colcon_core.package_identification:_identify(src/robot) by extension 'ros'
[0.276s] Level 1:colcon.colcon_core.package_identification:_identify(src/robot) by extensions ['cmake', 'python']
[0.276s] Level 1:colcon.colcon_core.package_identification:_identify(src/robot) by extension 'cmake'
[0.276s] Level 1:colcon.colcon_core.package_identification:_identify(src/robot) by extension 'python'
[0.276s] Level 1:colcon.colcon_core.package_identification:_identify(src/robot) by extensions ['python_setup_py']
[0.276s] Level 1:colcon.colcon_core.package_identification:_identify(src/robot) by extension 'python_setup_py'
[0.276s] Level 1:colcon.colcon_core.package_identification:_identify(src/robot/bringup_robot) by extensions ['ignore', 'ignore_ament_install']
[0.276s] Level 1:colcon.colcon_core.package_identification:_identify(src/robot/bringup_robot) by extension 'ignore'
[0.276s] Level 1:colcon.colcon_core.package_identification:_identify(src/robot/bringup_robot) by extension 'ignore_ament_install'
[0.276s] Level 1:colcon.colcon_core.package_identification:_identify(src/robot/bringup_robot) by extensions ['colcon_pkg']
[0.276s] Level 1:colcon.colcon_core.package_identification:_identify(src/robot/bringup_robot) by extension 'colcon_pkg'
[0.276s] Level 1:colcon.colcon_core.package_identification:_identify(src/robot/bringup_robot) by extensions ['colcon_meta']
[0.276s] Level 1:colcon.colcon_core.package_identification:_identify(src/robot/bringup_robot) by extension 'colcon_meta'
[0.276s] Level 1:colcon.colcon_core.package_identification:_identify(src/robot/bringup_robot) by extensions ['ros']
[0.276s] Level 1:colcon.colcon_core.package_identification:_identify(src/robot/bringup_robot) by extension 'ros'
[0.276s] DEBUG:colcon.colcon_core.package_identification:Package 'src/robot/bringup_robot' with type 'ros.ament_cmake' and name 'bringup_robot'
[0.276s] Level 1:colcon.colcon_core.package_identification:_identify(src/robot/control) by extensions ['ignore', 'ignore_ament_install']
[0.276s] Level 1:colcon.colcon_core.package_identification:_identify(src/robot/control) by extension 'ignore'
[0.276s] Level 1:colcon.colcon_core.package_identification:_identify(src/robot/control) by extension 'ignore_ament_install'
[0.276s] Level 1:colcon.colcon_core.package_identification:_identify(src/robot/control) by extensions ['colcon_pkg']
[0.276s] Level 1:colcon.colcon_core.package_identification:_identify(src/robot/control) by extension 'colcon_pkg'
[0.276s] Level 1:colcon.colcon_core.package_identification:_identify(src/robot/control) by extensions ['colcon_meta']
[0.277s] Level 1:colcon.colcon_core.package_identification:_identify(src/robot/control) by extension 'colcon_meta'
[0.277s] Level 1:colcon.colcon_core.package_identification:_identify(src/robot/control) by extensions ['ros']
[0.277s] Level 1:colcon.colcon_core.package_identification:_identify(src/robot/control) by extension 'ros'
[0.277s] DEBUG:colcon.colcon_core.package_identification:Package 'src/robot/control' with type 'ros.ament_cmake' and name 'control'
[0.277s] Level 1:colcon.colcon_core.package_identification:_identify(src/robot/costmap) by extensions ['ignore', 'ignore_ament_install']
[0.277s] Level 1:colcon.colcon_core.package_identification:_identify(src/robot/costmap) by extension 'ignore'
[0.277s] Level 1:colcon.colcon_core.package_identification:_identify(src/robot/costmap) by extension 'ignore_ament_install'
[0.277s] Level 1:colcon.colcon_core.package_identification:_identify(src/robot/costmap) by extensions ['colcon_pkg']
[0.277s] Level 1:colcon.colcon_core.package_identification:_identify(src/robot/costmap) by extension 'colcon_pkg'
[0.277s] Level 1:colcon.colcon_core.package_identification:_identify(src/robot/costmap) by extensions ['colcon_meta']
[0.277s] Level 1:colcon.colcon_core.package_identification:_identify(src/robot/costmap) by extension 'colcon_meta'
[0.277s] Level 1:colcon.colcon_core.package_identification:_identify(src/robot/costmap) by extensions ['ros']
[0.277s] Level 1:colcon.colcon_core.package_identification:_identify(src/robot/costmap) by extension 'ros'
[0.277s] DEBUG:colcon.colcon_core.package_identification:Package 'src/robot/costmap' with type 'ros.ament_cmake' and name 'costmap'
[0.278s] Level 1:colcon.colcon_core.package_identification:_identify(src/robot/map_memory) by extensions ['ignore', 'ignore_ament_install']
[0.278s] Level 1:colcon.colcon_core.package_identification:_identify(src/robot/map_memory) by extension 'ignore'
[0.278s] Level 1:colcon.colcon_core.package_identification:_identify(src/robot/map_memory) by extension 'ignore_ament_install'
[0.278s] Level 1:colcon.colcon_core.package_identification:_identify(src/robot/map_memory) by extensions ['colcon_pkg']
[0.278s] Level 1:colcon.colcon_core.package_identification:_identify(src/robot/map_memory) by extension 'colcon_pkg'
[0.278s] Level 1:colcon.colcon_core.package_identification:_identify(src/robot/map_memory) by extensions ['colcon_meta']
[0.278s] Level 1:colcon.colcon_core.package_identification:_identify(src/robot/map_memory) by extension 'colcon_meta'
[0.278s] Level 1:colcon.colcon_core.package_identification:_identify(src/robot/map_memory) by extensions ['ros']
[0.278s] Level 1:colcon.colcon_core.package_identification:_identify(src/robot/map_memory) by extension 'ros'
[0.278s] DEBUG:colcon.colcon_core.package_identification:Package 'src/robot/map_memory' with type 'ros.ament_cmake' and name 'map_memory'
[0.278s] Level 1:colcon.colcon_core.package_identification:_identify(src/robot/odometry_spoof) by extensions ['ignore', 'ignore_ament_install']
[0.278s] Level 1:colcon.colcon_core.package_identification:_identify(src/robot/odometry_spoof) by extension 'ignore'
[0.278s] Level 1:colcon.colcon_core.package_identification:_identify(src/robot/odometry_spoof) by extension 'ignore_ament_install'
[0.278s] Level 1:colcon.colcon_core.package_identification:_identify(src/robot/odometry_spoof) by extensions ['colcon_pkg']
[0.278s] Level 1:colcon.colcon_core.package_identification:_identify(src/robot/odometry_spoof) by extension 'colcon_pkg'
[0.278s] Level 1:colcon.colcon_core.package_identification:_identify(src/robot/odometry_spoof) by extensions ['colcon_meta']
[0.278s] Level 1:colcon.colcon_core.package_identification:_identify(src/robot/odometry_spoof) by extension 'colcon_meta'
[0.278s] Level 1:colcon.colcon_core.package_identification:_identify(src/robot/odometry_spoof) by extensions ['ros']
[0.278s] Level 1:colcon.colcon_core.package_identification:_identify(src/robot/odometry_spoof) by extension 'ros'
[0.279s] DEBUG:colcon.colcon_core.package_identification:Package 'src/robot/odometry_spoof' with type 'ros.ament_cmake' and name 'odometry_spoof'
[0.279s] Level 1:colcon.colcon_core.package_identification:_identify(src/robot/planner) by extensions ['ignore', 'ignore_ament_install']
[0.279s] Level 1:colcon.colcon_core.package_identification:_identify(src/robot/planner) by extension 'ignore'
[0.279s] Level 1:colcon.colcon_core.package_identification:_identify(src/robot/planner) by extension 'ignore_ament_install'
[0.279s] Level 1:colcon.colcon_core.package_identification:_identify(src/robot/planner) by extensions ['colcon_pkg']
[0.279s] Level 1:colcon.colcon_core.package_identification:_identify(src/robot/planner) by extension 'colcon_pkg'
[0.279s] Level 1:colcon.colcon_core.package_identification:_identify(src/robot/planner) by extensions ['colcon_meta']
[0.279s] Level 1:colcon.colcon_core.package_identification:_identify(src/robot/planner) by extension 'colcon_meta'
[0.279s] Level 1:colcon.colcon_core.package_identification:_identify(src/robot/planner) by extensions ['ros']
[0.279s] Level 1:colcon.colcon_core.package_identification:_identify(src/robot/planner) by extension 'ros'
[0.279s] DEBUG:colcon.colcon_core.package_identification:Package 'src/robot/planner' with type 'ros.ament_cmake' and name 'planner'
[0.280s] Level 1:colcon.colcon_core.package_identification:_identify(src/samples) by extensions ['ignore', 'ignore_ament_install']
[0.280s] Level 1:colcon.colcon_core.package_identification:_identify(src/samples) by extension 'ignore'
[0.280s] Level 1:colcon.colcon_core.package_identification:_identify(src/samples) by extension 'ignore_ament_install'
[0.280s] Level 1:colcon.colcon_core.package_identification:_identify(src/samples) by extensions ['colcon_pkg']
[0.280s] Level 1:colcon.colcon_core.package_identification:_identify(src/samples) by extension 'colcon_pkg'
[0.280s] Level 1:colcon.colcon_core.package_identification:_identify(src/samples) by extensions ['colcon_meta']
[0.280s] Level 1:colcon.colcon_core.package_identification:_identify(src/samples) by extension 'colcon_meta'
[0.280s] Level 1:colcon.colcon_core.package_identification:_identify(src/samples) by extensions ['ros']
[0.280s] Level 1:colcon.colcon_core.package_identification:_identify(src/samples) by extension 'ros'
[0.280s] Level 1:colcon.colcon_core.package_identification:_identify(src/samples) by extensions ['cmake', 'python']
[0.280s] Level 1:colcon.colcon_core.package_identification:_identify(src/samples) by extension 'cmake'
[0.280s] Level 1:colcon.colcon_core.package_identification:_identify(src/samples) by extension 'python'
[0.280s] Level 1:colcon.colcon_core.package_identification:_identify(src/samples) by extensions ['python_setup_py']
[0.280s] Level 1:colcon.colcon_core.package_identification:_identify(src/samples) by extension 'python_setup_py'
[0.280s] Level 1:colcon.colcon_core.package_identification:_identify(src/samples/cpp) by extensions ['ignore', 'ignore_ament_install']
[0.280s] Level 1:colcon.colcon_core.package_identification:_identify(src/samples/cpp) by extension 'ignore'
[0.280s] Level 1:colcon.colcon_core.package_identification:_identify(src/samples/cpp) by extension 'ignore_ament_install'
[0.280s] Level 1:colcon.colcon_core.package_identification:_identify(src/samples/cpp) by extensions ['colcon_pkg']
[0.280s] Level 1:colcon.colcon_core.package_identification:_identify(src/samples/cpp) by extension 'colcon_pkg'
[0.280s] Level 1:colcon.colcon_core.package_identification:_identify(src/samples/cpp) by extensions ['colcon_meta']
[0.280s] Level 1:colcon.colcon_core.package_identification:_identify(src/samples/cpp) by extension 'colcon_meta'
[0.280s] Level 1:colcon.colcon_core.package_identification:_identify(src/samples/cpp) by extensions ['ros']
[0.280s] Level 1:colcon.colcon_core.package_identification:_identify(src/samples/cpp) by extension 'ros'
[0.280s] Level 1:colcon.colcon_core.package_identification:_identify(src/samples/cpp) by extensions ['cmake', 'python']
[0.280s] Level 1:colcon.colcon_core.package_identification:_identify(src/samples/cpp) by extension 'cmake'
[0.280s] Level 1:colcon.colcon_core.package_identification:_identify(src/samples/cpp) by extension 'python'
[0.280s] Level 1:colcon.colcon_core.package_identification:_identify(src/samples/cpp) by extensions ['python_setup_py']
[0.280s] Level 1:colcon.colcon_core.package_identification:_identify(src/samples/cpp) by extension 'python_setup_py'
[0.280s] Level 1:colcon.colcon_core.package_identification:_identify(src/samples/cpp/aggregator) by extensions ['ignore', 'ignore_ament_install']
[0.280s] Level 1:colcon.colcon_core.package_identification:_identify(src/samples/cpp/aggregator) by extension 'ignore'
[0.280s] Level 1:colcon.colcon_core.package_identification:_identify(src/samples/cpp/aggregator) by extension 'ignore_ament_install'
[0.280s] Level 1:colcon.colcon_core.package_identification:_identify(src/samples/cpp/aggregator) by extensions ['colcon_pkg']
[0.280s] Level 1:colcon.colcon_core.package_identification:_identify(src/samples/cpp/aggregator) by extension 'colcon_pkg'
[0.280s] Level 1:colcon.colcon_core.package_identification:_identify(src/samples/cpp/aggregator) by extensions ['colcon_meta']
[0.280s] Level 1:colcon.colcon_core.package_identification:_identify(src/samples/cpp/aggregator) by extension 'colcon_meta'
[0.280s] Level 1:colcon.colcon_core.package_identification:_identify(src/samples/cpp/aggregator) by extensions ['ros']
[0.280s] Level 1:colcon.colcon_core.package_identification:_identify(src/samples/cpp/aggregator) by extension 'ros'
[0.281s] DEBUG:colcon.colcon_core.package_identification:Package 'src/samples/cpp/aggregator' with type 'ros.ament_cmake' and name 'aggregator'
[0.281s] Level 1:colcon.colcon_core.package_identification:_identify(src/samples/cpp/producer) by extensions ['ignore', 'ignore_ament_install']
[0.281s] Level 1:colcon.colcon_core.package_identification:_identify(src/samples/cpp/producer) by extension 'ignore'
[0.281s] Level 1:colcon.colcon_core.package_identification:_identify(src/samples/cpp/producer) by extension 'ignore_ament_install'
[0.281s] Level 1:colcon.colcon_core.package_identification:_identify(src/samples/cpp/producer) by extensions ['colcon_pkg']
[0.281s] Level 1:colcon.colcon_core.package_identification:_identify(src/samples/cpp/producer) by extension 'colcon_pkg'
[0.281s] Level 1:colcon.colcon_core.package_identification:_identify(src/samples/cpp/producer) by extensions ['colcon_meta']
[0.281s] Level 1:colcon.colcon_core.package_identification:_identify(src/samples/cpp/producer) by extension 'colcon_meta'
[0.281s] Level 1:colcon.colcon_core.package_identification:_identify(src/samples/cpp/producer) by extensions ['ros']
[0.281s] Level 1:colcon.colcon_core.package_identification:_identify(src/samples/cpp/producer) by extension 'ros'
[0.283s] DEBUG:colcon.colcon_core.package_identification:Package 'src/samples/cpp/producer' with type 'ros.ament_cmake' and name 'producer'
[0.283s] Level 1:colcon.colcon_core.package_identification:_identify(src/samples/cpp/transformer) by extensions ['ignore', 'ignore_ament_install']
[0.284s] Level 1:colcon.colcon_core.package_identification:_identify(src/samples/cpp/transformer) by extension 'ignore'
[0.284s] Level 1:colcon.colcon_core.package_identification:_identify(src/samples/cpp/transformer) by extension 'ignore_ament_install'
[0.284s] Level 1:colcon.colcon_core.package_identification:_identify(src/samples/cpp/transformer) by extensions ['colcon_pkg']
[0.284s] Level 1:colcon.colcon_core.package_identification:_identify(src/samples/cpp/transformer) by extension 'colcon_pkg'
[0.284s] Level 1:colcon.colcon_core.package_identification:_identify(src/samples/cpp/transformer) by extensions ['colcon_meta']
[0.284s] Level 1:colcon.colcon_core.package_identification:_identify(src/samples/cpp/transformer) by extension 'colcon_meta'
[0.284s] Level 1:colcon.colcon_core.package_identification:_identify(src/samples/cpp/transformer) by extensions ['ros']
[0.284s] Level 1:colcon.colcon_core.package_identification:_identify(src/samples/cpp/transformer) by extension 'ros'
[0.284s] DEBUG:colcon.colcon_core.package_identification:Package 'src/samples/cpp/transformer' with type 'ros.ament_cmake' and name 'transformer'
[0.284s] Level 1:colcon.colcon_core.package_identification:_identify(src/samples/python) by extensions ['ignore', 'ignore_ament_install']
[0.284s] Level 1:colcon.colcon_core.package_identification:_identify(src/samples/python) by extension 'ignore'
[0.284s] Level 1:colcon.colcon_core.package_identification:_identify(src/samples/python) by extension 'ignore_ament_install'
[0.284s] Level 1:colcon.colcon_core.package_identification:_identify(src/samples/python) by extensions ['colcon_pkg']
[0.284s] Level 1:colcon.colcon_core.package_identification:_identify(src/samples/python) by extension 'colcon_pkg'
[0.284s] Level 1:colcon.colcon_core.package_identification:_identify(src/samples/python) by extensions ['colcon_meta']
[0.284s] Level 1:colcon.colcon_core.package_identification:_identify(src/samples/python) by extension 'colcon_meta'
[0.284s] Level 1:colcon.colcon_core.package_identification:_identify(src/samples/python) by extensions ['ros']
[0.284s] Level 1:colcon.colcon_core.package_identification:_identify(src/samples/python) by extension 'ros'
[0.285s] Level 1:colcon.colcon_core.package_identification:_identify(src/samples/python) by extensions ['cmake', 'python']
[0.285s] Level 1:colcon.colcon_core.package_identification:_identify(src/samples/python) by extension 'cmake'
[0.285s] Level 1:colcon.colcon_core.package_identification:_identify(src/samples/python) by extension 'python'
[0.285s] Level 1:colcon.colcon_core.package_identification:_identify(src/samples/python) by extensions ['python_setup_py']
[0.285s] Level 1:colcon.colcon_core.package_identification:_identify(src/samples/python) by extension 'python_setup_py'
[0.285s] Level 1:colcon.colcon_core.package_identification:_identify(src/samples/python/aggregator) by extensions ['ignore', 'ignore_ament_install']
[0.285s] Level 1:colcon.colcon_core.package_identification:_identify(src/samples/python/aggregator) by extension 'ignore'
[0.285s] Level 1:colcon.colcon_core.package_identification:_identify(src/samples/python/aggregator) by extension 'ignore_ament_install'
[0.285s] Level 1:colcon.colcon_core.package_identification:_identify(src/samples/python/aggregator) by extensions ['colcon_pkg']
[0.285s] Level 1:colcon.colcon_core.package_identification:_identify(src/samples/python/aggregator) by extension 'colcon_pkg'
[0.285s] Level 1:colcon.colcon_core.package_identification:_identify(src/samples/python/aggregator) by extensions ['colcon_meta']
[0.285s] Level 1:colcon.colcon_core.package_identification:_identify(src/samples/python/aggregator) by extension 'colcon_meta'
[0.285s] Level 1:colcon.colcon_core.package_identification:_identify(src/samples/python/aggregator) by extensions ['ros']
[0.285s] Level 1:colcon.colcon_core.package_identification:_identify(src/samples/python/aggregator) by extension 'ros'
[0.285s] DEBUG:colcon.colcon_core.package_identification:Package 'src/samples/python/aggregator' with type 'ros.ament_python' and name 'aggregator'
[0.285s] Level 1:colcon.colcon_core.package_identification:_identify(src/samples/python/producer) by extensions ['ignore', 'ignore_ament_install']
[0.285s] Level 1:colcon.colcon_core.package_identification:_identify(src/samples/python/producer) by extension 'ignore'
[0.285s] Level 1:colcon.colcon_core.package_identification:_identify(src/samples/python/producer) by extension 'ignore_ament_install'
[0.285s] Level 1:colcon.colcon_core.package_identification:_identify(src/samples/python/producer) by extensions ['colcon_pkg']
[0.285s] Level 1:colcon.colcon_core.package_identification:_identify(src/samples/python/producer) by extension 'colcon_pkg'
[0.285s] Level 1:colcon.colcon_core.package_identification:_identify(src/samples/python/producer) by extensions ['colcon_meta']
[0.285s] Level 1:colcon.colcon_core.package_identification:_identify(src/samples/python/producer) by extension 'colcon_meta'
[0.285s] Level 1:colcon.colcon_core.package_identification:_identify(src/samples/python/producer) by extensions ['ros']
[0.285s] Level 1:colcon.colcon_core.package_identification:_identify(src/samples/python/producer) by extension 'ros'
[0.286s] DEBUG:colcon.colcon_core.package_identification:Package 'src/samples/python/producer' with type 'ros.ament_python' and name 'producer'
[0.286s] Level 1:colcon.colcon_core.package_identification:_identify(src/samples/python/transformer) by extensions ['ignore', 'ignore_ament_install']
[0.286s] Level 1:colcon.colcon_core.package_identification:_identify(src/samples/python/transformer) by extension 'ignore'
[0.286s] Level 1:colcon.colcon_core.package_identification:_identify(src/samples/python/transformer) by extension 'ignore_ament_install'
[0.286s] Level 1:colcon.colcon_core.package_identification:_identify(src/samples/python/transformer) by extensions ['colcon_pkg']
[0.286s] Level 1:colcon.colcon_core.package_identification:_identify(src/samples/python/transformer) by extension 'colcon_pkg'
[0.286s] Level 1:colcon.colcon_core.package_identification:_identify(src/samples/python/transformer) by extensions ['colcon_meta']
[0.286s] Level 1:colcon.colcon_core.package_identification:_identify(src/samples/python/transformer) by extension 'colcon_meta'
[0.286s] Level 1:colcon.colcon_core.package_identification:_identify(src/samples/python/transformer) by extensions ['ros']
[0.286s] Level 1:colcon.colcon_core.package_identification:_identify(src/samples/python/transformer) by extension 'ros'
[0.286s] DEBUG:colcon.colcon_core.package_identification:Package 'src/samples/python/transformer' with type 'ros.ament_python' and name 'transformer'
[0.287s] Level 1:colcon.colcon_core.package_identification:_identify(src/samples/sample_msgs) by extensions ['ignore', 'ignore_ament_install']
[0.287s] Level 1:colcon.colcon_core.package_identification:_identify(src/samples/sample_msgs) by extension 'ignore'
[0.287s] Level 1:colcon.colcon_core.package_identification:_identify(src/samples/sample_msgs) by extension 'ignore_ament_install'
[0.287s] Level 1:colcon.colcon_core.package_identification:_identify(src/samples/sample_msgs) by extensions ['colcon_pkg']
[0.287s] Level 1:colcon.colcon_core.package_identification:_identify(src/samples/sample_msgs) by extension 'colcon_pkg'
[0.287s] Level 1:colcon.colcon_core.package_identification:_identify(src/samples/sample_msgs) by extensions ['colcon_meta']
[0.287s] Level 1:colcon.colcon_core.package_identification:_identify(src/samples/sample_msgs) by extension 'colcon_meta'
[0.287s] Level 1:colcon.colcon_core.package_identification:_identify(src/samples/sample_msgs) by extensions ['ros']
[0.287s] Level 1:colcon.colcon_core.package_identification:_identify(src/samples/sample_msgs) by extension 'ros'
[0.288s] DEBUG:colcon.colcon_core.package_identification:Package 'src/samples/sample_msgs' with type 'ros.ament_cmake' and name 'sample_msgs'
[0.288s] Level 1:colcon.colcon_core.package_identification:_identify(src/wato_msgs) by extensions ['ignore', 'ignore_ament_install']
[0.288s] Level 1:colcon.colcon_core.package_identification:_identify(src/wato_msgs) by extension 'ignore'
[0.288s] Level 1:colcon.colcon_core.package_identification:_identify(src/wato_msgs) by extension 'ignore_ament_install'
[0.288s] Level 1:colcon.colcon_core.package_identification:_identify(src/wato_msgs) by extensions ['colcon_pkg']
[0.288s] Level 1:colcon.colcon_core.package_identification:_identify(src/wato_msgs) by extension 'colcon_pkg'
[0.288s] Level 1:colcon.colcon_core.package_identification:_identify(src/wato_msgs) by extensions ['colcon_meta']
[0.288s] Level 1:colcon.colcon_core.package_identification:_identify(src/wato_msgs) by extension 'colcon_meta'
[0.288s] Level 1:colcon.colcon_core.package_identification:_identify(src/wato_msgs) by extensions ['ros']
[0.288s] Level 1:colcon.colcon_core.package_identification:_identify(src/wato_msgs) by extension 'ros'
[0.288s] Level 1:colcon.colcon_core.package_identification:_identify(src/wato_msgs) by extensions ['cmake', 'python']
[0.288s] Level 1:colcon.colcon_core.package_identification:_identify(src/wato_msgs) by extension 'cmake'
[0.288s] Level 1:colcon.colcon_core.package_identification:_identify(src/wato_msgs) by extension 'python'
[0.288s] Level 1:colcon.colcon_core.package_identification:_identify(src/wato_msgs) by extensions ['python_setup_py']
[0.288s] Level 1:colcon.colcon_core.package_identification:_identify(src/wato_msgs) by extension 'python_setup_py'
[0.288s] Level 1:colcon.colcon_core.package_identification:_identify(src/wato_msgs/sample_msgs) by extensions ['ignore', 'ignore_ament_install']
[0.288s] Level 1:colcon.colcon_core.package_identification:_identify(src/wato_msgs/sample_msgs) by extension 'ignore'
[0.288s] Level 1:colcon.colcon_core.package_identification:_identify(src/wato_msgs/sample_msgs) by extension 'ignore_ament_install'
[0.288s] Level 1:colcon.colcon_core.package_identification:_identify(src/wato_msgs/sample_msgs) by extensions ['colcon_pkg']
[0.288s] Level 1:colcon.colcon_core.package_identification:_identify(src/wato_msgs/sample_msgs) by extension 'colcon_pkg'
[0.288s] Level 1:colcon.colcon_core.package_identification:_identify(src/wato_msgs/sample_msgs) by extensions ['colcon_meta']
[0.288s] Level 1:colcon.colcon_core.package_identification:_identify(src/wato_msgs/sample_msgs) by extension 'colcon_meta'
[0.288s] Level 1:colcon.colcon_core.package_identification:_identify(src/wato_msgs/sample_msgs) by extensions ['ros']
[0.288s] Level 1:colcon.colcon_core.package_identification:_identify(src/wato_msgs/sample_msgs) by extension 'ros'
[0.289s] DEBUG:colcon.colcon_core.package_identification:Package 'src/wato_msgs/sample_msgs' with type 'ros.ament_cmake' and name 'sample_msgs'
[0.289s] Level 1:colcon.colcon_core.package_identification:_identify(wato_asd_training) by extensions ['ignore', 'ignore_ament_install']
[0.289s] Level 1:colcon.colcon_core.package_identification:_identify(wato_asd_training) by extension 'ignore'
[0.289s] Level 1:colcon.colcon_core.package_identification:_identify(wato_asd_training) by extension 'ignore_ament_install'
[0.289s] Level 1:colcon.colcon_core.package_identification:_identify(wato_asd_training) by extensions ['colcon_pkg']
[0.289s] Level 1:colcon.colcon_core.package_identification:_identify(wato_asd_training) by extension 'colcon_pkg'
[0.289s] Level 1:colcon.colcon_core.package_identification:_identify(wato_asd_training) by extensions ['colcon_meta']
[0.289s] Level 1:colcon.colcon_core.package_identification:_identify(wato_asd_training) by extension 'colcon_meta'
[0.289s] Level 1:colcon.colcon_core.package_identification:_identify(wato_asd_training) by extensions ['ros']
[0.289s] Level 1:colcon.colcon_core.package_identification:_identify(wato_asd_training) by extension 'ros'
[0.289s] Level 1:colcon.colcon_core.package_identification:_identify(wato_asd_training) by extensions ['cmake', 'python']
[0.289s] Level 1:colcon.colcon_core.package_identification:_identify(wato_asd_training) by extension 'cmake'
[0.289s] Level 1:colcon.colcon_core.package_identification:_identify(wato_asd_training) by extension 'python'
[0.289s] Level 1:colcon.colcon_core.package_identification:_identify(wato_asd_training) by extensions ['python_setup_py']
[0.289s] Level 1:colcon.colcon_core.package_identification:_identify(wato_asd_training) by extension 'python_setup_py'
[0.289s] Level 1:colcon.colcon_core.package_identification:_identify(wato_asd_training/config) by extensions ['ignore', 'ignore_ament_install']
[0.289s] Level 1:colcon.colcon_core.package_identification:_identify(wato_asd_training/config) by extension 'ignore'
[0.290s] Level 1:colcon.colcon_core.package_identification:_identify(wato_asd_training/config) by extension 'ignore_ament_install'
[0.290s] Level 1:colcon.colcon_core.package_identification:_identify(wato_asd_training/config) by extensions ['colcon_pkg']
[0.290s] Level 1:colcon.colcon_core.package_identification:_identify(wato_asd_training/config) by extension 'colcon_pkg'
[0.290s] Level 1:colcon.colcon_core.package_identification:_identify(wato_asd_training/config) by extensions ['colcon_meta']
[0.290s] Level 1:colcon.colcon_core.package_identification:_identify(wato_asd_training/config) by extension 'colcon_meta'
[0.290s] Level 1:colcon.colcon_core.package_identification:_identify(wato_asd_training/config) by extensions ['ros']
[0.290s] Level 1:colcon.colcon_core.package_identification:_identify(wato_asd_training/config) by extension 'ros'
[0.290s] Level 1:colcon.colcon_core.package_identification:_identify(wato_asd_training/config) by extensions ['cmake', 'python']
[0.290s] Level 1:colcon.colcon_core.package_identification:_identify(wato_asd_training/config) by extension 'cmake'
[0.290s] Level 1:colcon.colcon_core.package_identification:_identify(wato_asd_training/config) by extension 'python'
[0.290s] Level 1:colcon.colcon_core.package_identification:_identify(wato_asd_training/config) by extensions ['python_setup_py']
[0.290s] Level 1:colcon.colcon_core.package_identification:_identify(wato_asd_training/config) by extension 'python_setup_py'
[0.290s] Level 1:colcon.colcon_core.package_identification:_identify(wato_asd_training/docker) by extensions ['ignore', 'ignore_ament_install']
[0.290s] Level 1:colcon.colcon_core.package_identification:_identify(wato_asd_training/docker) by extension 'ignore'
[0.290s] Level 1:colcon.colcon_core.package_identification:_identify(wato_asd_training/docker) by extension 'ignore_ament_install'
[0.290s] Level 1:colcon.colcon_core.package_identification:_identify(wato_asd_training/docker) by extensions ['colcon_pkg']
[0.290s] Level 1:colcon.colcon_core.package_identification:_identify(wato_asd_training/docker) by extension 'colcon_pkg'
[0.290s] Level 1:colcon.colcon_core.package_identification:_identify(wato_asd_training/docker) by extensions ['colcon_meta']
[0.290s] Level 1:colcon.colcon_core.package_identification:_identify(wato_asd_training/docker) by extension 'colcon_meta'
[0.290s] Level 1:colcon.colcon_core.package_identification:_identify(wato_asd_training/docker) by extensions ['ros']
[0.290s] Level 1:colcon.colcon_core.package_identification:_identify(wato_asd_training/docker) by extension 'ros'
[0.290s] Level 1:colcon.colcon_core.package_identification:_identify(wato_asd_training/docker) by extensions ['cmake', 'python']
[0.290s] Level 1:colcon.colcon_core.package_identification:_identify(wato_asd_training/docker) by extension 'cmake'
[0.290s] Level 1:colcon.colcon_core.package_identification:_identify(wato_asd_training/docker) by extension 'python'
[0.290s] Level 1:colcon.colcon_core.package_identification:_identify(wato_asd_training/docker) by extensions ['python_setup_py']
[0.290s] Level 1:colcon.colcon_core.package_identification:_identify(wato_asd_training/docker) by extension 'python_setup_py'
[0.290s] Level 1:colcon.colcon_core.package_identification:_identify(wato_asd_training/docker/gazebo) by extensions ['ignore', 'ignore_ament_install']
[0.290s] Level 1:colcon.colcon_core.package_identification:_identify(wato_asd_training/docker/gazebo) by extension 'ignore'
[0.290s] Level 1:colcon.colcon_core.package_identification:_identify(wato_asd_training/docker/gazebo) by extension 'ignore_ament_install'
[0.290s] Level 1:colcon.colcon_core.package_identification:_identify(wato_asd_training/docker/gazebo) by extensions ['colcon_pkg']
[0.290s] Level 1:colcon.colcon_core.package_identification:_identify(wato_asd_training/docker/gazebo) by extension 'colcon_pkg'
[0.290s] Level 1:colcon.colcon_core.package_identification:_identify(wato_asd_training/docker/gazebo) by extensions ['colcon_meta']
[0.290s] Level 1:colcon.colcon_core.package_identification:_identify(wato_asd_training/docker/gazebo) by extension 'colcon_meta'
[0.290s] Level 1:colcon.colcon_core.package_identification:_identify(wato_asd_training/docker/gazebo) by extensions ['ros']
[0.290s] Level 1:colcon.colcon_core.package_identification:_identify(wato_asd_training/docker/gazebo) by extension 'ros'
[0.290s] Level 1:colcon.colcon_core.package_identification:_identify(wato_asd_training/docker/gazebo) by extensions ['cmake', 'python']
[0.290s] Level 1:colcon.colcon_core.package_identification:_identify(wato_asd_training/docker/gazebo) by extension 'cmake'
[0.290s] Level 1:colcon.colcon_core.package_identification:_identify(wato_asd_training/docker/gazebo) by extension 'python'
[0.290s] Level 1:colcon.colcon_core.package_identification:_identify(wato_asd_training/docker/gazebo) by extensions ['python_setup_py']
[0.290s] Level 1:colcon.colcon_core.package_identification:_identify(wato_asd_training/docker/gazebo) by extension 'python_setup_py'
[0.290s] Level 1:colcon.colcon_core.package_identification:_identify(wato_asd_training/docker/robot) by extensions ['ignore', 'ignore_ament_install']
[0.290s] Level 1:colcon.colcon_core.package_identification:_identify(wato_asd_training/docker/robot) by extension 'ignore'
[0.290s] Level 1:colcon.colcon_core.package_identification:_identify(wato_asd_training/docker/robot) by extension 'ignore_ament_install'
[0.290s] Level 1:colcon.colcon_core.package_identification:_identify(wato_asd_training/docker/robot) by extensions ['colcon_pkg']
[0.290s] Level 1:colcon.colcon_core.package_identification:_identify(wato_asd_training/docker/robot) by extension 'colcon_pkg'
[0.290s] Level 1:colcon.colcon_core.package_identification:_identify(wato_asd_training/docker/robot) by extensions ['colcon_meta']
[0.290s] Level 1:colcon.colcon_core.package_identification:_identify(wato_asd_training/docker/robot) by extension 'colcon_meta'
[0.290s] Level 1:colcon.colcon_core.package_identification:_identify(wato_asd_training/docker/robot) by extensions ['ros']
[0.290s] Level 1:colcon.colcon_core.package_identification:_identify(wato_asd_training/docker/robot) by extension 'ros'
[0.290s] Level 1:colcon.colcon_core.package_identification:_identify(wato_asd_training/docker/robot) by extensions ['cmake', 'python']
[0.290s] Level 1:colcon.colcon_core.package_identification:_identify(wato_asd_training/docker/robot) by extension 'cmake'
[0.290s] Level 1:colcon.colcon_core.package_identification:_identify(wato_asd_training/docker/robot) by extension 'python'
[0.291s] Level 1:colcon.colcon_core.package_identification:_identify(wato_asd_training/docker/robot) by extensions ['python_setup_py']
[0.291s] Level 1:colcon.colcon_core.package_identification:_identify(wato_asd_training/docker/robot) by extension 'python_setup_py'
[0.291s] Level 1:colcon.colcon_core.package_identification:_identify(wato_asd_training/docker/samples) by extensions ['ignore', 'ignore_ament_install']
[0.291s] Level 1:colcon.colcon_core.package_identification:_identify(wato_asd_training/docker/samples) by extension 'ignore'
[0.291s] Level 1:colcon.colcon_core.package_identification:_identify(wato_asd_training/docker/samples) by extension 'ignore_ament_install'
[0.291s] Level 1:colcon.colcon_core.package_identification:_identify(wato_asd_training/docker/samples) by extensions ['colcon_pkg']
[0.291s] Level 1:colcon.colcon_core.package_identification:_identify(wato_asd_training/docker/samples) by extension 'colcon_pkg'
[0.291s] Level 1:colcon.colcon_core.package_identification:_identify(wato_asd_training/docker/samples) by extensions ['colcon_meta']
[0.291s] Level 1:colcon.colcon_core.package_identification:_identify(wato_asd_training/docker/samples) by extension 'colcon_meta'
[0.291s] Level 1:colcon.colcon_core.package_identification:_identify(wato_asd_training/docker/samples) by extensions ['ros']
[0.291s] Level 1:colcon.colcon_core.package_identification:_identify(wato_asd_training/docker/samples) by extension 'ros'
[0.291s] Level 1:colcon.colcon_core.package_identification:_identify(wato_asd_training/docker/samples) by extensions ['cmake', 'python']
[0.291s] Level 1:colcon.colcon_core.package_identification:_identify(wato_asd_training/docker/samples) by extension 'cmake'
[0.291s] Level 1:colcon.colcon_core.package_identification:_identify(wato_asd_training/docker/samples) by extension 'python'
[0.291s] Level 1:colcon.colcon_core.package_identification:_identify(wato_asd_training/docker/samples) by extensions ['python_setup_py']
[0.291s] Level 1:colcon.colcon_core.package_identification:_identify(wato_asd_training/docker/samples) by extension 'python_setup_py'
[0.291s] Level 1:colcon.colcon_core.package_identification:_identify(wato_asd_training/docker/vis_tools) by extensions ['ignore', 'ignore_ament_install']
[0.291s] Level 1:colcon.colcon_core.package_identification:_identify(wato_asd_training/docker/vis_tools) by extension 'ignore'
[0.291s] Level 1:colcon.colcon_core.package_identification:_identify(wato_asd_training/docker/vis_tools) by extension 'ignore_ament_install'
[0.291s] Level 1:colcon.colcon_core.package_identification:_identify(wato_asd_training/docker/vis_tools) by extensions ['colcon_pkg']
[0.291s] Level 1:colcon.colcon_core.package_identification:_identify(wato_asd_training/docker/vis_tools) by extension 'colcon_pkg'
[0.291s] Level 1:colcon.colcon_core.package_identification:_identify(wato_asd_training/docker/vis_tools) by extensions ['colcon_meta']
[0.291s] Level 1:colcon.colcon_core.package_identification:_identify(wato_asd_training/docker/vis_tools) by extension 'colcon_meta'
[0.291s] Level 1:colcon.colcon_core.package_identification:_identify(wato_asd_training/docker/vis_tools) by extensions ['ros']
[0.291s] Level 1:colcon.colcon_core.package_identification:_identify(wato_asd_training/docker/vis_tools) by extension 'ros'
[0.291s] Level 1:colcon.colcon_core.package_identification:_identify(wato_asd_training/docker/vis_tools) by extensions ['cmake', 'python']
[0.291s] Level 1:colcon.colcon_core.package_identification:_identify(wato_asd_training/docker/vis_tools) by extension 'cmake'
[0.291s] Level 1:colcon.colcon_core.package_identification:_identify(wato_asd_training/docker/vis_tools) by extension 'python'
[0.291s] Level 1:colcon.colcon_core.package_identification:_identify(wato_asd_training/docker/vis_tools) by extensions ['python_setup_py']
[0.291s] Level 1:colcon.colcon_core.package_identification:_identify(wato_asd_training/docker/vis_tools) by extension 'python_setup_py'
[0.291s] Level 1:colcon.colcon_core.package_identification:_identify(wato_asd_training/modules) by extensions ['ignore', 'ignore_ament_install']
[0.291s] Level 1:colcon.colcon_core.package_identification:_identify(wato_asd_training/modules) by extension 'ignore'
[0.291s] Level 1:colcon.colcon_core.package_identification:_identify(wato_asd_training/modules) by extension 'ignore_ament_install'
[0.291s] Level 1:colcon.colcon_core.package_identification:_identify(wato_asd_training/modules) by extensions ['colcon_pkg']
[0.291s] Level 1:colcon.colcon_core.package_identification:_identify(wato_asd_training/modules) by extension 'colcon_pkg'
[0.291s] Level 1:colcon.colcon_core.package_identification:_identify(wato_asd_training/modules) by extensions ['colcon_meta']
[0.291s] Level 1:colcon.colcon_core.package_identification:_identify(wato_asd_training/modules) by extension 'colcon_meta'
[0.291s] Level 1:colcon.colcon_core.package_identification:_identify(wato_asd_training/modules) by extensions ['ros']
[0.291s] Level 1:colcon.colcon_core.package_identification:_identify(wato_asd_training/modules) by extension 'ros'
[0.291s] Level 1:colcon.colcon_core.package_identification:_identify(wato_asd_training/modules) by extensions ['cmake', 'python']
[0.291s] Level 1:colcon.colcon_core.package_identification:_identify(wato_asd_training/modules) by extension 'cmake'
[0.291s] Level 1:colcon.colcon_core.package_identification:_identify(wato_asd_training/modules) by extension 'python'
[0.291s] Level 1:colcon.colcon_core.package_identification:_identify(wato_asd_training/modules) by extensions ['python_setup_py']
[0.291s] Level 1:colcon.colcon_core.package_identification:_identify(wato_asd_training/modules) by extension 'python_setup_py'
[0.291s] Level 1:colcon.colcon_core.package_identification:_identify(wato_asd_training/src) by extensions ['ignore', 'ignore_ament_install']
[0.291s] Level 1:colcon.colcon_core.package_identification:_identify(wato_asd_training/src) by extension 'ignore'
[0.291s] Level 1:colcon.colcon_core.package_identification:_identify(wato_asd_training/src) by extension 'ignore_ament_install'
[0.291s] Level 1:colcon.colcon_core.package_identification:_identify(wato_asd_training/src) by extensions ['colcon_pkg']
[0.292s] Level 1:colcon.colcon_core.package_identification:_identify(wato_asd_training/src) by extension 'colcon_pkg'
[0.292s] Level 1:colcon.colcon_core.package_identification:_identify(wato_asd_training/src) by extensions ['colcon_meta']
[0.292s] Level 1:colcon.colcon_core.package_identification:_identify(wato_asd_training/src) by extension 'colcon_meta'
[0.292s] Level 1:colcon.colcon_core.package_identification:_identify(wato_asd_training/src) by extensions ['ros']
[0.292s] Level 1:colcon.colcon_core.package_identification:_identify(wato_asd_training/src) by extension 'ros'
[0.292s] Level 1:colcon.colcon_core.package_identification:_identify(wato_asd_training/src) by extensions ['cmake', 'python']
[0.292s] Level 1:colcon.colcon_core.package_identification:_identify(wato_asd_training/src) by extension 'cmake'
[0.292s] Level 1:colcon.colcon_core.package_identification:_identify(wato_asd_training/src) by extension 'python'
[0.292s] Level 1:colcon.colcon_core.package_identification:_identify(wato_asd_training/src) by extensions ['python_setup_py']
[0.292s] Level 1:colcon.colcon_core.package_identification:_identify(wato_asd_training/src) by extension 'python_setup_py'
[0.292s] Level 1:colcon.colcon_core.package_identification:_identify(wato_asd_training/src/gazebo) by extensions ['ignore', 'ignore_ament_install']
[0.292s] Level 1:colcon.colcon_core.package_identification:_identify(wato_asd_training/src/gazebo) by extension 'ignore'
[0.292s] Level 1:colcon.colcon_core.package_identification:_identify(wato_asd_training/src/gazebo) by extension 'ignore_ament_install'
[0.292s] Level 1:colcon.colcon_core.package_identification:_identify(wato_asd_training/src/gazebo) by extensions ['colcon_pkg']
[0.292s] Level 1:colcon.colcon_core.package_identification:_identify(wato_asd_training/src/gazebo) by extension 'colcon_pkg'
[0.292s] Level 1:colcon.colcon_core.package_identification:_identify(wato_asd_training/src/gazebo) by extensions ['colcon_meta']
[0.292s] Level 1:colcon.colcon_core.package_identification:_identify(wato_asd_training/src/gazebo) by extension 'colcon_meta'
[0.292s] Level 1:colcon.colcon_core.package_identification:_identify(wato_asd_training/src/gazebo) by extensions ['ros']
[0.292s] Level 1:colcon.colcon_core.package_identification:_identify(wato_asd_training/src/gazebo) by extension 'ros'
[0.293s] DEBUG:colcon.colcon_core.package_identification:Package 'wato_asd_training/src/gazebo' with type 'ros.ament_cmake' and name 'gazebo'
[0.293s] Level 1:colcon.colcon_core.package_identification:_identify(wato_asd_training/src/robot) by extensions ['ignore', 'ignore_ament_install']
[0.293s] Level 1:colcon.colcon_core.package_identification:_identify(wato_asd_training/src/robot) by extension 'ignore'
[0.293s] Level 1:colcon.colcon_core.package_identification:_identify(wato_asd_training/src/robot) by extension 'ignore_ament_install'
[0.293s] Level 1:colcon.colcon_core.package_identification:_identify(wato_asd_training/src/robot) by extensions ['colcon_pkg']
[0.293s] Level 1:colcon.colcon_core.package_identification:_identify(wato_asd_training/src/robot) by extension 'colcon_pkg'
[0.293s] Level 1:colcon.colcon_core.package_identification:_identify(wato_asd_training/src/robot) by extensions ['colcon_meta']
[0.293s] Level 1:colcon.colcon_core.package_identification:_identify(wato_asd_training/src/robot) by extension 'colcon_meta'
[0.293s] Level 1:colcon.colcon_core.package_identification:_identify(wato_asd_training/src/robot) by extensions ['ros']
[0.293s] Level 1:colcon.colcon_core.package_identification:_identify(wato_asd_training/src/robot) by extension 'ros'
[0.293s] Level 1:colcon.colcon_core.package_identification:_identify(wato_asd_training/src/robot) by extensions ['cmake', 'python']
[0.294s] Level 1:colcon.colcon_core.package_identification:_identify(wato_asd_training/src/robot) by extension 'cmake'
[0.294s] Level 1:colcon.colcon_core.package_identification:_identify(wato_asd_training/src/robot) by extension 'python'
[0.294s] Level 1:colcon.colcon_core.package_identification:_identify(wato_asd_training/src/robot) by extensions ['python_setup_py']
[0.294s] Level 1:colcon.colcon_core.package_identification:_identify(wato_asd_training/src/robot) by extension 'python_setup_py'
[0.294s] Level 1:colcon.colcon_core.package_identification:_identify(wato_asd_training/src/robot/bringup_robot) by extensions ['ignore', 'ignore_ament_install']
[0.294s] Level 1:colcon.colcon_core.package_identification:_identify(wato_asd_training/src/robot/bringup_robot) by extension 'ignore'
[0.294s] Level 1:colcon.colcon_core.package_identification:_identify(wato_asd_training/src/robot/bringup_robot) by extension 'ignore_ament_install'
[0.294s] Level 1:colcon.colcon_core.package_identification:_identify(wato_asd_training/src/robot/bringup_robot) by extensions ['colcon_pkg']
[0.294s] Level 1:colcon.colcon_core.package_identification:_identify(wato_asd_training/src/robot/bringup_robot) by extension 'colcon_pkg'
[0.294s] Level 1:colcon.colcon_core.package_identification:_identify(wato_asd_training/src/robot/bringup_robot) by extensions ['colcon_meta']
[0.294s] Level 1:colcon.colcon_core.package_identification:_identify(wato_asd_training/src/robot/bringup_robot) by extension 'colcon_meta'
[0.294s] Level 1:colcon.colcon_core.package_identification:_identify(wato_asd_training/src/robot/bringup_robot) by extensions ['ros']
[0.294s] Level 1:colcon.colcon_core.package_identification:_identify(wato_asd_training/src/robot/bringup_robot) by extension 'ros'
[0.294s] DEBUG:colcon.colcon_core.package_identification:Package 'wato_asd_training/src/robot/bringup_robot' with type 'ros.ament_cmake' and name 'bringup_robot'
[0.294s] Level 1:colcon.colcon_core.package_identification:_identify(wato_asd_training/src/robot/control) by extensions ['ignore', 'ignore_ament_install']
[0.294s] Level 1:colcon.colcon_core.package_identification:_identify(wato_asd_training/src/robot/control) by extension 'ignore'
[0.294s] Level 1:colcon.colcon_core.package_identification:_identify(wato_asd_training/src/robot/control) by extension 'ignore_ament_install'
[0.294s] Level 1:colcon.colcon_core.package_identification:_identify(wato_asd_training/src/robot/control) by extensions ['colcon_pkg']
[0.294s] Level 1:colcon.colcon_core.package_identification:_identify(wato_asd_training/src/robot/control) by extension 'colcon_pkg'
[0.294s] Level 1:colcon.colcon_core.package_identification:_identify(wato_asd_training/src/robot/control) by extensions ['colcon_meta']
[0.294s] Level 1:colcon.colcon_core.package_identification:_identify(wato_asd_training/src/robot/control) by extension 'colcon_meta'
[0.294s] Level 1:colcon.colcon_core.package_identification:_identify(wato_asd_training/src/robot/control) by extensions ['ros']
[0.294s] Level 1:colcon.colcon_core.package_identification:_identify(wato_asd_training/src/robot/control) by extension 'ros'
[0.295s] DEBUG:colcon.colcon_core.package_identification:Package 'wato_asd_training/src/robot/control' with type 'ros.ament_cmake' and name 'control'
[0.295s] Level 1:colcon.colcon_core.package_identification:_identify(wato_asd_training/src/robot/costmap) by extensions ['ignore', 'ignore_ament_install']
[0.295s] Level 1:colcon.colcon_core.package_identification:_identify(wato_asd_training/src/robot/costmap) by extension 'ignore'
[0.295s] Level 1:colcon.colcon_core.package_identification:_identify(wato_asd_training/src/robot/costmap) by extension 'ignore_ament_install'
[0.295s] Level 1:colcon.colcon_core.package_identification:_identify(wato_asd_training/src/robot/costmap) by extensions ['colcon_pkg']
[0.295s] Level 1:colcon.colcon_core.package_identification:_identify(wato_asd_training/src/robot/costmap) by extension 'colcon_pkg'
[0.295s] Level 1:colcon.colcon_core.package_identification:_identify(wato_asd_training/src/robot/costmap) by extensions ['colcon_meta']
[0.295s] Level 1:colcon.colcon_core.package_identification:_identify(wato_asd_training/src/robot/costmap) by extension 'colcon_meta'
[0.295s] Level 1:colcon.colcon_core.package_identification:_identify(wato_asd_training/src/robot/costmap) by extensions ['ros']
[0.295s] Level 1:colcon.colcon_core.package_identification:_identify(wato_asd_training/src/robot/costmap) by extension 'ros'
[0.295s] DEBUG:colcon.colcon_core.package_identification:Package 'wato_asd_training/src/robot/costmap' with type 'ros.ament_cmake' and name 'costmap'
[0.295s] Level 1:colcon.colcon_core.package_identification:_identify(wato_asd_training/src/robot/map_memory) by extensions ['ignore', 'ignore_ament_install']
[0.295s] Level 1:colcon.colcon_core.package_identification:_identify(wato_asd_training/src/robot/map_memory) by extension 'ignore'
[0.295s] Level 1:colcon.colcon_core.package_identification:_identify(wato_asd_training/src/robot/map_memory) by extension 'ignore_ament_install'
[0.295s] Level 1:colcon.colcon_core.package_identification:_identify(wato_asd_training/src/robot/map_memory) by extensions ['colcon_pkg']
[0.295s] Level 1:colcon.colcon_core.package_identification:_identify(wato_asd_training/src/robot/map_memory) by extension 'colcon_pkg'
[0.295s] Level 1:colcon.colcon_core.package_identification:_identify(wato_asd_training/src/robot/map_memory) by extensions ['colcon_meta']
[0.295s] Level 1:colcon.colcon_core.package_identification:_identify(wato_asd_training/src/robot/map_memory) by extension 'colcon_meta'
[0.295s] Level 1:colcon.colcon_core.package_identification:_identify(wato_asd_training/src/robot/map_memory) by extensions ['ros']
[0.295s] Level 1:colcon.colcon_core.package_identification:_identify(wato_asd_training/src/robot/map_memory) by extension 'ros'
[0.296s] DEBUG:colcon.colcon_core.package_identification:Package 'wato_asd_training/src/robot/map_memory' with type 'ros.ament_cmake' and name 'map_memory'
[0.296s] Level 1:colcon.colcon_core.package_identification:_identify(wato_asd_training/src/robot/odometry_spoof) by extensions ['ignore', 'ignore_ament_install']
[0.296s] Level 1:colcon.colcon_core.package_identification:_identify(wato_asd_training/src/robot/odometry_spoof) by extension 'ignore'
[0.296s] Level 1:colcon.colcon_core.package_identification:_identify(wato_asd_training/src/robot/odometry_spoof) by extension 'ignore_ament_install'
[0.296s] Level 1:colcon.colcon_core.package_identification:_identify(wato_asd_training/src/robot/odometry_spoof) by extensions ['colcon_pkg']
[0.296s] Level 1:colcon.colcon_core.package_identification:_identify(wato_asd_training/src/robot/odometry_spoof) by extension 'colcon_pkg'
[0.296s] Level 1:colcon.colcon_core.package_identification:_identify(wato_asd_training/src/robot/odometry_spoof) by extensions ['colcon_meta']
[0.296s] Level 1:colcon.colcon_core.package_identification:_identify(wato_asd_training/src/robot/odometry_spoof) by extension 'colcon_meta'
[0.296s] Level 1:colcon.colcon_core.package_identification:_identify(wato_asd_training/src/robot/odometry_spoof) by extensions ['ros']
[0.296s] Level 1:colcon.colcon_core.package_identification:_identify(wato_asd_training/src/robot/odometry_spoof) by extension 'ros'
[0.296s] DEBUG:colcon.colcon_core.package_identification:Package 'wato_asd_training/src/robot/odometry_spoof' with type 'ros.ament_cmake' and name 'odometry_spoof'
[0.297s] Level 1:colcon.colcon_core.package_identification:_identify(wato_asd_training/src/robot/planner) by extensions ['ignore', 'ignore_ament_install']
[0.297s] Level 1:colcon.colcon_core.package_identification:_identify(wato_asd_training/src/robot/planner) by extension 'ignore'
[0.297s] Level 1:colcon.colcon_core.package_identification:_identify(wato_asd_training/src/robot/planner) by extension 'ignore_ament_install'
[0.297s] Level 1:colcon.colcon_core.package_identification:_identify(wato_asd_training/src/robot/planner) by extensions ['colcon_pkg']
[0.297s] Level 1:colcon.colcon_core.package_identification:_identify(wato_asd_training/src/robot/planner) by extension 'colcon_pkg'
[0.297s] Level 1:colcon.colcon_core.package_identification:_identify(wato_asd_training/src/robot/planner) by extensions ['colcon_meta']
[0.297s] Level 1:colcon.colcon_core.package_identification:_identify(wato_asd_training/src/robot/planner) by extension 'colcon_meta'
[0.297s] Level 1:colcon.colcon_core.package_identification:_identify(wato_asd_training/src/robot/planner) by extensions ['ros']
[0.297s] Level 1:colcon.colcon_core.package_identification:_identify(wato_asd_training/src/robot/planner) by extension 'ros'
[0.297s] DEBUG:colcon.colcon_core.package_identification:Package 'wato_asd_training/src/robot/planner' with type 'ros.ament_cmake' and name 'planner'
[0.298s] Level 1:colcon.colcon_core.package_identification:_identify(wato_asd_training/src/samples) by extensions ['ignore', 'ignore_ament_install']
[0.298s] Level 1:colcon.colcon_core.package_identification:_identify(wato_asd_training/src/samples) by extension 'ignore'
[0.298s] Level 1:colcon.colcon_core.package_identification:_identify(wato_asd_training/src/samples) by extension 'ignore_ament_install'
[0.298s] Level 1:colcon.colcon_core.package_identification:_identify(wato_asd_training/src/samples) by extensions ['colcon_pkg']
[0.298s] Level 1:colcon.colcon_core.package_identification:_identify(wato_asd_training/src/samples) by extension 'colcon_pkg'
[0.298s] Level 1:colcon.colcon_core.package_identification:_identify(wato_asd_training/src/samples) by extensions ['colcon_meta']
[0.298s] Level 1:colcon.colcon_core.package_identification:_identify(wato_asd_training/src/samples) by extension 'colcon_meta'
[0.298s] Level 1:colcon.colcon_core.package_identification:_identify(wato_asd_training/src/samples) by extensions ['ros']
[0.298s] Level 1:colcon.colcon_core.package_identification:_identify(wato_asd_training/src/samples) by extension 'ros'
[0.298s] Level 1:colcon.colcon_core.package_identification:_identify(wato_asd_training/src/samples) by extensions ['cmake', 'python']
[0.298s] Level 1:colcon.colcon_core.package_identification:_identify(wato_asd_training/src/samples) by extension 'cmake'
[0.298s] Level 1:colcon.colcon_core.package_identification:_identify(wato_asd_training/src/samples) by extension 'python'
[0.298s] Level 1:colcon.colcon_core.package_identification:_identify(wato_asd_training/src/samples) by extensions ['python_setup_py']
[0.298s] Level 1:colcon.colcon_core.package_identification:_identify(wato_asd_training/src/samples) by extension 'python_setup_py'
[0.298s] Level 1:colcon.colcon_core.package_identification:_identify(wato_asd_training/src/samples/cpp) by extensions ['ignore', 'ignore_ament_install']
[0.298s] Level 1:colcon.colcon_core.package_identification:_identify(wato_asd_training/src/samples/cpp) by extension 'ignore'
[0.298s] Level 1:colcon.colcon_core.package_identification:_identify(wato_asd_training/src/samples/cpp) by extension 'ignore_ament_install'
[0.298s] Level 1:colcon.colcon_core.package_identification:_identify(wato_asd_training/src/samples/cpp) by extensions ['colcon_pkg']
[0.298s] Level 1:colcon.colcon_core.package_identification:_identify(wato_asd_training/src/samples/cpp) by extension 'colcon_pkg'
[0.298s] Level 1:colcon.colcon_core.package_identification:_identify(wato_asd_training/src/samples/cpp) by extensions ['colcon_meta']
[0.298s] Level 1:colcon.colcon_core.package_identification:_identify(wato_asd_training/src/samples/cpp) by extension 'colcon_meta'
[0.298s] Level 1:colcon.colcon_core.package_identification:_identify(wato_asd_training/src/samples/cpp) by extensions ['ros']
[0.298s] Level 1:colcon.colcon_core.package_identification:_identify(wato_asd_training/src/samples/cpp) by extension 'ros'
[0.298s] Level 1:colcon.colcon_core.package_identification:_identify(wato_asd_training/src/samples/cpp) by extensions ['cmake', 'python']
[0.298s] Level 1:colcon.colcon_core.package_identification:_identify(wato_asd_training/src/samples/cpp) by extension 'cmake'
[0.298s] Level 1:colcon.colcon_core.package_identification:_identify(wato_asd_training/src/samples/cpp) by extension 'python'
[0.298s] Level 1:colcon.colcon_core.package_identification:_identify(wato_asd_training/src/samples/cpp) by extensions ['python_setup_py']
[0.298s] Level 1:colcon.colcon_core.package_identification:_identify(wato_asd_training/src/samples/cpp) by extension 'python_setup_py'
[0.298s] Level 1:colcon.colcon_core.package_identification:_identify(wato_asd_training/src/samples/cpp/aggregator) by extensions ['ignore', 'ignore_ament_install']
[0.298s] Level 1:colcon.colcon_core.package_identification:_identify(wato_asd_training/src/samples/cpp/aggregator) by extension 'ignore'
[0.298s] Level 1:colcon.colcon_core.package_identification:_identify(wato_asd_training/src/samples/cpp/aggregator) by extension 'ignore_ament_install'
[0.298s] Level 1:colcon.colcon_core.package_identification:_identify(wato_asd_training/src/samples/cpp/aggregator) by extensions ['colcon_pkg']
[0.298s] Level 1:colcon.colcon_core.package_identification:_identify(wato_asd_training/src/samples/cpp/aggregator) by extension 'colcon_pkg'
[0.298s] Level 1:colcon.colcon_core.package_identification:_identify(wato_asd_training/src/samples/cpp/aggregator) by extensions ['colcon_meta']
[0.298s] Level 1:colcon.colcon_core.package_identification:_identify(wato_asd_training/src/samples/cpp/aggregator) by extension 'colcon_meta'
[0.298s] Level 1:colcon.colcon_core.package_identification:_identify(wato_asd_training/src/samples/cpp/aggregator) by extensions ['ros']
[0.298s] Level 1:colcon.colcon_core.package_identification:_identify(wato_asd_training/src/samples/cpp/aggregator) by extension 'ros'
[0.299s] DEBUG:colcon.colcon_core.package_identification:Package 'wato_asd_training/src/samples/cpp/aggregator' with type 'ros.ament_cmake' and name 'aggregator'
[0.299s] Level 1:colcon.colcon_core.package_identification:_identify(wato_asd_training/src/samples/cpp/producer) by extensions ['ignore', 'ignore_ament_install']
[0.299s] Level 1:colcon.colcon_core.package_identification:_identify(wato_asd_training/src/samples/cpp/producer) by extension 'ignore'
[0.299s] Level 1:colcon.colcon_core.package_identification:_identify(wato_asd_training/src/samples/cpp/producer) by extension 'ignore_ament_install'
[0.299s] Level 1:colcon.colcon_core.package_identification:_identify(wato_asd_training/src/samples/cpp/producer) by extensions ['colcon_pkg']
[0.299s] Level 1:colcon.colcon_core.package_identification:_identify(wato_asd_training/src/samples/cpp/producer) by extension 'colcon_pkg'
[0.299s] Level 1:colcon.colcon_core.package_identification:_identify(wato_asd_training/src/samples/cpp/producer) by extensions ['colcon_meta']
[0.299s] Level 1:colcon.colcon_core.package_identification:_identify(wato_asd_training/src/samples/cpp/producer) by extension 'colcon_meta'
[0.299s] Level 1:colcon.colcon_core.package_identification:_identify(wato_asd_training/src/samples/cpp/producer) by extensions ['ros']
[0.299s] Level 1:colcon.colcon_core.package_identification:_identify(wato_asd_training/src/samples/cpp/producer) by extension 'ros'
[0.299s] DEBUG:colcon.colcon_core.package_identification:Package 'wato_asd_training/src/samples/cpp/producer' with type 'ros.ament_cmake' and name 'producer'
[0.300s] Level 1:colcon.colcon_core.package_identification:_identify(wato_asd_training/src/samples/cpp/transformer) by extensions ['ignore', 'ignore_ament_install']
[0.300s] Level 1:colcon.colcon_core.package_identification:_identify(wato_asd_training/src/samples/cpp/transformer) by extension 'ignore'
[0.301s] Level 1:colcon.colcon_core.package_identification:_identify(wato_asd_training/src/samples/cpp/transformer) by extension 'ignore_ament_install'
[0.301s] Level 1:colcon.colcon_core.package_identification:_identify(wato_asd_training/src/samples/cpp/transformer) by extensions ['colcon_pkg']
[0.301s] Level 1:colcon.colcon_core.package_identification:_identify(wato_asd_training/src/samples/cpp/transformer) by extension 'colcon_pkg'
[0.301s] Level 1:colcon.colcon_core.package_identification:_identify(wato_asd_training/src/samples/cpp/transformer) by extensions ['colcon_meta']
[0.301s] Level 1:colcon.colcon_core.package_identification:_identify(wato_asd_training/src/samples/cpp/transformer) by extension 'colcon_meta'
[0.301s] Level 1:colcon.colcon_core.package_identification:_identify(wato_asd_training/src/samples/cpp/transformer) by extensions ['ros']
[0.301s] Level 1:colcon.colcon_core.package_identification:_identify(wato_asd_training/src/samples/cpp/transformer) by extension 'ros'
[0.301s] DEBUG:colcon.colcon_core.package_identification:Package 'wato_asd_training/src/samples/cpp/transformer' with type 'ros.ament_cmake' and name 'transformer'
[0.301s] Level 1:colcon.colcon_core.package_identification:_identify(wato_asd_training/src/samples/python) by extensions ['ignore', 'ignore_ament_install']
[0.301s] Level 1:colcon.colcon_core.package_identification:_identify(wato_asd_training/src/samples/python) by extension 'ignore'
[0.301s] Level 1:colcon.colcon_core.package_identification:_identify(wato_asd_training/src/samples/python) by extension 'ignore_ament_install'
[0.301s] Level 1:colcon.colcon_core.package_identification:_identify(wato_asd_training/src/samples/python) by extensions ['colcon_pkg']
[0.301s] Level 1:colcon.colcon_core.package_identification:_identify(wato_asd_training/src/samples/python) by extension 'colcon_pkg'
[0.301s] Level 1:colcon.colcon_core.package_identification:_identify(wato_asd_training/src/samples/python) by extensions ['colcon_meta']
[0.301s] Level 1:colcon.colcon_core.package_identification:_identify(wato_asd_training/src/samples/python) by extension 'colcon_meta'
[0.301s] Level 1:colcon.colcon_core.package_identification:_identify(wato_asd_training/src/samples/python) by extensions ['ros']
[0.301s] Level 1:colcon.colcon_core.package_identification:_identify(wato_asd_training/src/samples/python) by extension 'ros'
[0.301s] Level 1:colcon.colcon_core.package_identification:_identify(wato_asd_training/src/samples/python) by extensions ['cmake', 'python']
[0.301s] Level 1:colcon.colcon_core.package_identification:_identify(wato_asd_training/src/samples/python) by extension 'cmake'
[0.301s] Level 1:colcon.colcon_core.package_identification:_identify(wato_asd_training/src/samples/python) by extension 'python'
[0.301s] Level 1:colcon.colcon_core.package_identification:_identify(wato_asd_training/src/samples/python) by extensions ['python_setup_py']
[0.301s] Level 1:colcon.colcon_core.package_identification:_identify(wato_asd_training/src/samples/python) by extension 'python_setup_py'
[0.301s] Level 1:colcon.colcon_core.package_identification:_identify(wato_asd_training/src/samples/python/aggregator) by extensions ['ignore', 'ignore_ament_install']
[0.301s] Level 1:colcon.colcon_core.package_identification:_identify(wato_asd_training/src/samples/python/aggregator) by extension 'ignore'
[0.301s] Level 1:colcon.colcon_core.package_identification:_identify(wato_asd_training/src/samples/python/aggregator) by extension 'ignore_ament_install'
[0.301s] Level 1:colcon.colcon_core.package_identification:_identify(wato_asd_training/src/samples/python/aggregator) by extensions ['colcon_pkg']
[0.301s] Level 1:colcon.colcon_core.package_identification:_identify(wato_asd_training/src/samples/python/aggregator) by extension 'colcon_pkg'
[0.302s] Level 1:colcon.colcon_core.package_identification:_identify(wato_asd_training/src/samples/python/aggregator) by extensions ['colcon_meta']
[0.302s] Level 1:colcon.colcon_core.package_identification:_identify(wato_asd_training/src/samples/python/aggregator) by extension 'colcon_meta'
[0.302s] Level 1:colcon.colcon_core.package_identification:_identify(wato_asd_training/src/samples/python/aggregator) by extensions ['ros']
[0.302s] Level 1:colcon.colcon_core.package_identification:_identify(wato_asd_training/src/samples/python/aggregator) by extension 'ros'
[0.302s] DEBUG:colcon.colcon_core.package_identification:Package 'wato_asd_training/src/samples/python/aggregator' with type 'ros.ament_python' and name 'aggregator'
[0.302s] Level 1:colcon.colcon_core.package_identification:_identify(wato_asd_training/src/samples/python/producer) by extensions ['ignore', 'ignore_ament_install']
[0.302s] Level 1:colcon.colcon_core.package_identification:_identify(wato_asd_training/src/samples/python/producer) by extension 'ignore'
[0.302s] Level 1:colcon.colcon_core.package_identification:_identify(wato_asd_training/src/samples/python/producer) by extension 'ignore_ament_install'
[0.302s] Level 1:colcon.colcon_core.package_identification:_identify(wato_asd_training/src/samples/python/producer) by extensions ['colcon_pkg']
[0.302s] Level 1:colcon.colcon_core.package_identification:_identify(wato_asd_training/src/samples/python/producer) by extension 'colcon_pkg'
[0.302s] Level 1:colcon.colcon_core.package_identification:_identify(wato_asd_training/src/samples/python/producer) by extensions ['colcon_meta']
[0.302s] Level 1:colcon.colcon_core.package_identification:_identify(wato_asd_training/src/samples/python/producer) by extension 'colcon_meta'
[0.303s] Level 1:colcon.colcon_core.package_identification:_identify(wato_asd_training/src/samples/python/producer) by extensions ['ros']
[0.303s] Level 1:colcon.colcon_core.package_identification:_identify(wato_asd_training/src/samples/python/producer) by extension 'ros'
[0.303s] DEBUG:colcon.colcon_core.package_identification:Package 'wato_asd_training/src/samples/python/producer' with type 'ros.ament_python' and name 'producer'
[0.303s] Level 1:colcon.colcon_core.package_identification:_identify(wato_asd_training/src/samples/python/transformer) by extensions ['ignore', 'ignore_ament_install']
[0.303s] Level 1:colcon.colcon_core.package_identification:_identify(wato_asd_training/src/samples/python/transformer) by extension 'ignore'
[0.303s] Level 1:colcon.colcon_core.package_identification:_identify(wato_asd_training/src/samples/python/transformer) by extension 'ignore_ament_install'
[0.303s] Level 1:colcon.colcon_core.package_identification:_identify(wato_asd_training/src/samples/python/transformer) by extensions ['colcon_pkg']
[0.303s] Level 1:colcon.colcon_core.package_identification:_identify(wato_asd_training/src/samples/python/transformer) by extension 'colcon_pkg'
[0.303s] Level 1:colcon.colcon_core.package_identification:_identify(wato_asd_training/src/samples/python/transformer) by extensions ['colcon_meta']
[0.303s] Level 1:colcon.colcon_core.package_identification:_identify(wato_asd_training/src/samples/python/transformer) by extension 'colcon_meta'
[0.303s] Level 1:colcon.colcon_core.package_identification:_identify(wato_asd_training/src/samples/python/transformer) by extensions ['ros']
[0.303s] Level 1:colcon.colcon_core.package_identification:_identify(wato_asd_training/src/samples/python/transformer) by extension 'ros'
[0.303s] DEBUG:colcon.colcon_core.package_identification:Package 'wato_asd_training/src/samples/python/transformer' with type 'ros.ament_python' and name 'transformer'
[0.304s] Level 1:colcon.colcon_core.package_identification:_identify(wato_asd_training/src/samples/sample_msgs) by extensions ['ignore', 'ignore_ament_install']
[0.304s] Level 1:colcon.colcon_core.package_identification:_identify(wato_asd_training/src/samples/sample_msgs) by extension 'ignore'
[0.304s] Level 1:colcon.colcon_core.package_identification:_identify(wato_asd_training/src/samples/sample_msgs) by extension 'ignore_ament_install'
[0.304s] Level 1:colcon.colcon_core.package_identification:_identify(wato_asd_training/src/samples/sample_msgs) by extensions ['colcon_pkg']
[0.304s] Level 1:colcon.colcon_core.package_identification:_identify(wato_asd_training/src/samples/sample_msgs) by extension 'colcon_pkg'
[0.304s] Level 1:colcon.colcon_core.package_identification:_identify(wato_asd_training/src/samples/sample_msgs) by extensions ['colcon_meta']
[0.304s] Level 1:colcon.colcon_core.package_identification:_identify(wato_asd_training/src/samples/sample_msgs) by extension 'colcon_meta'
[0.304s] Level 1:colcon.colcon_core.package_identification:_identify(wato_asd_training/src/samples/sample_msgs) by extensions ['ros']
[0.304s] Level 1:colcon.colcon_core.package_identification:_identify(wato_asd_training/src/samples/sample_msgs) by extension 'ros'
[0.304s] DEBUG:colcon.colcon_core.package_identification:Package 'wato_asd_training/src/samples/sample_msgs' with type 'ros.ament_cmake' and name 'sample_msgs'
[0.304s] Level 1:colcon.colcon_core.package_identification:_identify(wato_asd_training/src/wato_msgs) by extensions ['ignore', 'ignore_ament_install']
[0.304s] Level 1:colcon.colcon_core.package_identification:_identify(wato_asd_training/src/wato_msgs) by extension 'ignore'
[0.304s] Level 1:colcon.colcon_core.package_identification:_identify(wato_asd_training/src/wato_msgs) by extension 'ignore_ament_install'
[0.304s] Level 1:colcon.colcon_core.package_identification:_identify(wato_asd_training/src/wato_msgs) by extensions ['colcon_pkg']
[0.304s] Level 1:colcon.colcon_core.package_identification:_identify(wato_asd_training/src/wato_msgs) by extension 'colcon_pkg'
[0.304s] Level 1:colcon.colcon_core.package_identification:_identify(wato_asd_training/src/wato_msgs) by extensions ['colcon_meta']
[0.304s] Level 1:colcon.colcon_core.package_identification:_identify(wato_asd_training/src/wato_msgs) by extension 'colcon_meta'
[0.304s] Level 1:colcon.colcon_core.package_identification:_identify(wato_asd_training/src/wato_msgs) by extensions ['ros']
[0.304s] Level 1:colcon.colcon_core.package_identification:_identify(wato_asd_training/src/wato_msgs) by extension 'ros'
[0.304s] Level 1:colcon.colcon_core.package_identification:_identify(wato_asd_training/src/wato_msgs) by extensions ['cmake', 'python']
[0.304s] Level 1:colcon.colcon_core.package_identification:_identify(wato_asd_training/src/wato_msgs) by extension 'cmake'
[0.304s] Level 1:colcon.colcon_core.package_identification:_identify(wato_asd_training/src/wato_msgs) by extension 'python'
[0.304s] Level 1:colcon.colcon_core.package_identification:_identify(wato_asd_training/src/wato_msgs) by extensions ['python_setup_py']
[0.304s] Level 1:colcon.colcon_core.package_identification:_identify(wato_asd_training/src/wato_msgs) by extension 'python_setup_py'
[0.304s] Level 1:colcon.colcon_core.package_identification:_identify(wato_asd_training/src/wato_msgs/sample_msgs) by extensions ['ignore', 'ignore_ament_install']
[0.304s] Level 1:colcon.colcon_core.package_identification:_identify(wato_asd_training/src/wato_msgs/sample_msgs) by extension 'ignore'
[0.304s] Level 1:colcon.colcon_core.package_identification:_identify(wato_asd_training/src/wato_msgs/sample_msgs) by extension 'ignore_ament_install'
[0.304s] Level 1:colcon.colcon_core.package_identification:_identify(wato_asd_training/src/wato_msgs/sample_msgs) by extensions ['colcon_pkg']
[0.304s] Level 1:colcon.colcon_core.package_identification:_identify(wato_asd_training/src/wato_msgs/sample_msgs) by extension 'colcon_pkg'
[0.304s] Level 1:colcon.colcon_core.package_identification:_identify(wato_asd_training/src/wato_msgs/sample_msgs) by extensions ['colcon_meta']
[0.304s] Level 1:colcon.colcon_core.package_identification:_identify(wato_asd_training/src/wato_msgs/sample_msgs) by extension 'colcon_meta'
[0.304s] Level 1:colcon.colcon_core.package_identification:_identify(wato_asd_training/src/wato_msgs/sample_msgs) by extensions ['ros']
[0.304s] Level 1:colcon.colcon_core.package_identification:_identify(wato_asd_training/src/wato_msgs/sample_msgs) by extension 'ros'
[0.305s] DEBUG:colcon.colcon_core.package_identification:Package 'wato_asd_training/src/wato_msgs/sample_msgs' with type 'ros.ament_cmake' and name 'sample_msgs'
[0.305s] Level 1:colcon.colcon_core.package_identification:_identify(wato_asd_training/watod_scripts) by extensions ['ignore', 'ignore_ament_install']
[0.305s] Level 1:colcon.colcon_core.package_identification:_identify(wato_asd_training/watod_scripts) by extension 'ignore'
[0.305s] Level 1:colcon.colcon_core.package_identification:_identify(wato_asd_training/watod_scripts) by extension 'ignore_ament_install'
[0.305s] Level 1:colcon.colcon_core.package_identification:_identify(wato_asd_training/watod_scripts) by extensions ['colcon_pkg']
[0.305s] Level 1:colcon.colcon_core.package_identification:_identify(wato_asd_training/watod_scripts) by extension 'colcon_pkg'
[0.305s] Level 1:colcon.colcon_core.package_identification:_identify(wato_asd_training/watod_scripts) by extensions ['colcon_meta']
[0.305s] Level 1:colcon.colcon_core.package_identification:_identify(wato_asd_training/watod_scripts) by extension 'colcon_meta'
[0.305s] Level 1:colcon.colcon_core.package_identification:_identify(wato_asd_training/watod_scripts) by extensions ['ros']
[0.305s] Level 1:colcon.colcon_core.package_identification:_identify(wato_asd_training/watod_scripts) by extension 'ros'
[0.305s] Level 1:colcon.colcon_core.package_identification:_identify(wato_asd_training/watod_scripts) by extensions ['cmake', 'python']
[0.305s] Level 1:colcon.colcon_core.package_identification:_identify(wato_asd_training/watod_scripts) by extension 'cmake'
[0.305s] Level 1:colcon.colcon_core.package_identification:_identify(wato_asd_training/watod_scripts) by extension 'python'
[0.305s] Level 1:colcon.colcon_core.package_identification:_identify(wato_asd_training/watod_scripts) by extensions ['python_setup_py']
[0.305s] Level 1:colcon.colcon_core.package_identification:_identify(wato_asd_training/watod_scripts) by extension 'python_setup_py'
[0.305s] Level 1:colcon.colcon_core.package_identification:_identify(watod_scripts) by extensions ['ignore', 'ignore_ament_install']
[0.305s] Level 1:colcon.colcon_core.package_identification:_identify(watod_scripts) by extension 'ignore'
[0.305s] Level 1:colcon.colcon_core.package_identification:_identify(watod_scripts) by extension 'ignore_ament_install'
[0.305s] Level 1:colcon.colcon_core.package_identification:_identify(watod_scripts) by extensions ['colcon_pkg']
[0.305s] Level 1:colcon.colcon_core.package_identification:_identify(watod_scripts) by extension 'colcon_pkg'
[0.305s] Level 1:colcon.colcon_core.package_identification:_identify(watod_scripts) by extensions ['colcon_meta']
[0.305s] Level 1:colcon.colcon_core.package_identification:_identify(watod_scripts) by extension 'colcon_meta'
[0.305s] Level 1:colcon.colcon_core.package_identification:_identify(watod_scripts) by extensions ['ros']
[0.305s] Level 1:colcon.colcon_core.package_identification:_identify(watod_scripts) by extension 'ros'
[0.305s] Level 1:colcon.colcon_core.package_identification:_identify(watod_scripts) by extensions ['cmake', 'python']
[0.305s] Level 1:colcon.colcon_core.package_identification:_identify(watod_scripts) by extension 'cmake'
[0.305s] Level 1:colcon.colcon_core.package_identification:_identify(watod_scripts) by extension 'python'
[0.305s] Level 1:colcon.colcon_core.package_identification:_identify(watod_scripts) by extensions ['python_setup_py']
[0.305s] Level 1:colcon.colcon_core.package_identification:_identify(watod_scripts) by extension 'python_setup_py'
[0.305s] Level 1:colcon.colcon_core.package_discovery:discover_packages(recursive) using defaults
[0.305s] Level 1:colcon.colcon_core.package_discovery:discover_packages(ignore) discover
[0.305s] Level 1:colcon.colcon_core.package_discovery:discover_packages(ignore) using defaults
[0.305s] Level 1:colcon.colcon_core.package_discovery:discover_packages(path) discover
[0.305s] Level 1:colcon.colcon_core.package_discovery:discover_packages(path) using defaults
[0.339s] ERROR:colcon:colcon build: Duplicate package names not supported:
- aggregator:
  - src/samples/cpp/aggregator
  - src/samples/python/aggregator
  - wato_asd_training/src/samples/cpp/aggregator
  - wato_asd_training/src/samples/python/aggregator
- bringup_robot:
  - src/robot/bringup_robot
  - wato_asd_training/src/robot/bringup_robot
- control:
  - src/robot/control
  - wato_asd_training/src/robot/control
- costmap:
  - src/robot/costmap
  - wato_asd_training/src/robot/costmap
- gazebo:
  - src/gazebo
  - wato_asd_training/src/gazebo
- map_memory:
  - src/robot/map_memory
  - wato_asd_training/src/robot/map_memory
- odometry_spoof:
  - src/robot/odometry_spoof
  - wato_asd_training/src/robot/odometry_spoof
- planner:
  - src/robot/planner
  - wato_asd_training/src/robot/planner
- producer:
  - src/samples/cpp/producer
  - src/samples/python/producer
  - wato_asd_training/src/samples/cpp/producer
  - wato_asd_training/src/samples/python/producer
- sample_msgs:
  - src/samples/sample_msgs
  - src/wato_msgs/sample_msgs
  - wato_asd_training/src/samples/sample_msgs
  - wato_asd_training/src/wato_msgs/sample_msgs
- transformer:
  - src/samples/cpp/transformer
  - src/samples/python/transformer
  - wato_asd_training/src/samples/cpp/transformer
  - wato_asd_training/src/samples/python/transformer
