[0.956s] DEBUG:colcon:Command line arguments: ['/Library/Frameworks/Python.framework/Versions/3.11/bin/colcon', 'build', '--packages-select', 'costmap', '--cmake-clean-cache']
[0.956s] DEBUG:colcon:Parsed command line arguments: Namespace(log_base=None, log_level=None, verb_name='build', build_base='build', install_base='install', merge_install=False, symlink_install=False, test_result_base=None, continue_on_error=False, executor='parallel', parallel_workers=8, event_handlers=None, ignore_user_meta=False, metas=['./colcon.meta'], base_paths=['.'], packages_ignore=None, packages_ignore_regex=None, paths=None, packages_up_to=None, packages_up_to_regex=None, packages_above=None, packages_above_and_dependencies=None, packages_above_depth=None, packages_select_by_dep=None, packages_skip_by_dep=None, packages_skip_up_to=None, packages_select_build_failed=False, packages_skip_build_finished=False, packages_select_test_failures=False, packages_skip_test_passed=False, packages_select=['costmap'], packages_skip=None, packages_select_regex=None, packages_skip_regex=None, packages_start=None, packages_end=None, cmake_args=None, cmake_target=None, cmake_target_skip_unavailable=False, cmake_clean_cache=True, cmake_clean_first=False, cmake_force_configure=False, ament_cmake_args=None, catkin_cmake_args=None, catkin_skip_building_tests=False, verb_parser=<colcon_defaults.argument_parser.defaults.DefaultArgumentsDecorator object at 0x1034aa2d0>, verb_extension=<colcon_core.verb.build.BuildVerb object at 0x1034a9a10>, main=<bound method BuildVerb.main of <colcon_core.verb.build.BuildVerb object at 0x1034a9a10>>)
[1.261s] Level 1:colcon.colcon_core.package_discovery:discover_packages(colcon_meta) check parameters
[1.261s] Level 1:colcon.colcon_core.package_discovery:discover_packages(recursive) check parameters
[1.261s] Level 1:colcon.colcon_core.package_discovery:discover_packages(ignore) check parameters
[1.261s] Level 1:colcon.colcon_core.package_discovery:discover_packages(path) check parameters
[1.261s] Level 1:colcon.colcon_core.package_discovery:discover_packages(colcon_meta) discover
[1.261s] Level 1:colcon.colcon_core.package_discovery:discover_packages(recursive) discover
[1.261s] INFO:colcon.colcon_core.package_discovery:Crawling recursively for packages in '/Users/saniashah/wato_asd_training'
[1.261s] Level 1:colcon.colcon_core.package_identification:_identify(.) by extensions ['ignore', 'ignore_ament_install']
[1.261s] Level 1:colcon.colcon_core.package_identification:_identify(.) by extension 'ignore'
[1.261s] Level 1:colcon.colcon_core.package_identification:_identify(.) by extension 'ignore_ament_install'
[1.261s] Level 1:colcon.colcon_core.package_identification:_identify(.) by extensions ['colcon_pkg']
[1.261s] Level 1:colcon.colcon_core.package_identification:_identify(.) by extension 'colcon_pkg'
[1.261s] Level 1:colcon.colcon_core.package_identification:_identify(.) by extensions ['colcon_meta']
[1.261s] Level 1:colcon.colcon_core.package_identification:_identify(.) by extension 'colcon_meta'
[1.262s] Level 1:colcon.colcon_core.package_identification:_identify(.) by extensions ['ros']
[1.262s] Level 1:colcon.colcon_core.package_identification:_identify(.) by extension 'ros'
[1.286s] Level 1:colcon.colcon_core.package_identification:_identify(.) by extensions ['cmake', 'python']
[1.286s] Level 1:colcon.colcon_core.package_identification:_identify(.) by extension 'cmake'
[1.286s] Level 1:colcon.colcon_core.package_identification:_identify(.) by extension 'python'
[1.286s] Level 1:colcon.colcon_core.package_identification:_identify(.) by extensions ['python_setup_py']
[1.286s] Level 1:colcon.colcon_core.package_identification:_identify(.) by extension 'python_setup_py'
[1.286s] Level 1:colcon.colcon_core.package_identification:_identify(build) by extensions ['ignore', 'ignore_ament_install']
[1.286s] Level 1:colcon.colcon_core.package_identification:_identify(build) by extension 'ignore'
[1.286s] Level 1:colcon.colcon_core.package_identification:_identify(build) ignored
[1.286s] Level 1:colcon.colcon_core.package_identification:_identify(config) by extensions ['ignore', 'ignore_ament_install']
[1.286s] Level 1:colcon.colcon_core.package_identification:_identify(config) by extension 'ignore'
[1.286s] Level 1:colcon.colcon_core.package_identification:_identify(config) by extension 'ignore_ament_install'
[1.286s] Level 1:colcon.colcon_core.package_identification:_identify(config) by extensions ['colcon_pkg']
[1.286s] Level 1:colcon.colcon_core.package_identification:_identify(config) by extension 'colcon_pkg'
[1.287s] Level 1:colcon.colcon_core.package_identification:_identify(config) by extensions ['colcon_meta']
[1.287s] Level 1:colcon.colcon_core.package_identification:_identify(config) by extension 'colcon_meta'
[1.287s] Level 1:colcon.colcon_core.package_identification:_identify(config) by extensions ['ros']
[1.287s] Level 1:colcon.colcon_core.package_identification:_identify(config) by extension 'ros'
[1.287s] Level 1:colcon.colcon_core.package_identification:_identify(config) by extensions ['cmake', 'python']
[1.287s] Level 1:colcon.colcon_core.package_identification:_identify(config) by extension 'cmake'
[1.287s] Level 1:colcon.colcon_core.package_identification:_identify(config) by extension 'python'
[1.287s] Level 1:colcon.colcon_core.package_identification:_identify(config) by extensions ['python_setup_py']
[1.287s] Level 1:colcon.colcon_core.package_identification:_identify(config) by extension 'python_setup_py'
[1.287s] Level 1:colcon.colcon_core.package_identification:_identify(docker) by extensions ['ignore', 'ignore_ament_install']
[1.287s] Level 1:colcon.colcon_core.package_identification:_identify(docker) by extension 'ignore'
[1.287s] Level 1:colcon.colcon_core.package_identification:_identify(docker) by extension 'ignore_ament_install'
[1.287s] Level 1:colcon.colcon_core.package_identification:_identify(docker) by extensions ['colcon_pkg']
[1.287s] Level 1:colcon.colcon_core.package_identification:_identify(docker) by extension 'colcon_pkg'
[1.287s] Level 1:colcon.colcon_core.package_identification:_identify(docker) by extensions ['colcon_meta']
[1.287s] Level 1:colcon.colcon_core.package_identification:_identify(docker) by extension 'colcon_meta'
[1.287s] Level 1:colcon.colcon_core.package_identification:_identify(docker) by extensions ['ros']
[1.287s] Level 1:colcon.colcon_core.package_identification:_identify(docker) by extension 'ros'
[1.287s] Level 1:colcon.colcon_core.package_identification:_identify(docker) by extensions ['cmake', 'python']
[1.287s] Level 1:colcon.colcon_core.package_identification:_identify(docker) by extension 'cmake'
[1.287s] Level 1:colcon.colcon_core.package_identification:_identify(docker) by extension 'python'
[1.287s] Level 1:colcon.colcon_core.package_identification:_identify(docker) by extensions ['python_setup_py']
[1.287s] Level 1:colcon.colcon_core.package_identification:_identify(docker) by extension 'python_setup_py'
[1.287s] Level 1:colcon.colcon_core.package_identification:_identify(docker/gazebo) by extensions ['ignore', 'ignore_ament_install']
[1.287s] Level 1:colcon.colcon_core.package_identification:_identify(docker/gazebo) by extension 'ignore'
[1.287s] Level 1:colcon.colcon_core.package_identification:_identify(docker/gazebo) by extension 'ignore_ament_install'
[1.287s] Level 1:colcon.colcon_core.package_identification:_identify(docker/gazebo) by extensions ['colcon_pkg']
[1.287s] Level 1:colcon.colcon_core.package_identification:_identify(docker/gazebo) by extension 'colcon_pkg'
[1.287s] Level 1:colcon.colcon_core.package_identification:_identify(docker/gazebo) by extensions ['colcon_meta']
[1.287s] Level 1:colcon.colcon_core.package_identification:_identify(docker/gazebo) by extension 'colcon_meta'
[1.287s] Level 1:colcon.colcon_core.package_identification:_identify(docker/gazebo) by extensions ['ros']
[1.287s] Level 1:colcon.colcon_core.package_identification:_identify(docker/gazebo) by extension 'ros'
[1.287s] Level 1:colcon.colcon_core.package_identification:_identify(docker/gazebo) by extensions ['cmake', 'python']
[1.287s] Level 1:colcon.colcon_core.package_identification:_identify(docker/gazebo) by extension 'cmake'
[1.287s] Level 1:colcon.colcon_core.package_identification:_identify(docker/gazebo) by extension 'python'
[1.287s] Level 1:colcon.colcon_core.package_identification:_identify(docker/gazebo) by extensions ['python_setup_py']
[1.287s] Level 1:colcon.colcon_core.package_identification:_identify(docker/gazebo) by extension 'python_setup_py'
[1.287s] Level 1:colcon.colcon_core.package_identification:_identify(docker/robot) by extensions ['ignore', 'ignore_ament_install']
[1.287s] Level 1:colcon.colcon_core.package_identification:_identify(docker/robot) by extension 'ignore'
[1.287s] Level 1:colcon.colcon_core.package_identification:_identify(docker/robot) by extension 'ignore_ament_install'
[1.287s] Level 1:colcon.colcon_core.package_identification:_identify(docker/robot) by extensions ['colcon_pkg']
[1.287s] Level 1:colcon.colcon_core.package_identification:_identify(docker/robot) by extension 'colcon_pkg'
[1.287s] Level 1:colcon.colcon_core.package_identification:_identify(docker/robot) by extensions ['colcon_meta']
[1.287s] Level 1:colcon.colcon_core.package_identification:_identify(docker/robot) by extension 'colcon_meta'
[1.287s] Level 1:colcon.colcon_core.package_identification:_identify(docker/robot) by extensions ['ros']
[1.287s] Level 1:colcon.colcon_core.package_identification:_identify(docker/robot) by extension 'ros'
[1.287s] Level 1:colcon.colcon_core.package_identification:_identify(docker/robot) by extensions ['cmake', 'python']
[1.287s] Level 1:colcon.colcon_core.package_identification:_identify(docker/robot) by extension 'cmake'
[1.287s] Level 1:colcon.colcon_core.package_identification:_identify(docker/robot) by extension 'python'
[1.287s] Level 1:colcon.colcon_core.package_identification:_identify(docker/robot) by extensions ['python_setup_py']
[1.287s] Level 1:colcon.colcon_core.package_identification:_identify(docker/robot) by extension 'python_setup_py'
[1.287s] Level 1:colcon.colcon_core.package_identification:_identify(docker/samples) by extensions ['ignore', 'ignore_ament_install']
[1.287s] Level 1:colcon.colcon_core.package_identification:_identify(docker/samples) by extension 'ignore'
[1.287s] Level 1:colcon.colcon_core.package_identification:_identify(docker/samples) by extension 'ignore_ament_install'
[1.287s] Level 1:colcon.colcon_core.package_identification:_identify(docker/samples) by extensions ['colcon_pkg']
[1.287s] Level 1:colcon.colcon_core.package_identification:_identify(docker/samples) by extension 'colcon_pkg'
[1.288s] Level 1:colcon.colcon_core.package_identification:_identify(docker/samples) by extensions ['colcon_meta']
[1.288s] Level 1:colcon.colcon_core.package_identification:_identify(docker/samples) by extension 'colcon_meta'
[1.288s] Level 1:colcon.colcon_core.package_identification:_identify(docker/samples) by extensions ['ros']
[1.288s] Level 1:colcon.colcon_core.package_identification:_identify(docker/samples) by extension 'ros'
[1.288s] Level 1:colcon.colcon_core.package_identification:_identify(docker/samples) by extensions ['cmake', 'python']
[1.288s] Level 1:colcon.colcon_core.package_identification:_identify(docker/samples) by extension 'cmake'
[1.288s] Level 1:colcon.colcon_core.package_identification:_identify(docker/samples) by extension 'python'
[1.288s] Level 1:colcon.colcon_core.package_identification:_identify(docker/samples) by extensions ['python_setup_py']
[1.288s] Level 1:colcon.colcon_core.package_identification:_identify(docker/samples) by extension 'python_setup_py'
[1.288s] Level 1:colcon.colcon_core.package_identification:_identify(docker/vis_tools) by extensions ['ignore', 'ignore_ament_install']
[1.288s] Level 1:colcon.colcon_core.package_identification:_identify(docker/vis_tools) by extension 'ignore'
[1.288s] Level 1:colcon.colcon_core.package_identification:_identify(docker/vis_tools) by extension 'ignore_ament_install'
[1.288s] Level 1:colcon.colcon_core.package_identification:_identify(docker/vis_tools) by extensions ['colcon_pkg']
[1.288s] Level 1:colcon.colcon_core.package_identification:_identify(docker/vis_tools) by extension 'colcon_pkg'
[1.288s] Level 1:colcon.colcon_core.package_identification:_identify(docker/vis_tools) by extensions ['colcon_meta']
[1.288s] Level 1:colcon.colcon_core.package_identification:_identify(docker/vis_tools) by extension 'colcon_meta'
[1.288s] Level 1:colcon.colcon_core.package_identification:_identify(docker/vis_tools) by extensions ['ros']
[1.288s] Level 1:colcon.colcon_core.package_identification:_identify(docker/vis_tools) by extension 'ros'
[1.288s] Level 1:colcon.colcon_core.package_identification:_identify(docker/vis_tools) by extensions ['cmake', 'python']
[1.288s] Level 1:colcon.colcon_core.package_identification:_identify(docker/vis_tools) by extension 'cmake'
[1.288s] Level 1:colcon.colcon_core.package_identification:_identify(docker/vis_tools) by extension 'python'
[1.288s] Level 1:colcon.colcon_core.package_identification:_identify(docker/vis_tools) by extensions ['python_setup_py']
[1.288s] Level 1:colcon.colcon_core.package_identification:_identify(docker/vis_tools) by extension 'python_setup_py'
[1.288s] Level 1:colcon.colcon_core.package_identification:_identify(install) by extensions ['ignore', 'ignore_ament_install']
[1.288s] Level 1:colcon.colcon_core.package_identification:_identify(install) by extension 'ignore'
[1.288s] Level 1:colcon.colcon_core.package_identification:_identify(install) ignored
[1.288s] Level 1:colcon.colcon_core.package_identification:_identify(log) by extensions ['ignore', 'ignore_ament_install']
[1.288s] Level 1:colcon.colcon_core.package_identification:_identify(log) by extension 'ignore'
[1.288s] Level 1:colcon.colcon_core.package_identification:_identify(log) ignored
[1.288s] Level 1:colcon.colcon_core.package_identification:_identify(modules) by extensions ['ignore', 'ignore_ament_install']
[1.288s] Level 1:colcon.colcon_core.package_identification:_identify(modules) by extension 'ignore'
[1.288s] Level 1:colcon.colcon_core.package_identification:_identify(modules) by extension 'ignore_ament_install'
[1.288s] Level 1:colcon.colcon_core.package_identification:_identify(modules) by extensions ['colcon_pkg']
[1.288s] Level 1:colcon.colcon_core.package_identification:_identify(modules) by extension 'colcon_pkg'
[1.288s] Level 1:colcon.colcon_core.package_identification:_identify(modules) by extensions ['colcon_meta']
[1.288s] Level 1:colcon.colcon_core.package_identification:_identify(modules) by extension 'colcon_meta'
[1.288s] Level 1:colcon.colcon_core.package_identification:_identify(modules) by extensions ['ros']
[1.288s] Level 1:colcon.colcon_core.package_identification:_identify(modules) by extension 'ros'
[1.288s] Level 1:colcon.colcon_core.package_identification:_identify(modules) by extensions ['cmake', 'python']
[1.288s] Level 1:colcon.colcon_core.package_identification:_identify(modules) by extension 'cmake'
[1.288s] Level 1:colcon.colcon_core.package_identification:_identify(modules) by extension 'python'
[1.288s] Level 1:colcon.colcon_core.package_identification:_identify(modules) by extensions ['python_setup_py']
[1.288s] Level 1:colcon.colcon_core.package_identification:_identify(modules) by extension 'python_setup_py'
[1.288s] Level 1:colcon.colcon_core.package_identification:_identify(src) by extensions ['ignore', 'ignore_ament_install']
[1.288s] Level 1:colcon.colcon_core.package_identification:_identify(src) by extension 'ignore'
[1.288s] Level 1:colcon.colcon_core.package_identification:_identify(src) by extension 'ignore_ament_install'
[1.288s] Level 1:colcon.colcon_core.package_identification:_identify(src) by extensions ['colcon_pkg']
[1.288s] Level 1:colcon.colcon_core.package_identification:_identify(src) by extension 'colcon_pkg'
[1.288s] Level 1:colcon.colcon_core.package_identification:_identify(src) by extensions ['colcon_meta']
[1.288s] Level 1:colcon.colcon_core.package_identification:_identify(src) by extension 'colcon_meta'
[1.288s] Level 1:colcon.colcon_core.package_identification:_identify(src) by extensions ['ros']
[1.288s] Level 1:colcon.colcon_core.package_identification:_identify(src) by extension 'ros'
[1.288s] Level 1:colcon.colcon_core.package_identification:_identify(src) by extensions ['cmake', 'python']
[1.288s] Level 1:colcon.colcon_core.package_identification:_identify(src) by extension 'cmake'
[1.288s] Level 1:colcon.colcon_core.package_identification:_identify(src) by extension 'python'
[1.288s] Level 1:colcon.colcon_core.package_identification:_identify(src) by extensions ['python_setup_py']
[1.288s] Level 1:colcon.colcon_core.package_identification:_identify(src) by extension 'python_setup_py'
[1.289s] Level 1:colcon.colcon_core.package_identification:_identify(src/gazebo) by extensions ['ignore', 'ignore_ament_install']
[1.289s] Level 1:colcon.colcon_core.package_identification:_identify(src/gazebo) by extension 'ignore'
[1.289s] Level 1:colcon.colcon_core.package_identification:_identify(src/gazebo) by extension 'ignore_ament_install'
[1.289s] Level 1:colcon.colcon_core.package_identification:_identify(src/gazebo) by extensions ['colcon_pkg']
[1.289s] Level 1:colcon.colcon_core.package_identification:_identify(src/gazebo) by extension 'colcon_pkg'
[1.289s] Level 1:colcon.colcon_core.package_identification:_identify(src/gazebo) by extensions ['colcon_meta']
[1.289s] Level 1:colcon.colcon_core.package_identification:_identify(src/gazebo) by extension 'colcon_meta'
[1.289s] Level 1:colcon.colcon_core.package_identification:_identify(src/gazebo) by extensions ['ros']
[1.289s] Level 1:colcon.colcon_core.package_identification:_identify(src/gazebo) by extension 'ros'
[1.290s] DEBUG:colcon.colcon_core.package_identification:Package 'src/gazebo' with type 'ros.ament_cmake' and name 'gazebo'
[1.290s] Level 1:colcon.colcon_core.package_identification:_identify(src/robot) by extensions ['ignore', 'ignore_ament_install']
[1.290s] Level 1:colcon.colcon_core.package_identification:_identify(src/robot) by extension 'ignore'
[1.290s] Level 1:colcon.colcon_core.package_identification:_identify(src/robot) by extension 'ignore_ament_install'
[1.290s] Level 1:colcon.colcon_core.package_identification:_identify(src/robot) by extensions ['colcon_pkg']
[1.290s] Level 1:colcon.colcon_core.package_identification:_identify(src/robot) by extension 'colcon_pkg'
[1.290s] Level 1:colcon.colcon_core.package_identification:_identify(src/robot) by extensions ['colcon_meta']
[1.290s] Level 1:colcon.colcon_core.package_identification:_identify(src/robot) by extension 'colcon_meta'
[1.290s] Level 1:colcon.colcon_core.package_identification:_identify(src/robot) by extensions ['ros']
[1.290s] Level 1:colcon.colcon_core.package_identification:_identify(src/robot) by extension 'ros'
[1.290s] Level 1:colcon.colcon_core.package_identification:_identify(src/robot) by extensions ['cmake', 'python']
[1.290s] Level 1:colcon.colcon_core.package_identification:_identify(src/robot) by extension 'cmake'
[1.290s] Level 1:colcon.colcon_core.package_identification:_identify(src/robot) by extension 'python'
[1.291s] Level 1:colcon.colcon_core.package_identification:_identify(src/robot) by extensions ['python_setup_py']
[1.291s] Level 1:colcon.colcon_core.package_identification:_identify(src/robot) by extension 'python_setup_py'
[1.291s] Level 1:colcon.colcon_core.package_identification:_identify(src/robot/bringup_robot) by extensions ['ignore', 'ignore_ament_install']
[1.291s] Level 1:colcon.colcon_core.package_identification:_identify(src/robot/bringup_robot) by extension 'ignore'
[1.291s] Level 1:colcon.colcon_core.package_identification:_identify(src/robot/bringup_robot) by extension 'ignore_ament_install'
[1.291s] Level 1:colcon.colcon_core.package_identification:_identify(src/robot/bringup_robot) by extensions ['colcon_pkg']
[1.291s] Level 1:colcon.colcon_core.package_identification:_identify(src/robot/bringup_robot) by extension 'colcon_pkg'
[1.291s] Level 1:colcon.colcon_core.package_identification:_identify(src/robot/bringup_robot) by extensions ['colcon_meta']
[1.291s] Level 1:colcon.colcon_core.package_identification:_identify(src/robot/bringup_robot) by extension 'colcon_meta'
[1.291s] Level 1:colcon.colcon_core.package_identification:_identify(src/robot/bringup_robot) by extensions ['ros']
[1.291s] Level 1:colcon.colcon_core.package_identification:_identify(src/robot/bringup_robot) by extension 'ros'
[1.291s] DEBUG:colcon.colcon_core.package_identification:Package 'src/robot/bringup_robot' with type 'ros.ament_cmake' and name 'bringup_robot'
[1.291s] Level 1:colcon.colcon_core.package_identification:_identify(src/robot/control) by extensions ['ignore', 'ignore_ament_install']
[1.291s] Level 1:colcon.colcon_core.package_identification:_identify(src/robot/control) by extension 'ignore'
[1.291s] Level 1:colcon.colcon_core.package_identification:_identify(src/robot/control) by extension 'ignore_ament_install'
[1.291s] Level 1:colcon.colcon_core.package_identification:_identify(src/robot/control) by extensions ['colcon_pkg']
[1.291s] Level 1:colcon.colcon_core.package_identification:_identify(src/robot/control) by extension 'colcon_pkg'
[1.291s] Level 1:colcon.colcon_core.package_identification:_identify(src/robot/control) by extensions ['colcon_meta']
[1.291s] Level 1:colcon.colcon_core.package_identification:_identify(src/robot/control) by extension 'colcon_meta'
[1.291s] Level 1:colcon.colcon_core.package_identification:_identify(src/robot/control) by extensions ['ros']
[1.291s] Level 1:colcon.colcon_core.package_identification:_identify(src/robot/control) by extension 'ros'
[1.292s] DEBUG:colcon.colcon_core.package_identification:Package 'src/robot/control' with type 'ros.ament_cmake' and name 'control'
[1.292s] Level 1:colcon.colcon_core.package_identification:_identify(src/robot/costmap) by extensions ['ignore', 'ignore_ament_install']
[1.292s] Level 1:colcon.colcon_core.package_identification:_identify(src/robot/costmap) by extension 'ignore'
[1.292s] Level 1:colcon.colcon_core.package_identification:_identify(src/robot/costmap) by extension 'ignore_ament_install'
[1.292s] Level 1:colcon.colcon_core.package_identification:_identify(src/robot/costmap) by extensions ['colcon_pkg']
[1.292s] Level 1:colcon.colcon_core.package_identification:_identify(src/robot/costmap) by extension 'colcon_pkg'
[1.292s] Level 1:colcon.colcon_core.package_identification:_identify(src/robot/costmap) by extensions ['colcon_meta']
[1.292s] Level 1:colcon.colcon_core.package_identification:_identify(src/robot/costmap) by extension 'colcon_meta'
[1.292s] Level 1:colcon.colcon_core.package_identification:_identify(src/robot/costmap) by extensions ['ros']
[1.292s] Level 1:colcon.colcon_core.package_identification:_identify(src/robot/costmap) by extension 'ros'
[1.292s] DEBUG:colcon.colcon_core.package_identification:Package 'src/robot/costmap' with type 'ros.ament_cmake' and name 'costmap'
[1.292s] Level 1:colcon.colcon_core.package_identification:_identify(src/robot/map_memory) by extensions ['ignore', 'ignore_ament_install']
[1.292s] Level 1:colcon.colcon_core.package_identification:_identify(src/robot/map_memory) by extension 'ignore'
[1.292s] Level 1:colcon.colcon_core.package_identification:_identify(src/robot/map_memory) by extension 'ignore_ament_install'
[1.292s] Level 1:colcon.colcon_core.package_identification:_identify(src/robot/map_memory) by extensions ['colcon_pkg']
[1.292s] Level 1:colcon.colcon_core.package_identification:_identify(src/robot/map_memory) by extension 'colcon_pkg'
[1.292s] Level 1:colcon.colcon_core.package_identification:_identify(src/robot/map_memory) by extensions ['colcon_meta']
[1.292s] Level 1:colcon.colcon_core.package_identification:_identify(src/robot/map_memory) by extension 'colcon_meta'
[1.292s] Level 1:colcon.colcon_core.package_identification:_identify(src/robot/map_memory) by extensions ['ros']
[1.292s] Level 1:colcon.colcon_core.package_identification:_identify(src/robot/map_memory) by extension 'ros'
[1.293s] DEBUG:colcon.colcon_core.package_identification:Package 'src/robot/map_memory' with type 'ros.ament_cmake' and name 'map_memory'
[1.293s] Level 1:colcon.colcon_core.package_identification:_identify(src/robot/odometry_spoof) by extensions ['ignore', 'ignore_ament_install']
[1.293s] Level 1:colcon.colcon_core.package_identification:_identify(src/robot/odometry_spoof) by extension 'ignore'
[1.293s] Level 1:colcon.colcon_core.package_identification:_identify(src/robot/odometry_spoof) by extension 'ignore_ament_install'
[1.293s] Level 1:colcon.colcon_core.package_identification:_identify(src/robot/odometry_spoof) by extensions ['colcon_pkg']
[1.293s] Level 1:colcon.colcon_core.package_identification:_identify(src/robot/odometry_spoof) by extension 'colcon_pkg'
[1.293s] Level 1:colcon.colcon_core.package_identification:_identify(src/robot/odometry_spoof) by extensions ['colcon_meta']
[1.293s] Level 1:colcon.colcon_core.package_identification:_identify(src/robot/odometry_spoof) by extension 'colcon_meta'
[1.293s] Level 1:colcon.colcon_core.package_identification:_identify(src/robot/odometry_spoof) by extensions ['ros']
[1.293s] Level 1:colcon.colcon_core.package_identification:_identify(src/robot/odometry_spoof) by extension 'ros'
[1.294s] DEBUG:colcon.colcon_core.package_identification:Package 'src/robot/odometry_spoof' with type 'ros.ament_cmake' and name 'odometry_spoof'
[1.294s] Level 1:colcon.colcon_core.package_identification:_identify(src/robot/planner) by extensions ['ignore', 'ignore_ament_install']
[1.294s] Level 1:colcon.colcon_core.package_identification:_identify(src/robot/planner) by extension 'ignore'
[1.294s] Level 1:colcon.colcon_core.package_identification:_identify(src/robot/planner) by extension 'ignore_ament_install'
[1.294s] Level 1:colcon.colcon_core.package_identification:_identify(src/robot/planner) by extensions ['colcon_pkg']
[1.294s] Level 1:colcon.colcon_core.package_identification:_identify(src/robot/planner) by extension 'colcon_pkg'
[1.294s] Level 1:colcon.colcon_core.package_identification:_identify(src/robot/planner) by extensions ['colcon_meta']
[1.294s] Level 1:colcon.colcon_core.package_identification:_identify(src/robot/planner) by extension 'colcon_meta'
[1.294s] Level 1:colcon.colcon_core.package_identification:_identify(src/robot/planner) by extensions ['ros']
[1.294s] Level 1:colcon.colcon_core.package_identification:_identify(src/robot/planner) by extension 'ros'
[1.294s] DEBUG:colcon.colcon_core.package_identification:Package 'src/robot/planner' with type 'ros.ament_cmake' and name 'planner'
[1.294s] Level 1:colcon.colcon_core.package_identification:_identify(src/samples) by extensions ['ignore', 'ignore_ament_install']
[1.294s] Level 1:colcon.colcon_core.package_identification:_identify(src/samples) by extension 'ignore'
[1.294s] Level 1:colcon.colcon_core.package_identification:_identify(src/samples) by extension 'ignore_ament_install'
[1.294s] Level 1:colcon.colcon_core.package_identification:_identify(src/samples) by extensions ['colcon_pkg']
[1.294s] Level 1:colcon.colcon_core.package_identification:_identify(src/samples) by extension 'colcon_pkg'
[1.294s] Level 1:colcon.colcon_core.package_identification:_identify(src/samples) by extensions ['colcon_meta']
[1.294s] Level 1:colcon.colcon_core.package_identification:_identify(src/samples) by extension 'colcon_meta'
[1.294s] Level 1:colcon.colcon_core.package_identification:_identify(src/samples) by extensions ['ros']
[1.294s] Level 1:colcon.colcon_core.package_identification:_identify(src/samples) by extension 'ros'
[1.294s] Level 1:colcon.colcon_core.package_identification:_identify(src/samples) by extensions ['cmake', 'python']
[1.294s] Level 1:colcon.colcon_core.package_identification:_identify(src/samples) by extension 'cmake'
[1.294s] Level 1:colcon.colcon_core.package_identification:_identify(src/samples) by extension 'python'
[1.294s] Level 1:colcon.colcon_core.package_identification:_identify(src/samples) by extensions ['python_setup_py']
[1.294s] Level 1:colcon.colcon_core.package_identification:_identify(src/samples) by extension 'python_setup_py'
[1.295s] Level 1:colcon.colcon_core.package_identification:_identify(src/samples/cpp) by extensions ['ignore', 'ignore_ament_install']
[1.295s] Level 1:colcon.colcon_core.package_identification:_identify(src/samples/cpp) by extension 'ignore'
[1.295s] Level 1:colcon.colcon_core.package_identification:_identify(src/samples/cpp) by extension 'ignore_ament_install'
[1.295s] Level 1:colcon.colcon_core.package_identification:_identify(src/samples/cpp) by extensions ['colcon_pkg']
[1.295s] Level 1:colcon.colcon_core.package_identification:_identify(src/samples/cpp) by extension 'colcon_pkg'
[1.295s] Level 1:colcon.colcon_core.package_identification:_identify(src/samples/cpp) by extensions ['colcon_meta']
[1.295s] Level 1:colcon.colcon_core.package_identification:_identify(src/samples/cpp) by extension 'colcon_meta'
[1.295s] Level 1:colcon.colcon_core.package_identification:_identify(src/samples/cpp) by extensions ['ros']
[1.295s] Level 1:colcon.colcon_core.package_identification:_identify(src/samples/cpp) by extension 'ros'
[1.295s] Level 1:colcon.colcon_core.package_identification:_identify(src/samples/cpp) by extensions ['cmake', 'python']
[1.295s] Level 1:colcon.colcon_core.package_identification:_identify(src/samples/cpp) by extension 'cmake'
[1.295s] Level 1:colcon.colcon_core.package_identification:_identify(src/samples/cpp) by extension 'python'
[1.295s] Level 1:colcon.colcon_core.package_identification:_identify(src/samples/cpp) by extensions ['python_setup_py']
[1.295s] Level 1:colcon.colcon_core.package_identification:_identify(src/samples/cpp) by extension 'python_setup_py'
[1.295s] Level 1:colcon.colcon_core.package_identification:_identify(src/samples/cpp/aggregator) by extensions ['ignore', 'ignore_ament_install']
[1.295s] Level 1:colcon.colcon_core.package_identification:_identify(src/samples/cpp/aggregator) by extension 'ignore'
[1.295s] Level 1:colcon.colcon_core.package_identification:_identify(src/samples/cpp/aggregator) by extension 'ignore_ament_install'
[1.295s] Level 1:colcon.colcon_core.package_identification:_identify(src/samples/cpp/aggregator) by extensions ['colcon_pkg']
[1.295s] Level 1:colcon.colcon_core.package_identification:_identify(src/samples/cpp/aggregator) by extension 'colcon_pkg'
[1.295s] Level 1:colcon.colcon_core.package_identification:_identify(src/samples/cpp/aggregator) by extensions ['colcon_meta']
[1.295s] Level 1:colcon.colcon_core.package_identification:_identify(src/samples/cpp/aggregator) by extension 'colcon_meta'
[1.295s] Level 1:colcon.colcon_core.package_identification:_identify(src/samples/cpp/aggregator) by extensions ['ros']
[1.295s] Level 1:colcon.colcon_core.package_identification:_identify(src/samples/cpp/aggregator) by extension 'ros'
[1.295s] DEBUG:colcon.colcon_core.package_identification:Package 'src/samples/cpp/aggregator' with type 'ros.ament_cmake' and name 'aggregator'
[1.296s] Level 1:colcon.colcon_core.package_identification:_identify(src/samples/cpp/producer) by extensions ['ignore', 'ignore_ament_install']
[1.296s] Level 1:colcon.colcon_core.package_identification:_identify(src/samples/cpp/producer) by extension 'ignore'
[1.296s] Level 1:colcon.colcon_core.package_identification:_identify(src/samples/cpp/producer) by extension 'ignore_ament_install'
[1.296s] Level 1:colcon.colcon_core.package_identification:_identify(src/samples/cpp/producer) by extensions ['colcon_pkg']
[1.296s] Level 1:colcon.colcon_core.package_identification:_identify(src/samples/cpp/producer) by extension 'colcon_pkg'
[1.296s] Level 1:colcon.colcon_core.package_identification:_identify(src/samples/cpp/producer) by extensions ['colcon_meta']
[1.296s] Level 1:colcon.colcon_core.package_identification:_identify(src/samples/cpp/producer) by extension 'colcon_meta'
[1.296s] Level 1:colcon.colcon_core.package_identification:_identify(src/samples/cpp/producer) by extensions ['ros']
[1.296s] Level 1:colcon.colcon_core.package_identification:_identify(src/samples/cpp/producer) by extension 'ros'
[1.298s] DEBUG:colcon.colcon_core.package_identification:Package 'src/samples/cpp/producer' with type 'ros.ament_cmake' and name 'producer'
[1.298s] Level 1:colcon.colcon_core.package_identification:_identify(src/samples/cpp/transformer) by extensions ['ignore', 'ignore_ament_install']
[1.298s] Level 1:colcon.colcon_core.package_identification:_identify(src/samples/cpp/transformer) by extension 'ignore'
[1.298s] Level 1:colcon.colcon_core.package_identification:_identify(src/samples/cpp/transformer) by extension 'ignore_ament_install'
[1.298s] Level 1:colcon.colcon_core.package_identification:_identify(src/samples/cpp/transformer) by extensions ['colcon_pkg']
[1.298s] Level 1:colcon.colcon_core.package_identification:_identify(src/samples/cpp/transformer) by extension 'colcon_pkg'
[1.298s] Level 1:colcon.colcon_core.package_identification:_identify(src/samples/cpp/transformer) by extensions ['colcon_meta']
[1.298s] Level 1:colcon.colcon_core.package_identification:_identify(src/samples/cpp/transformer) by extension 'colcon_meta'
[1.298s] Level 1:colcon.colcon_core.package_identification:_identify(src/samples/cpp/transformer) by extensions ['ros']
[1.298s] Level 1:colcon.colcon_core.package_identification:_identify(src/samples/cpp/transformer) by extension 'ros'
[1.298s] DEBUG:colcon.colcon_core.package_identification:Package 'src/samples/cpp/transformer' with type 'ros.ament_cmake' and name 'transformer'
[1.298s] Level 1:colcon.colcon_core.package_identification:_identify(src/samples/python) by extensions ['ignore', 'ignore_ament_install']
[1.298s] Level 1:colcon.colcon_core.package_identification:_identify(src/samples/python) by extension 'ignore'
[1.298s] Level 1:colcon.colcon_core.package_identification:_identify(src/samples/python) by extension 'ignore_ament_install'
[1.298s] Level 1:colcon.colcon_core.package_identification:_identify(src/samples/python) by extensions ['colcon_pkg']
[1.298s] Level 1:colcon.colcon_core.package_identification:_identify(src/samples/python) by extension 'colcon_pkg'
[1.298s] Level 1:colcon.colcon_core.package_identification:_identify(src/samples/python) by extensions ['colcon_meta']
[1.298s] Level 1:colcon.colcon_core.package_identification:_identify(src/samples/python) by extension 'colcon_meta'
[1.299s] Level 1:colcon.colcon_core.package_identification:_identify(src/samples/python) by extensions ['ros']
[1.299s] Level 1:colcon.colcon_core.package_identification:_identify(src/samples/python) by extension 'ros'
[1.299s] Level 1:colcon.colcon_core.package_identification:_identify(src/samples/python) by extensions ['cmake', 'python']
[1.299s] Level 1:colcon.colcon_core.package_identification:_identify(src/samples/python) by extension 'cmake'
[1.299s] Level 1:colcon.colcon_core.package_identification:_identify(src/samples/python) by extension 'python'
[1.299s] Level 1:colcon.colcon_core.package_identification:_identify(src/samples/python) by extensions ['python_setup_py']
[1.299s] Level 1:colcon.colcon_core.package_identification:_identify(src/samples/python) by extension 'python_setup_py'
[1.299s] Level 1:colcon.colcon_core.package_identification:_identify(src/samples/python/aggregator) by extensions ['ignore', 'ignore_ament_install']
[1.299s] Level 1:colcon.colcon_core.package_identification:_identify(src/samples/python/aggregator) by extension 'ignore'
[1.299s] Level 1:colcon.colcon_core.package_identification:_identify(src/samples/python/aggregator) by extension 'ignore_ament_install'
[1.299s] Level 1:colcon.colcon_core.package_identification:_identify(src/samples/python/aggregator) by extensions ['colcon_pkg']
[1.299s] Level 1:colcon.colcon_core.package_identification:_identify(src/samples/python/aggregator) by extension 'colcon_pkg'
[1.299s] Level 1:colcon.colcon_core.package_identification:_identify(src/samples/python/aggregator) by extensions ['colcon_meta']
[1.299s] Level 1:colcon.colcon_core.package_identification:_identify(src/samples/python/aggregator) by extension 'colcon_meta'
[1.299s] Level 1:colcon.colcon_core.package_identification:_identify(src/samples/python/aggregator) by extensions ['ros']
[1.299s] Level 1:colcon.colcon_core.package_identification:_identify(src/samples/python/aggregator) by extension 'ros'
[1.299s] DEBUG:colcon.colcon_core.package_identification:Package 'src/samples/python/aggregator' with type 'ros.ament_python' and name 'aggregator'
[1.299s] Level 1:colcon.colcon_core.package_identification:_identify(src/samples/python/producer) by extensions ['ignore', 'ignore_ament_install']
[1.299s] Level 1:colcon.colcon_core.package_identification:_identify(src/samples/python/producer) by extension 'ignore'
[1.299s] Level 1:colcon.colcon_core.package_identification:_identify(src/samples/python/producer) by extension 'ignore_ament_install'
[1.299s] Level 1:colcon.colcon_core.package_identification:_identify(src/samples/python/producer) by extensions ['colcon_pkg']
[1.299s] Level 1:colcon.colcon_core.package_identification:_identify(src/samples/python/producer) by extension 'colcon_pkg'
[1.299s] Level 1:colcon.colcon_core.package_identification:_identify(src/samples/python/producer) by extensions ['colcon_meta']
[1.299s] Level 1:colcon.colcon_core.package_identification:_identify(src/samples/python/producer) by extension 'colcon_meta'
[1.299s] Level 1:colcon.colcon_core.package_identification:_identify(src/samples/python/producer) by extensions ['ros']
[1.299s] Level 1:colcon.colcon_core.package_identification:_identify(src/samples/python/producer) by extension 'ros'
[1.300s] DEBUG:colcon.colcon_core.package_identification:Package 'src/samples/python/producer' with type 'ros.ament_python' and name 'producer'
[1.300s] Level 1:colcon.colcon_core.package_identification:_identify(src/samples/python/transformer) by extensions ['ignore', 'ignore_ament_install']
[1.300s] Level 1:colcon.colcon_core.package_identification:_identify(src/samples/python/transformer) by extension 'ignore'
[1.300s] Level 1:colcon.colcon_core.package_identification:_identify(src/samples/python/transformer) by extension 'ignore_ament_install'
[1.300s] Level 1:colcon.colcon_core.package_identification:_identify(src/samples/python/transformer) by extensions ['colcon_pkg']
[1.300s] Level 1:colcon.colcon_core.package_identification:_identify(src/samples/python/transformer) by extension 'colcon_pkg'
[1.300s] Level 1:colcon.colcon_core.package_identification:_identify(src/samples/python/transformer) by extensions ['colcon_meta']
[1.300s] Level 1:colcon.colcon_core.package_identification:_identify(src/samples/python/transformer) by extension 'colcon_meta'
[1.300s] Level 1:colcon.colcon_core.package_identification:_identify(src/samples/python/transformer) by extensions ['ros']
[1.300s] Level 1:colcon.colcon_core.package_identification:_identify(src/samples/python/transformer) by extension 'ros'
[1.300s] DEBUG:colcon.colcon_core.package_identification:Package 'src/samples/python/transformer' with type 'ros.ament_python' and name 'transformer'
[1.301s] Level 1:colcon.colcon_core.package_identification:_identify(src/samples/sample_msgs) by extensions ['ignore', 'ignore_ament_install']
[1.301s] Level 1:colcon.colcon_core.package_identification:_identify(src/samples/sample_msgs) by extension 'ignore'
[1.301s] Level 1:colcon.colcon_core.package_identification:_identify(src/samples/sample_msgs) by extension 'ignore_ament_install'
[1.301s] Level 1:colcon.colcon_core.package_identification:_identify(src/samples/sample_msgs) by extensions ['colcon_pkg']
[1.301s] Level 1:colcon.colcon_core.package_identification:_identify(src/samples/sample_msgs) by extension 'colcon_pkg'
[1.301s] Level 1:colcon.colcon_core.package_identification:_identify(src/samples/sample_msgs) by extensions ['colcon_meta']
[1.301s] Level 1:colcon.colcon_core.package_identification:_identify(src/samples/sample_msgs) by extension 'colcon_meta'
[1.301s] Level 1:colcon.colcon_core.package_identification:_identify(src/samples/sample_msgs) by extensions ['ros']
[1.301s] Level 1:colcon.colcon_core.package_identification:_identify(src/samples/sample_msgs) by extension 'ros'
[1.302s] DEBUG:colcon.colcon_core.package_identification:Package 'src/samples/sample_msgs' with type 'ros.ament_cmake' and name 'sample_msgs'
[1.302s] Level 1:colcon.colcon_core.package_identification:_identify(src/wato_msgs) by extensions ['ignore', 'ignore_ament_install']
[1.302s] Level 1:colcon.colcon_core.package_identification:_identify(src/wato_msgs) by extension 'ignore'
[1.302s] Level 1:colcon.colcon_core.package_identification:_identify(src/wato_msgs) by extension 'ignore_ament_install'
[1.302s] Level 1:colcon.colcon_core.package_identification:_identify(src/wato_msgs) by extensions ['colcon_pkg']
[1.302s] Level 1:colcon.colcon_core.package_identification:_identify(src/wato_msgs) by extension 'colcon_pkg'
[1.302s] Level 1:colcon.colcon_core.package_identification:_identify(src/wato_msgs) by extensions ['colcon_meta']
[1.302s] Level 1:colcon.colcon_core.package_identification:_identify(src/wato_msgs) by extension 'colcon_meta'
[1.302s] Level 1:colcon.colcon_core.package_identification:_identify(src/wato_msgs) by extensions ['ros']
[1.302s] Level 1:colcon.colcon_core.package_identification:_identify(src/wato_msgs) by extension 'ros'
[1.302s] Level 1:colcon.colcon_core.package_identification:_identify(src/wato_msgs) by extensions ['cmake', 'python']
[1.302s] Level 1:colcon.colcon_core.package_identification:_identify(src/wato_msgs) by extension 'cmake'
[1.302s] Level 1:colcon.colcon_core.package_identification:_identify(src/wato_msgs) by extension 'python'
[1.302s] Level 1:colcon.colcon_core.package_identification:_identify(src/wato_msgs) by extensions ['python_setup_py']
[1.302s] Level 1:colcon.colcon_core.package_identification:_identify(src/wato_msgs) by extension 'python_setup_py'
[1.302s] Level 1:colcon.colcon_core.package_identification:_identify(src/wato_msgs/sample_msgs) by extensions ['ignore', 'ignore_ament_install']
[1.302s] Level 1:colcon.colcon_core.package_identification:_identify(src/wato_msgs/sample_msgs) by extension 'ignore'
[1.302s] Level 1:colcon.colcon_core.package_identification:_identify(src/wato_msgs/sample_msgs) by extension 'ignore_ament_install'
[1.302s] Level 1:colcon.colcon_core.package_identification:_identify(src/wato_msgs/sample_msgs) by extensions ['colcon_pkg']
[1.302s] Level 1:colcon.colcon_core.package_identification:_identify(src/wato_msgs/sample_msgs) by extension 'colcon_pkg'
[1.302s] Level 1:colcon.colcon_core.package_identification:_identify(src/wato_msgs/sample_msgs) by extensions ['colcon_meta']
[1.302s] Level 1:colcon.colcon_core.package_identification:_identify(src/wato_msgs/sample_msgs) by extension 'colcon_meta'
[1.302s] Level 1:colcon.colcon_core.package_identification:_identify(src/wato_msgs/sample_msgs) by extensions ['ros']
[1.302s] Level 1:colcon.colcon_core.package_identification:_identify(src/wato_msgs/sample_msgs) by extension 'ros'
[1.303s] DEBUG:colcon.colcon_core.package_identification:Package 'src/wato_msgs/sample_msgs' with type 'ros.ament_cmake' and name 'sample_msgs'
[1.303s] Level 1:colcon.colcon_core.package_identification:_identify(wato_asd_training) by extensions ['ignore', 'ignore_ament_install']
[1.303s] Level 1:colcon.colcon_core.package_identification:_identify(wato_asd_training) by extension 'ignore'
[1.303s] Level 1:colcon.colcon_core.package_identification:_identify(wato_asd_training) by extension 'ignore_ament_install'
[1.303s] Level 1:colcon.colcon_core.package_identification:_identify(wato_asd_training) by extensions ['colcon_pkg']
[1.303s] Level 1:colcon.colcon_core.package_identification:_identify(wato_asd_training) by extension 'colcon_pkg'
[1.303s] Level 1:colcon.colcon_core.package_identification:_identify(wato_asd_training) by extensions ['colcon_meta']
[1.303s] Level 1:colcon.colcon_core.package_identification:_identify(wato_asd_training) by extension 'colcon_meta'
[1.303s] Level 1:colcon.colcon_core.package_identification:_identify(wato_asd_training) by extensions ['ros']
[1.303s] Level 1:colcon.colcon_core.package_identification:_identify(wato_asd_training) by extension 'ros'
[1.303s] Level 1:colcon.colcon_core.package_identification:_identify(wato_asd_training) by extensions ['cmake', 'python']
[1.303s] Level 1:colcon.colcon_core.package_identification:_identify(wato_asd_training) by extension 'cmake'
[1.303s] Level 1:colcon.colcon_core.package_identification:_identify(wato_asd_training) by extension 'python'
[1.303s] Level 1:colcon.colcon_core.package_identification:_identify(wato_asd_training) by extensions ['python_setup_py']
[1.303s] Level 1:colcon.colcon_core.package_identification:_identify(wato_asd_training) by extension 'python_setup_py'
[1.304s] Level 1:colcon.colcon_core.package_identification:_identify(wato_asd_training/config) by extensions ['ignore', 'ignore_ament_install']
[1.304s] Level 1:colcon.colcon_core.package_identification:_identify(wato_asd_training/config) by extension 'ignore'
[1.304s] Level 1:colcon.colcon_core.package_identification:_identify(wato_asd_training/config) by extension 'ignore_ament_install'
[1.304s] Level 1:colcon.colcon_core.package_identification:_identify(wato_asd_training/config) by extensions ['colcon_pkg']
[1.304s] Level 1:colcon.colcon_core.package_identification:_identify(wato_asd_training/config) by extension 'colcon_pkg'
[1.304s] Level 1:colcon.colcon_core.package_identification:_identify(wato_asd_training/config) by extensions ['colcon_meta']
[1.304s] Level 1:colcon.colcon_core.package_identification:_identify(wato_asd_training/config) by extension 'colcon_meta'
[1.304s] Level 1:colcon.colcon_core.package_identification:_identify(wato_asd_training/config) by extensions ['ros']
[1.304s] Level 1:colcon.colcon_core.package_identification:_identify(wato_asd_training/config) by extension 'ros'
[1.304s] Level 1:colcon.colcon_core.package_identification:_identify(wato_asd_training/config) by extensions ['cmake', 'python']
[1.304s] Level 1:colcon.colcon_core.package_identification:_identify(wato_asd_training/config) by extension 'cmake'
[1.304s] Level 1:colcon.colcon_core.package_identification:_identify(wato_asd_training/config) by extension 'python'
[1.304s] Level 1:colcon.colcon_core.package_identification:_identify(wato_asd_training/config) by extensions ['python_setup_py']
[1.304s] Level 1:colcon.colcon_core.package_identification:_identify(wato_asd_training/config) by extension 'python_setup_py'
[1.304s] Level 1:colcon.colcon_core.package_identification:_identify(wato_asd_training/docker) by extensions ['ignore', 'ignore_ament_install']
[1.304s] Level 1:colcon.colcon_core.package_identification:_identify(wato_asd_training/docker) by extension 'ignore'
[1.304s] Level 1:colcon.colcon_core.package_identification:_identify(wato_asd_training/docker) by extension 'ignore_ament_install'
[1.304s] Level 1:colcon.colcon_core.package_identification:_identify(wato_asd_training/docker) by extensions ['colcon_pkg']
[1.304s] Level 1:colcon.colcon_core.package_identification:_identify(wato_asd_training/docker) by extension 'colcon_pkg'
[1.304s] Level 1:colcon.colcon_core.package_identification:_identify(wato_asd_training/docker) by extensions ['colcon_meta']
[1.304s] Level 1:colcon.colcon_core.package_identification:_identify(wato_asd_training/docker) by extension 'colcon_meta'
[1.304s] Level 1:colcon.colcon_core.package_identification:_identify(wato_asd_training/docker) by extensions ['ros']
[1.304s] Level 1:colcon.colcon_core.package_identification:_identify(wato_asd_training/docker) by extension 'ros'
[1.304s] Level 1:colcon.colcon_core.package_identification:_identify(wato_asd_training/docker) by extensions ['cmake', 'python']
[1.304s] Level 1:colcon.colcon_core.package_identification:_identify(wato_asd_training/docker) by extension 'cmake'
[1.304s] Level 1:colcon.colcon_core.package_identification:_identify(wato_asd_training/docker) by extension 'python'
[1.304s] Level 1:colcon.colcon_core.package_identification:_identify(wato_asd_training/docker) by extensions ['python_setup_py']
[1.304s] Level 1:colcon.colcon_core.package_identification:_identify(wato_asd_training/docker) by extension 'python_setup_py'
[1.305s] Level 1:colcon.colcon_core.package_identification:_identify(wato_asd_training/docker/gazebo) by extensions ['ignore', 'ignore_ament_install']
[1.305s] Level 1:colcon.colcon_core.package_identification:_identify(wato_asd_training/docker/gazebo) by extension 'ignore'
[1.305s] Level 1:colcon.colcon_core.package_identification:_identify(wato_asd_training/docker/gazebo) by extension 'ignore_ament_install'
[1.305s] Level 1:colcon.colcon_core.package_identification:_identify(wato_asd_training/docker/gazebo) by extensions ['colcon_pkg']
[1.305s] Level 1:colcon.colcon_core.package_identification:_identify(wato_asd_training/docker/gazebo) by extension 'colcon_pkg'
[1.305s] Level 1:colcon.colcon_core.package_identification:_identify(wato_asd_training/docker/gazebo) by extensions ['colcon_meta']
[1.305s] Level 1:colcon.colcon_core.package_identification:_identify(wato_asd_training/docker/gazebo) by extension 'colcon_meta'
[1.305s] Level 1:colcon.colcon_core.package_identification:_identify(wato_asd_training/docker/gazebo) by extensions ['ros']
[1.305s] Level 1:colcon.colcon_core.package_identification:_identify(wato_asd_training/docker/gazebo) by extension 'ros'
[1.305s] Level 1:colcon.colcon_core.package_identification:_identify(wato_asd_training/docker/gazebo) by extensions ['cmake', 'python']
[1.305s] Level 1:colcon.colcon_core.package_identification:_identify(wato_asd_training/docker/gazebo) by extension 'cmake'
[1.305s] Level 1:colcon.colcon_core.package_identification:_identify(wato_asd_training/docker/gazebo) by extension 'python'
[1.305s] Level 1:colcon.colcon_core.package_identification:_identify(wato_asd_training/docker/gazebo) by extensions ['python_setup_py']
[1.305s] Level 1:colcon.colcon_core.package_identification:_identify(wato_asd_training/docker/gazebo) by extension 'python_setup_py'
[1.305s] Level 1:colcon.colcon_core.package_identification:_identify(wato_asd_training/docker/robot) by extensions ['ignore', 'ignore_ament_install']
[1.305s] Level 1:colcon.colcon_core.package_identification:_identify(wato_asd_training/docker/robot) by extension 'ignore'
[1.305s] Level 1:colcon.colcon_core.package_identification:_identify(wato_asd_training/docker/robot) by extension 'ignore_ament_install'
[1.305s] Level 1:colcon.colcon_core.package_identification:_identify(wato_asd_training/docker/robot) by extensions ['colcon_pkg']
[1.305s] Level 1:colcon.colcon_core.package_identification:_identify(wato_asd_training/docker/robot) by extension 'colcon_pkg'
[1.305s] Level 1:colcon.colcon_core.package_identification:_identify(wato_asd_training/docker/robot) by extensions ['colcon_meta']
[1.305s] Level 1:colcon.colcon_core.package_identification:_identify(wato_asd_training/docker/robot) by extension 'colcon_meta'
[1.305s] Level 1:colcon.colcon_core.package_identification:_identify(wato_asd_training/docker/robot) by extensions ['ros']
[1.305s] Level 1:colcon.colcon_core.package_identification:_identify(wato_asd_training/docker/robot) by extension 'ros'
[1.305s] Level 1:colcon.colcon_core.package_identification:_identify(wato_asd_training/docker/robot) by extensions ['cmake', 'python']
[1.305s] Level 1:colcon.colcon_core.package_identification:_identify(wato_asd_training/docker/robot) by extension 'cmake'
[1.305s] Level 1:colcon.colcon_core.package_identification:_identify(wato_asd_training/docker/robot) by extension 'python'
[1.305s] Level 1:colcon.colcon_core.package_identification:_identify(wato_asd_training/docker/robot) by extensions ['python_setup_py']
[1.305s] Level 1:colcon.colcon_core.package_identification:_identify(wato_asd_training/docker/robot) by extension 'python_setup_py'
[1.305s] Level 1:colcon.colcon_core.package_identification:_identify(wato_asd_training/docker/samples) by extensions ['ignore', 'ignore_ament_install']
[1.305s] Level 1:colcon.colcon_core.package_identification:_identify(wato_asd_training/docker/samples) by extension 'ignore'
[1.305s] Level 1:colcon.colcon_core.package_identification:_identify(wato_asd_training/docker/samples) by extension 'ignore_ament_install'
[1.305s] Level 1:colcon.colcon_core.package_identification:_identify(wato_asd_training/docker/samples) by extensions ['colcon_pkg']
[1.305s] Level 1:colcon.colcon_core.package_identification:_identify(wato_asd_training/docker/samples) by extension 'colcon_pkg'
[1.305s] Level 1:colcon.colcon_core.package_identification:_identify(wato_asd_training/docker/samples) by extensions ['colcon_meta']
[1.305s] Level 1:colcon.colcon_core.package_identification:_identify(wato_asd_training/docker/samples) by extension 'colcon_meta'
[1.305s] Level 1:colcon.colcon_core.package_identification:_identify(wato_asd_training/docker/samples) by extensions ['ros']
[1.305s] Level 1:colcon.colcon_core.package_identification:_identify(wato_asd_training/docker/samples) by extension 'ros'
[1.305s] Level 1:colcon.colcon_core.package_identification:_identify(wato_asd_training/docker/samples) by extensions ['cmake', 'python']
[1.305s] Level 1:colcon.colcon_core.package_identification:_identify(wato_asd_training/docker/samples) by extension 'cmake'
[1.305s] Level 1:colcon.colcon_core.package_identification:_identify(wato_asd_training/docker/samples) by extension 'python'
[1.305s] Level 1:colcon.colcon_core.package_identification:_identify(wato_asd_training/docker/samples) by extensions ['python_setup_py']
[1.305s] Level 1:colcon.colcon_core.package_identification:_identify(wato_asd_training/docker/samples) by extension 'python_setup_py'
[1.305s] Level 1:colcon.colcon_core.package_identification:_identify(wato_asd_training/docker/vis_tools) by extensions ['ignore', 'ignore_ament_install']
[1.305s] Level 1:colcon.colcon_core.package_identification:_identify(wato_asd_training/docker/vis_tools) by extension 'ignore'
[1.305s] Level 1:colcon.colcon_core.package_identification:_identify(wato_asd_training/docker/vis_tools) by extension 'ignore_ament_install'
[1.305s] Level 1:colcon.colcon_core.package_identification:_identify(wato_asd_training/docker/vis_tools) by extensions ['colcon_pkg']
[1.305s] Level 1:colcon.colcon_core.package_identification:_identify(wato_asd_training/docker/vis_tools) by extension 'colcon_pkg'
[1.305s] Level 1:colcon.colcon_core.package_identification:_identify(wato_asd_training/docker/vis_tools) by extensions ['colcon_meta']
[1.305s] Level 1:colcon.colcon_core.package_identification:_identify(wato_asd_training/docker/vis_tools) by extension 'colcon_meta'
[1.305s] Level 1:colcon.colcon_core.package_identification:_identify(wato_asd_training/docker/vis_tools) by extensions ['ros']
[1.305s] Level 1:colcon.colcon_core.package_identification:_identify(wato_asd_training/docker/vis_tools) by extension 'ros'
[1.305s] Level 1:colcon.colcon_core.package_identification:_identify(wato_asd_training/docker/vis_tools) by extensions ['cmake', 'python']
[1.305s] Level 1:colcon.colcon_core.package_identification:_identify(wato_asd_training/docker/vis_tools) by extension 'cmake'
[1.305s] Level 1:colcon.colcon_core.package_identification:_identify(wato_asd_training/docker/vis_tools) by extension 'python'
[1.305s] Level 1:colcon.colcon_core.package_identification:_identify(wato_asd_training/docker/vis_tools) by extensions ['python_setup_py']
[1.305s] Level 1:colcon.colcon_core.package_identification:_identify(wato_asd_training/docker/vis_tools) by extension 'python_setup_py'
[1.306s] Level 1:colcon.colcon_core.package_identification:_identify(wato_asd_training/modules) by extensions ['ignore', 'ignore_ament_install']
[1.306s] Level 1:colcon.colcon_core.package_identification:_identify(wato_asd_training/modules) by extension 'ignore'
[1.306s] Level 1:colcon.colcon_core.package_identification:_identify(wato_asd_training/modules) by extension 'ignore_ament_install'
[1.306s] Level 1:colcon.colcon_core.package_identification:_identify(wato_asd_training/modules) by extensions ['colcon_pkg']
[1.306s] Level 1:colcon.colcon_core.package_identification:_identify(wato_asd_training/modules) by extension 'colcon_pkg'
[1.306s] Level 1:colcon.colcon_core.package_identification:_identify(wato_asd_training/modules) by extensions ['colcon_meta']
[1.306s] Level 1:colcon.colcon_core.package_identification:_identify(wato_asd_training/modules) by extension 'colcon_meta'
[1.306s] Level 1:colcon.colcon_core.package_identification:_identify(wato_asd_training/modules) by extensions ['ros']
[1.306s] Level 1:colcon.colcon_core.package_identification:_identify(wato_asd_training/modules) by extension 'ros'
[1.306s] Level 1:colcon.colcon_core.package_identification:_identify(wato_asd_training/modules) by extensions ['cmake', 'python']
[1.306s] Level 1:colcon.colcon_core.package_identification:_identify(wato_asd_training/modules) by extension 'cmake'
[1.306s] Level 1:colcon.colcon_core.package_identification:_identify(wato_asd_training/modules) by extension 'python'
[1.306s] Level 1:colcon.colcon_core.package_identification:_identify(wato_asd_training/modules) by extensions ['python_setup_py']
[1.306s] Level 1:colcon.colcon_core.package_identification:_identify(wato_asd_training/modules) by extension 'python_setup_py'
[1.306s] Level 1:colcon.colcon_core.package_identification:_identify(wato_asd_training/src) by extensions ['ignore', 'ignore_ament_install']
[1.306s] Level 1:colcon.colcon_core.package_identification:_identify(wato_asd_training/src) by extension 'ignore'
[1.306s] Level 1:colcon.colcon_core.package_identification:_identify(wato_asd_training/src) by extension 'ignore_ament_install'
[1.306s] Level 1:colcon.colcon_core.package_identification:_identify(wato_asd_training/src) by extensions ['colcon_pkg']
[1.306s] Level 1:colcon.colcon_core.package_identification:_identify(wato_asd_training/src) by extension 'colcon_pkg'
[1.306s] Level 1:colcon.colcon_core.package_identification:_identify(wato_asd_training/src) by extensions ['colcon_meta']
[1.306s] Level 1:colcon.colcon_core.package_identification:_identify(wato_asd_training/src) by extension 'colcon_meta'
[1.306s] Level 1:colcon.colcon_core.package_identification:_identify(wato_asd_training/src) by extensions ['ros']
[1.306s] Level 1:colcon.colcon_core.package_identification:_identify(wato_asd_training/src) by extension 'ros'
[1.306s] Level 1:colcon.colcon_core.package_identification:_identify(wato_asd_training/src) by extensions ['cmake', 'python']
[1.306s] Level 1:colcon.colcon_core.package_identification:_identify(wato_asd_training/src) by extension 'cmake'
[1.306s] Level 1:colcon.colcon_core.package_identification:_identify(wato_asd_training/src) by extension 'python'
[1.306s] Level 1:colcon.colcon_core.package_identification:_identify(wato_asd_training/src) by extensions ['python_setup_py']
[1.306s] Level 1:colcon.colcon_core.package_identification:_identify(wato_asd_training/src) by extension 'python_setup_py'
[1.306s] Level 1:colcon.colcon_core.package_identification:_identify(wato_asd_training/src/gazebo) by extensions ['ignore', 'ignore_ament_install']
[1.306s] Level 1:colcon.colcon_core.package_identification:_identify(wato_asd_training/src/gazebo) by extension 'ignore'
[1.306s] Level 1:colcon.colcon_core.package_identification:_identify(wato_asd_training/src/gazebo) by extension 'ignore_ament_install'
[1.306s] Level 1:colcon.colcon_core.package_identification:_identify(wato_asd_training/src/gazebo) by extensions ['colcon_pkg']
[1.306s] Level 1:colcon.colcon_core.package_identification:_identify(wato_asd_training/src/gazebo) by extension 'colcon_pkg'
[1.306s] Level 1:colcon.colcon_core.package_identification:_identify(wato_asd_training/src/gazebo) by extensions ['colcon_meta']
[1.306s] Level 1:colcon.colcon_core.package_identification:_identify(wato_asd_training/src/gazebo) by extension 'colcon_meta'
[1.306s] Level 1:colcon.colcon_core.package_identification:_identify(wato_asd_training/src/gazebo) by extensions ['ros']
[1.306s] Level 1:colcon.colcon_core.package_identification:_identify(wato_asd_training/src/gazebo) by extension 'ros'
[1.308s] DEBUG:colcon.colcon_core.package_identification:Package 'wato_asd_training/src/gazebo' with type 'ros.ament_cmake' and name 'gazebo'
[1.308s] Level 1:colcon.colcon_core.package_identification:_identify(wato_asd_training/src/robot) by extensions ['ignore', 'ignore_ament_install']
[1.308s] Level 1:colcon.colcon_core.package_identification:_identify(wato_asd_training/src/robot) by extension 'ignore'
[1.308s] Level 1:colcon.colcon_core.package_identification:_identify(wato_asd_training/src/robot) by extension 'ignore_ament_install'
[1.308s] Level 1:colcon.colcon_core.package_identification:_identify(wato_asd_training/src/robot) by extensions ['colcon_pkg']
[1.308s] Level 1:colcon.colcon_core.package_identification:_identify(wato_asd_training/src/robot) by extension 'colcon_pkg'
[1.308s] Level 1:colcon.colcon_core.package_identification:_identify(wato_asd_training/src/robot) by extensions ['colcon_meta']
[1.308s] Level 1:colcon.colcon_core.package_identification:_identify(wato_asd_training/src/robot) by extension 'colcon_meta'
[1.308s] Level 1:colcon.colcon_core.package_identification:_identify(wato_asd_training/src/robot) by extensions ['ros']
[1.308s] Level 1:colcon.colcon_core.package_identification:_identify(wato_asd_training/src/robot) by extension 'ros'
[1.308s] Level 1:colcon.colcon_core.package_identification:_identify(wato_asd_training/src/robot) by extensions ['cmake', 'python']
[1.308s] Level 1:colcon.colcon_core.package_identification:_identify(wato_asd_training/src/robot) by extension 'cmake'
[1.308s] Level 1:colcon.colcon_core.package_identification:_identify(wato_asd_training/src/robot) by extension 'python'
[1.308s] Level 1:colcon.colcon_core.package_identification:_identify(wato_asd_training/src/robot) by extensions ['python_setup_py']
[1.308s] Level 1:colcon.colcon_core.package_identification:_identify(wato_asd_training/src/robot) by extension 'python_setup_py'
[1.308s] Level 1:colcon.colcon_core.package_identification:_identify(wato_asd_training/src/robot/bringup_robot) by extensions ['ignore', 'ignore_ament_install']
[1.308s] Level 1:colcon.colcon_core.package_identification:_identify(wato_asd_training/src/robot/bringup_robot) by extension 'ignore'
[1.308s] Level 1:colcon.colcon_core.package_identification:_identify(wato_asd_training/src/robot/bringup_robot) by extension 'ignore_ament_install'
[1.308s] Level 1:colcon.colcon_core.package_identification:_identify(wato_asd_training/src/robot/bringup_robot) by extensions ['colcon_pkg']
[1.308s] Level 1:colcon.colcon_core.package_identification:_identify(wato_asd_training/src/robot/bringup_robot) by extension 'colcon_pkg'
[1.308s] Level 1:colcon.colcon_core.package_identification:_identify(wato_asd_training/src/robot/bringup_robot) by extensions ['colcon_meta']
[1.308s] Level 1:colcon.colcon_core.package_identification:_identify(wato_asd_training/src/robot/bringup_robot) by extension 'colcon_meta'
[1.308s] Level 1:colcon.colcon_core.package_identification:_identify(wato_asd_training/src/robot/bringup_robot) by extensions ['ros']
[1.308s] Level 1:colcon.colcon_core.package_identification:_identify(wato_asd_training/src/robot/bringup_robot) by extension 'ros'
[1.309s] DEBUG:colcon.colcon_core.package_identification:Package 'wato_asd_training/src/robot/bringup_robot' with type 'ros.ament_cmake' and name 'bringup_robot'
[1.309s] Level 1:colcon.colcon_core.package_identification:_identify(wato_asd_training/src/robot/control) by extensions ['ignore', 'ignore_ament_install']
[1.309s] Level 1:colcon.colcon_core.package_identification:_identify(wato_asd_training/src/robot/control) by extension 'ignore'
[1.309s] Level 1:colcon.colcon_core.package_identification:_identify(wato_asd_training/src/robot/control) by extension 'ignore_ament_install'
[1.309s] Level 1:colcon.colcon_core.package_identification:_identify(wato_asd_training/src/robot/control) by extensions ['colcon_pkg']
[1.309s] Level 1:colcon.colcon_core.package_identification:_identify(wato_asd_training/src/robot/control) by extension 'colcon_pkg'
[1.309s] Level 1:colcon.colcon_core.package_identification:_identify(wato_asd_training/src/robot/control) by extensions ['colcon_meta']
[1.309s] Level 1:colcon.colcon_core.package_identification:_identify(wato_asd_training/src/robot/control) by extension 'colcon_meta'
[1.309s] Level 1:colcon.colcon_core.package_identification:_identify(wato_asd_training/src/robot/control) by extensions ['ros']
[1.309s] Level 1:colcon.colcon_core.package_identification:_identify(wato_asd_training/src/robot/control) by extension 'ros'
[1.309s] DEBUG:colcon.colcon_core.package_identification:Package 'wato_asd_training/src/robot/control' with type 'ros.ament_cmake' and name 'control'
[1.310s] Level 1:colcon.colcon_core.package_identification:_identify(wato_asd_training/src/robot/costmap) by extensions ['ignore', 'ignore_ament_install']
[1.310s] Level 1:colcon.colcon_core.package_identification:_identify(wato_asd_training/src/robot/costmap) by extension 'ignore'
[1.310s] Level 1:colcon.colcon_core.package_identification:_identify(wato_asd_training/src/robot/costmap) by extension 'ignore_ament_install'
[1.310s] Level 1:colcon.colcon_core.package_identification:_identify(wato_asd_training/src/robot/costmap) by extensions ['colcon_pkg']
[1.310s] Level 1:colcon.colcon_core.package_identification:_identify(wato_asd_training/src/robot/costmap) by extension 'colcon_pkg'
[1.310s] Level 1:colcon.colcon_core.package_identification:_identify(wato_asd_training/src/robot/costmap) by extensions ['colcon_meta']
[1.310s] Level 1:colcon.colcon_core.package_identification:_identify(wato_asd_training/src/robot/costmap) by extension 'colcon_meta'
[1.310s] Level 1:colcon.colcon_core.package_identification:_identify(wato_asd_training/src/robot/costmap) by extensions ['ros']
[1.310s] Level 1:colcon.colcon_core.package_identification:_identify(wato_asd_training/src/robot/costmap) by extension 'ros'
[1.310s] DEBUG:colcon.colcon_core.package_identification:Package 'wato_asd_training/src/robot/costmap' with type 'ros.ament_cmake' and name 'costmap'
[1.310s] Level 1:colcon.colcon_core.package_identification:_identify(wato_asd_training/src/robot/map_memory) by extensions ['ignore', 'ignore_ament_install']
[1.310s] Level 1:colcon.colcon_core.package_identification:_identify(wato_asd_training/src/robot/map_memory) by extension 'ignore'
[1.310s] Level 1:colcon.colcon_core.package_identification:_identify(wato_asd_training/src/robot/map_memory) by extension 'ignore_ament_install'
[1.310s] Level 1:colcon.colcon_core.package_identification:_identify(wato_asd_training/src/robot/map_memory) by extensions ['colcon_pkg']
[1.310s] Level 1:colcon.colcon_core.package_identification:_identify(wato_asd_training/src/robot/map_memory) by extension 'colcon_pkg'
[1.310s] Level 1:colcon.colcon_core.package_identification:_identify(wato_asd_training/src/robot/map_memory) by extensions ['colcon_meta']
[1.310s] Level 1:colcon.colcon_core.package_identification:_identify(wato_asd_training/src/robot/map_memory) by extension 'colcon_meta'
[1.310s] Level 1:colcon.colcon_core.package_identification:_identify(wato_asd_training/src/robot/map_memory) by extensions ['ros']
[1.310s] Level 1:colcon.colcon_core.package_identification:_identify(wato_asd_training/src/robot/map_memory) by extension 'ros'
[1.311s] DEBUG:colcon.colcon_core.package_identification:Package 'wato_asd_training/src/robot/map_memory' with type 'ros.ament_cmake' and name 'map_memory'
[1.311s] Level 1:colcon.colcon_core.package_identification:_identify(wato_asd_training/src/robot/odometry_spoof) by extensions ['ignore', 'ignore_ament_install']
[1.311s] Level 1:colcon.colcon_core.package_identification:_identify(wato_asd_training/src/robot/odometry_spoof) by extension 'ignore'
[1.311s] Level 1:colcon.colcon_core.package_identification:_identify(wato_asd_training/src/robot/odometry_spoof) by extension 'ignore_ament_install'
[1.311s] Level 1:colcon.colcon_core.package_identification:_identify(wato_asd_training/src/robot/odometry_spoof) by extensions ['colcon_pkg']
[1.311s] Level 1:colcon.colcon_core.package_identification:_identify(wato_asd_training/src/robot/odometry_spoof) by extension 'colcon_pkg'
[1.311s] Level 1:colcon.colcon_core.package_identification:_identify(wato_asd_training/src/robot/odometry_spoof) by extensions ['colcon_meta']
[1.311s] Level 1:colcon.colcon_core.package_identification:_identify(wato_asd_training/src/robot/odometry_spoof) by extension 'colcon_meta'
[1.311s] Level 1:colcon.colcon_core.package_identification:_identify(wato_asd_training/src/robot/odometry_spoof) by extensions ['ros']
[1.311s] Level 1:colcon.colcon_core.package_identification:_identify(wato_asd_training/src/robot/odometry_spoof) by extension 'ros'
[1.312s] DEBUG:colcon.colcon_core.package_identification:Package 'wato_asd_training/src/robot/odometry_spoof' with type 'ros.ament_cmake' and name 'odometry_spoof'
[1.312s] Level 1:colcon.colcon_core.package_identification:_identify(wato_asd_training/src/robot/planner) by extensions ['ignore', 'ignore_ament_install']
[1.312s] Level 1:colcon.colcon_core.package_identification:_identify(wato_asd_training/src/robot/planner) by extension 'ignore'
[1.312s] Level 1:colcon.colcon_core.package_identification:_identify(wato_asd_training/src/robot/planner) by extension 'ignore_ament_install'
[1.312s] Level 1:colcon.colcon_core.package_identification:_identify(wato_asd_training/src/robot/planner) by extensions ['colcon_pkg']
[1.312s] Level 1:colcon.colcon_core.package_identification:_identify(wato_asd_training/src/robot/planner) by extension 'colcon_pkg'
[1.312s] Level 1:colcon.colcon_core.package_identification:_identify(wato_asd_training/src/robot/planner) by extensions ['colcon_meta']
[1.312s] Level 1:colcon.colcon_core.package_identification:_identify(wato_asd_training/src/robot/planner) by extension 'colcon_meta'
[1.312s] Level 1:colcon.colcon_core.package_identification:_identify(wato_asd_training/src/robot/planner) by extensions ['ros']
[1.312s] Level 1:colcon.colcon_core.package_identification:_identify(wato_asd_training/src/robot/planner) by extension 'ros'
[1.312s] DEBUG:colcon.colcon_core.package_identification:Package 'wato_asd_training/src/robot/planner' with type 'ros.ament_cmake' and name 'planner'
[1.313s] Level 1:colcon.colcon_core.package_identification:_identify(wato_asd_training/src/samples) by extensions ['ignore', 'ignore_ament_install']
[1.313s] Level 1:colcon.colcon_core.package_identification:_identify(wato_asd_training/src/samples) by extension 'ignore'
[1.313s] Level 1:colcon.colcon_core.package_identification:_identify(wato_asd_training/src/samples) by extension 'ignore_ament_install'
[1.313s] Level 1:colcon.colcon_core.package_identification:_identify(wato_asd_training/src/samples) by extensions ['colcon_pkg']
[1.313s] Level 1:colcon.colcon_core.package_identification:_identify(wato_asd_training/src/samples) by extension 'colcon_pkg'
[1.313s] Level 1:colcon.colcon_core.package_identification:_identify(wato_asd_training/src/samples) by extensions ['colcon_meta']
[1.313s] Level 1:colcon.colcon_core.package_identification:_identify(wato_asd_training/src/samples) by extension 'colcon_meta'
[1.313s] Level 1:colcon.colcon_core.package_identification:_identify(wato_asd_training/src/samples) by extensions ['ros']
[1.313s] Level 1:colcon.colcon_core.package_identification:_identify(wato_asd_training/src/samples) by extension 'ros'
[1.313s] Level 1:colcon.colcon_core.package_identification:_identify(wato_asd_training/src/samples) by extensions ['cmake', 'python']
[1.313s] Level 1:colcon.colcon_core.package_identification:_identify(wato_asd_training/src/samples) by extension 'cmake'
[1.313s] Level 1:colcon.colcon_core.package_identification:_identify(wato_asd_training/src/samples) by extension 'python'
[1.313s] Level 1:colcon.colcon_core.package_identification:_identify(wato_asd_training/src/samples) by extensions ['python_setup_py']
[1.313s] Level 1:colcon.colcon_core.package_identification:_identify(wato_asd_training/src/samples) by extension 'python_setup_py'
[1.313s] Level 1:colcon.colcon_core.package_identification:_identify(wato_asd_training/src/samples/cpp) by extensions ['ignore', 'ignore_ament_install']
[1.313s] Level 1:colcon.colcon_core.package_identification:_identify(wato_asd_training/src/samples/cpp) by extension 'ignore'
[1.313s] Level 1:colcon.colcon_core.package_identification:_identify(wato_asd_training/src/samples/cpp) by extension 'ignore_ament_install'
[1.313s] Level 1:colcon.colcon_core.package_identification:_identify(wato_asd_training/src/samples/cpp) by extensions ['colcon_pkg']
[1.313s] Level 1:colcon.colcon_core.package_identification:_identify(wato_asd_training/src/samples/cpp) by extension 'colcon_pkg'
[1.313s] Level 1:colcon.colcon_core.package_identification:_identify(wato_asd_training/src/samples/cpp) by extensions ['colcon_meta']
[1.313s] Level 1:colcon.colcon_core.package_identification:_identify(wato_asd_training/src/samples/cpp) by extension 'colcon_meta'
[1.313s] Level 1:colcon.colcon_core.package_identification:_identify(wato_asd_training/src/samples/cpp) by extensions ['ros']
[1.313s] Level 1:colcon.colcon_core.package_identification:_identify(wato_asd_training/src/samples/cpp) by extension 'ros'
[1.313s] Level 1:colcon.colcon_core.package_identification:_identify(wato_asd_training/src/samples/cpp) by extensions ['cmake', 'python']
[1.313s] Level 1:colcon.colcon_core.package_identification:_identify(wato_asd_training/src/samples/cpp) by extension 'cmake'
[1.313s] Level 1:colcon.colcon_core.package_identification:_identify(wato_asd_training/src/samples/cpp) by extension 'python'
[1.313s] Level 1:colcon.colcon_core.package_identification:_identify(wato_asd_training/src/samples/cpp) by extensions ['python_setup_py']
[1.313s] Level 1:colcon.colcon_core.package_identification:_identify(wato_asd_training/src/samples/cpp) by extension 'python_setup_py'
[1.313s] Level 1:colcon.colcon_core.package_identification:_identify(wato_asd_training/src/samples/cpp/aggregator) by extensions ['ignore', 'ignore_ament_install']
[1.313s] Level 1:colcon.colcon_core.package_identification:_identify(wato_asd_training/src/samples/cpp/aggregator) by extension 'ignore'
[1.313s] Level 1:colcon.colcon_core.package_identification:_identify(wato_asd_training/src/samples/cpp/aggregator) by extension 'ignore_ament_install'
[1.313s] Level 1:colcon.colcon_core.package_identification:_identify(wato_asd_training/src/samples/cpp/aggregator) by extensions ['colcon_pkg']
[1.313s] Level 1:colcon.colcon_core.package_identification:_identify(wato_asd_training/src/samples/cpp/aggregator) by extension 'colcon_pkg'
[1.313s] Level 1:colcon.colcon_core.package_identification:_identify(wato_asd_training/src/samples/cpp/aggregator) by extensions ['colcon_meta']
[1.313s] Level 1:colcon.colcon_core.package_identification:_identify(wato_asd_training/src/samples/cpp/aggregator) by extension 'colcon_meta'
[1.313s] Level 1:colcon.colcon_core.package_identification:_identify(wato_asd_training/src/samples/cpp/aggregator) by extensions ['ros']
[1.313s] Level 1:colcon.colcon_core.package_identification:_identify(wato_asd_training/src/samples/cpp/aggregator) by extension 'ros'
[1.313s] DEBUG:colcon.colcon_core.package_identification:Package 'wato_asd_training/src/samples/cpp/aggregator' with type 'ros.ament_cmake' and name 'aggregator'
[1.314s] Level 1:colcon.colcon_core.package_identification:_identify(wato_asd_training/src/samples/cpp/producer) by extensions ['ignore', 'ignore_ament_install']
[1.314s] Level 1:colcon.colcon_core.package_identification:_identify(wato_asd_training/src/samples/cpp/producer) by extension 'ignore'
[1.314s] Level 1:colcon.colcon_core.package_identification:_identify(wato_asd_training/src/samples/cpp/producer) by extension 'ignore_ament_install'
[1.314s] Level 1:colcon.colcon_core.package_identification:_identify(wato_asd_training/src/samples/cpp/producer) by extensions ['colcon_pkg']
[1.314s] Level 1:colcon.colcon_core.package_identification:_identify(wato_asd_training/src/samples/cpp/producer) by extension 'colcon_pkg'
[1.314s] Level 1:colcon.colcon_core.package_identification:_identify(wato_asd_training/src/samples/cpp/producer) by extensions ['colcon_meta']
[1.314s] Level 1:colcon.colcon_core.package_identification:_identify(wato_asd_training/src/samples/cpp/producer) by extension 'colcon_meta'
[1.314s] Level 1:colcon.colcon_core.package_identification:_identify(wato_asd_training/src/samples/cpp/producer) by extensions ['ros']
[1.314s] Level 1:colcon.colcon_core.package_identification:_identify(wato_asd_training/src/samples/cpp/producer) by extension 'ros'
[1.314s] DEBUG:colcon.colcon_core.package_identification:Package 'wato_asd_training/src/samples/cpp/producer' with type 'ros.ament_cmake' and name 'producer'
[1.314s] Level 1:colcon.colcon_core.package_identification:_identify(wato_asd_training/src/samples/cpp/transformer) by extensions ['ignore', 'ignore_ament_install']
[1.314s] Level 1:colcon.colcon_core.package_identification:_identify(wato_asd_training/src/samples/cpp/transformer) by extension 'ignore'
[1.314s] Level 1:colcon.colcon_core.package_identification:_identify(wato_asd_training/src/samples/cpp/transformer) by extension 'ignore_ament_install'
[1.314s] Level 1:colcon.colcon_core.package_identification:_identify(wato_asd_training/src/samples/cpp/transformer) by extensions ['colcon_pkg']
[1.314s] Level 1:colcon.colcon_core.package_identification:_identify(wato_asd_training/src/samples/cpp/transformer) by extension 'colcon_pkg'
[1.314s] Level 1:colcon.colcon_core.package_identification:_identify(wato_asd_training/src/samples/cpp/transformer) by extensions ['colcon_meta']
[1.314s] Level 1:colcon.colcon_core.package_identification:_identify(wato_asd_training/src/samples/cpp/transformer) by extension 'colcon_meta'
[1.314s] Level 1:colcon.colcon_core.package_identification:_identify(wato_asd_training/src/samples/cpp/transformer) by extensions ['ros']
[1.314s] Level 1:colcon.colcon_core.package_identification:_identify(wato_asd_training/src/samples/cpp/transformer) by extension 'ros'
[1.315s] DEBUG:colcon.colcon_core.package_identification:Package 'wato_asd_training/src/samples/cpp/transformer' with type 'ros.ament_cmake' and name 'transformer'
[1.315s] Level 1:colcon.colcon_core.package_identification:_identify(wato_asd_training/src/samples/python) by extensions ['ignore', 'ignore_ament_install']
[1.315s] Level 1:colcon.colcon_core.package_identification:_identify(wato_asd_training/src/samples/python) by extension 'ignore'
[1.315s] Level 1:colcon.colcon_core.package_identification:_identify(wato_asd_training/src/samples/python) by extension 'ignore_ament_install'
[1.315s] Level 1:colcon.colcon_core.package_identification:_identify(wato_asd_training/src/samples/python) by extensions ['colcon_pkg']
[1.316s] Level 1:colcon.colcon_core.package_identification:_identify(wato_asd_training/src/samples/python) by extension 'colcon_pkg'
[1.316s] Level 1:colcon.colcon_core.package_identification:_identify(wato_asd_training/src/samples/python) by extensions ['colcon_meta']
[1.316s] Level 1:colcon.colcon_core.package_identification:_identify(wato_asd_training/src/samples/python) by extension 'colcon_meta'
[1.316s] Level 1:colcon.colcon_core.package_identification:_identify(wato_asd_training/src/samples/python) by extensions ['ros']
[1.316s] Level 1:colcon.colcon_core.package_identification:_identify(wato_asd_training/src/samples/python) by extension 'ros'
[1.316s] Level 1:colcon.colcon_core.package_identification:_identify(wato_asd_training/src/samples/python) by extensions ['cmake', 'python']
[1.316s] Level 1:colcon.colcon_core.package_identification:_identify(wato_asd_training/src/samples/python) by extension 'cmake'
[1.316s] Level 1:colcon.colcon_core.package_identification:_identify(wato_asd_training/src/samples/python) by extension 'python'
[1.316s] Level 1:colcon.colcon_core.package_identification:_identify(wato_asd_training/src/samples/python) by extensions ['python_setup_py']
[1.316s] Level 1:colcon.colcon_core.package_identification:_identify(wato_asd_training/src/samples/python) by extension 'python_setup_py'
[1.316s] Level 1:colcon.colcon_core.package_identification:_identify(wato_asd_training/src/samples/python/aggregator) by extensions ['ignore', 'ignore_ament_install']
[1.316s] Level 1:colcon.colcon_core.package_identification:_identify(wato_asd_training/src/samples/python/aggregator) by extension 'ignore'
[1.316s] Level 1:colcon.colcon_core.package_identification:_identify(wato_asd_training/src/samples/python/aggregator) by extension 'ignore_ament_install'
[1.316s] Level 1:colcon.colcon_core.package_identification:_identify(wato_asd_training/src/samples/python/aggregator) by extensions ['colcon_pkg']
[1.316s] Level 1:colcon.colcon_core.package_identification:_identify(wato_asd_training/src/samples/python/aggregator) by extension 'colcon_pkg'
[1.316s] Level 1:colcon.colcon_core.package_identification:_identify(wato_asd_training/src/samples/python/aggregator) by extensions ['colcon_meta']
[1.316s] Level 1:colcon.colcon_core.package_identification:_identify(wato_asd_training/src/samples/python/aggregator) by extension 'colcon_meta'
[1.316s] Level 1:colcon.colcon_core.package_identification:_identify(wato_asd_training/src/samples/python/aggregator) by extensions ['ros']
[1.316s] Level 1:colcon.colcon_core.package_identification:_identify(wato_asd_training/src/samples/python/aggregator) by extension 'ros'
[1.316s] DEBUG:colcon.colcon_core.package_identification:Package 'wato_asd_training/src/samples/python/aggregator' with type 'ros.ament_python' and name 'aggregator'
[1.316s] Level 1:colcon.colcon_core.package_identification:_identify(wato_asd_training/src/samples/python/producer) by extensions ['ignore', 'ignore_ament_install']
[1.316s] Level 1:colcon.colcon_core.package_identification:_identify(wato_asd_training/src/samples/python/producer) by extension 'ignore'
[1.316s] Level 1:colcon.colcon_core.package_identification:_identify(wato_asd_training/src/samples/python/producer) by extension 'ignore_ament_install'
[1.316s] Level 1:colcon.colcon_core.package_identification:_identify(wato_asd_training/src/samples/python/producer) by extensions ['colcon_pkg']
[1.316s] Level 1:colcon.colcon_core.package_identification:_identify(wato_asd_training/src/samples/python/producer) by extension 'colcon_pkg'
[1.316s] Level 1:colcon.colcon_core.package_identification:_identify(wato_asd_training/src/samples/python/producer) by extensions ['colcon_meta']
[1.316s] Level 1:colcon.colcon_core.package_identification:_identify(wato_asd_training/src/samples/python/producer) by extension 'colcon_meta'
[1.316s] Level 1:colcon.colcon_core.package_identification:_identify(wato_asd_training/src/samples/python/producer) by extensions ['ros']
[1.317s] Level 1:colcon.colcon_core.package_identification:_identify(wato_asd_training/src/samples/python/producer) by extension 'ros'
[1.317s] DEBUG:colcon.colcon_core.package_identification:Package 'wato_asd_training/src/samples/python/producer' with type 'ros.ament_python' and name 'producer'
[1.317s] Level 1:colcon.colcon_core.package_identification:_identify(wato_asd_training/src/samples/python/transformer) by extensions ['ignore', 'ignore_ament_install']
[1.317s] Level 1:colcon.colcon_core.package_identification:_identify(wato_asd_training/src/samples/python/transformer) by extension 'ignore'
[1.317s] Level 1:colcon.colcon_core.package_identification:_identify(wato_asd_training/src/samples/python/transformer) by extension 'ignore_ament_install'
[1.317s] Level 1:colcon.colcon_core.package_identification:_identify(wato_asd_training/src/samples/python/transformer) by extensions ['colcon_pkg']
[1.317s] Level 1:colcon.colcon_core.package_identification:_identify(wato_asd_training/src/samples/python/transformer) by extension 'colcon_pkg'
[1.317s] Level 1:colcon.colcon_core.package_identification:_identify(wato_asd_training/src/samples/python/transformer) by extensions ['colcon_meta']
[1.317s] Level 1:colcon.colcon_core.package_identification:_identify(wato_asd_training/src/samples/python/transformer) by extension 'colcon_meta'
[1.317s] Level 1:colcon.colcon_core.package_identification:_identify(wato_asd_training/src/samples/python/transformer) by extensions ['ros']
[1.317s] Level 1:colcon.colcon_core.package_identification:_identify(wato_asd_training/src/samples/python/transformer) by extension 'ros'
[1.318s] DEBUG:colcon.colcon_core.package_identification:Package 'wato_asd_training/src/samples/python/transformer' with type 'ros.ament_python' and name 'transformer'
[1.318s] Level 1:colcon.colcon_core.package_identification:_identify(wato_asd_training/src/samples/sample_msgs) by extensions ['ignore', 'ignore_ament_install']
[1.318s] Level 1:colcon.colcon_core.package_identification:_identify(wato_asd_training/src/samples/sample_msgs) by extension 'ignore'
[1.318s] Level 1:colcon.colcon_core.package_identification:_identify(wato_asd_training/src/samples/sample_msgs) by extension 'ignore_ament_install'
[1.318s] Level 1:colcon.colcon_core.package_identification:_identify(wato_asd_training/src/samples/sample_msgs) by extensions ['colcon_pkg']
[1.318s] Level 1:colcon.colcon_core.package_identification:_identify(wato_asd_training/src/samples/sample_msgs) by extension 'colcon_pkg'
[1.318s] Level 1:colcon.colcon_core.package_identification:_identify(wato_asd_training/src/samples/sample_msgs) by extensions ['colcon_meta']
[1.318s] Level 1:colcon.colcon_core.package_identification:_identify(wato_asd_training/src/samples/sample_msgs) by extension 'colcon_meta'
[1.318s] Level 1:colcon.colcon_core.package_identification:_identify(wato_asd_training/src/samples/sample_msgs) by extensions ['ros']
[1.318s] Level 1:colcon.colcon_core.package_identification:_identify(wato_asd_training/src/samples/sample_msgs) by extension 'ros'
[1.318s] DEBUG:colcon.colcon_core.package_identification:Package 'wato_asd_training/src/samples/sample_msgs' with type 'ros.ament_cmake' and name 'sample_msgs'
[1.319s] Level 1:colcon.colcon_core.package_identification:_identify(wato_asd_training/src/wato_msgs) by extensions ['ignore', 'ignore_ament_install']
[1.319s] Level 1:colcon.colcon_core.package_identification:_identify(wato_asd_training/src/wato_msgs) by extension 'ignore'
[1.319s] Level 1:colcon.colcon_core.package_identification:_identify(wato_asd_training/src/wato_msgs) by extension 'ignore_ament_install'
[1.319s] Level 1:colcon.colcon_core.package_identification:_identify(wato_asd_training/src/wato_msgs) by extensions ['colcon_pkg']
[1.319s] Level 1:colcon.colcon_core.package_identification:_identify(wato_asd_training/src/wato_msgs) by extension 'colcon_pkg'
[1.319s] Level 1:colcon.colcon_core.package_identification:_identify(wato_asd_training/src/wato_msgs) by extensions ['colcon_meta']
[1.319s] Level 1:colcon.colcon_core.package_identification:_identify(wato_asd_training/src/wato_msgs) by extension 'colcon_meta'
[1.319s] Level 1:colcon.colcon_core.package_identification:_identify(wato_asd_training/src/wato_msgs) by extensions ['ros']
[1.319s] Level 1:colcon.colcon_core.package_identification:_identify(wato_asd_training/src/wato_msgs) by extension 'ros'
[1.319s] Level 1:colcon.colcon_core.package_identification:_identify(wato_asd_training/src/wato_msgs) by extensions ['cmake', 'python']
[1.319s] Level 1:colcon.colcon_core.package_identification:_identify(wato_asd_training/src/wato_msgs) by extension 'cmake'
[1.319s] Level 1:colcon.colcon_core.package_identification:_identify(wato_asd_training/src/wato_msgs) by extension 'python'
[1.319s] Level 1:colcon.colcon_core.package_identification:_identify(wato_asd_training/src/wato_msgs) by extensions ['python_setup_py']
[1.319s] Level 1:colcon.colcon_core.package_identification:_identify(wato_asd_training/src/wato_msgs) by extension 'python_setup_py'
[1.319s] Level 1:colcon.colcon_core.package_identification:_identify(wato_asd_training/src/wato_msgs/sample_msgs) by extensions ['ignore', 'ignore_ament_install']
[1.319s] Level 1:colcon.colcon_core.package_identification:_identify(wato_asd_training/src/wato_msgs/sample_msgs) by extension 'ignore'
[1.319s] Level 1:colcon.colcon_core.package_identification:_identify(wato_asd_training/src/wato_msgs/sample_msgs) by extension 'ignore_ament_install'
[1.319s] Level 1:colcon.colcon_core.package_identification:_identify(wato_asd_training/src/wato_msgs/sample_msgs) by extensions ['colcon_pkg']
[1.319s] Level 1:colcon.colcon_core.package_identification:_identify(wato_asd_training/src/wato_msgs/sample_msgs) by extension 'colcon_pkg'
[1.319s] Level 1:colcon.colcon_core.package_identification:_identify(wato_asd_training/src/wato_msgs/sample_msgs) by extensions ['colcon_meta']
[1.319s] Level 1:colcon.colcon_core.package_identification:_identify(wato_asd_training/src/wato_msgs/sample_msgs) by extension 'colcon_meta'
[1.319s] Level 1:colcon.colcon_core.package_identification:_identify(wato_asd_training/src/wato_msgs/sample_msgs) by extensions ['ros']
[1.319s] Level 1:colcon.colcon_core.package_identification:_identify(wato_asd_training/src/wato_msgs/sample_msgs) by extension 'ros'
[1.319s] DEBUG:colcon.colcon_core.package_identification:Package 'wato_asd_training/src/wato_msgs/sample_msgs' with type 'ros.ament_cmake' and name 'sample_msgs'
[1.320s] Level 1:colcon.colcon_core.package_identification:_identify(wato_asd_training/watod_scripts) by extensions ['ignore', 'ignore_ament_install']
[1.320s] Level 1:colcon.colcon_core.package_identification:_identify(wato_asd_training/watod_scripts) by extension 'ignore'
[1.320s] Level 1:colcon.colcon_core.package_identification:_identify(wato_asd_training/watod_scripts) by extension 'ignore_ament_install'
[1.320s] Level 1:colcon.colcon_core.package_identification:_identify(wato_asd_training/watod_scripts) by extensions ['colcon_pkg']
[1.320s] Level 1:colcon.colcon_core.package_identification:_identify(wato_asd_training/watod_scripts) by extension 'colcon_pkg'
[1.320s] Level 1:colcon.colcon_core.package_identification:_identify(wato_asd_training/watod_scripts) by extensions ['colcon_meta']
[1.320s] Level 1:colcon.colcon_core.package_identification:_identify(wato_asd_training/watod_scripts) by extension 'colcon_meta'
[1.320s] Level 1:colcon.colcon_core.package_identification:_identify(wato_asd_training/watod_scripts) by extensions ['ros']
[1.320s] Level 1:colcon.colcon_core.package_identification:_identify(wato_asd_training/watod_scripts) by extension 'ros'
[1.320s] Level 1:colcon.colcon_core.package_identification:_identify(wato_asd_training/watod_scripts) by extensions ['cmake', 'python']
[1.320s] Level 1:colcon.colcon_core.package_identification:_identify(wato_asd_training/watod_scripts) by extension 'cmake'
[1.320s] Level 1:colcon.colcon_core.package_identification:_identify(wato_asd_training/watod_scripts) by extension 'python'
[1.320s] Level 1:colcon.colcon_core.package_identification:_identify(wato_asd_training/watod_scripts) by extensions ['python_setup_py']
[1.320s] Level 1:colcon.colcon_core.package_identification:_identify(wato_asd_training/watod_scripts) by extension 'python_setup_py'
[1.320s] Level 1:colcon.colcon_core.package_identification:_identify(watod_scripts) by extensions ['ignore', 'ignore_ament_install']
[1.320s] Level 1:colcon.colcon_core.package_identification:_identify(watod_scripts) by extension 'ignore'
[1.320s] Level 1:colcon.colcon_core.package_identification:_identify(watod_scripts) by extension 'ignore_ament_install'
[1.320s] Level 1:colcon.colcon_core.package_identification:_identify(watod_scripts) by extensions ['colcon_pkg']
[1.320s] Level 1:colcon.colcon_core.package_identification:_identify(watod_scripts) by extension 'colcon_pkg'
[1.320s] Level 1:colcon.colcon_core.package_identification:_identify(watod_scripts) by extensions ['colcon_meta']
[1.320s] Level 1:colcon.colcon_core.package_identification:_identify(watod_scripts) by extension 'colcon_meta'
[1.320s] Level 1:colcon.colcon_core.package_identification:_identify(watod_scripts) by extensions ['ros']
[1.320s] Level 1:colcon.colcon_core.package_identification:_identify(watod_scripts) by extension 'ros'
[1.320s] Level 1:colcon.colcon_core.package_identification:_identify(watod_scripts) by extensions ['cmake', 'python']
[1.320s] Level 1:colcon.colcon_core.package_identification:_identify(watod_scripts) by extension 'cmake'
[1.320s] Level 1:colcon.colcon_core.package_identification:_identify(watod_scripts) by extension 'python'
[1.320s] Level 1:colcon.colcon_core.package_identification:_identify(watod_scripts) by extensions ['python_setup_py']
[1.320s] Level 1:colcon.colcon_core.package_identification:_identify(watod_scripts) by extension 'python_setup_py'
[1.320s] Level 1:colcon.colcon_core.package_discovery:discover_packages(recursive) using defaults
[1.320s] Level 1:colcon.colcon_core.package_discovery:discover_packages(ignore) discover
[1.320s] Level 1:colcon.colcon_core.package_discovery:discover_packages(ignore) using defaults
[1.320s] Level 1:colcon.colcon_core.package_discovery:discover_packages(path) discover
[1.320s] Level 1:colcon.colcon_core.package_discovery:discover_packages(path) using defaults
[1.466s] INFO:colcon.colcon_core.package_selection:Skipping not selected package 'aggregator' in 'src/samples/python/aggregator'
[1.466s] INFO:colcon.colcon_core.package_selection:Skipping not selected package 'aggregator' in 'wato_asd_training/src/samples/python/aggregator'
[1.466s] INFO:colcon.colcon_core.package_selection:Skipping not selected package 'control' in 'src/robot/control'
[1.466s] INFO:colcon.colcon_core.package_selection:Skipping not selected package 'control' in 'wato_asd_training/src/robot/control'
[1.466s] INFO:colcon.colcon_core.package_selection:Skipping not selected package 'gazebo' in 'wato_asd_training/src/gazebo'
[1.466s] INFO:colcon.colcon_core.package_selection:Skipping not selected package 'gazebo' in 'src/gazebo'
[1.466s] INFO:colcon.colcon_core.package_selection:Skipping not selected package 'map_memory' in 'src/robot/map_memory'
[1.466s] INFO:colcon.colcon_core.package_selection:Skipping not selected package 'map_memory' in 'wato_asd_training/src/robot/map_memory'
[1.466s] INFO:colcon.colcon_core.package_selection:Skipping not selected package 'odometry_spoof' in 'src/robot/odometry_spoof'
[1.466s] INFO:colcon.colcon_core.package_selection:Skipping not selected package 'odometry_spoof' in 'wato_asd_training/src/robot/odometry_spoof'
[1.466s] INFO:colcon.colcon_core.package_selection:Skipping not selected package 'planner' in 'src/robot/planner'
[1.466s] INFO:colcon.colcon_core.package_selection:Skipping not selected package 'planner' in 'wato_asd_training/src/robot/planner'
[1.466s] INFO:colcon.colcon_core.package_selection:Skipping not selected package 'producer' in 'src/samples/python/producer'
[1.466s] INFO:colcon.colcon_core.package_selection:Skipping not selected package 'producer' in 'wato_asd_training/src/samples/python/producer'
[1.466s] INFO:colcon.colcon_core.package_selection:Skipping not selected package 'sample_msgs' in 'src/samples/sample_msgs'
[1.466s] INFO:colcon.colcon_core.package_selection:Skipping not selected package 'sample_msgs' in 'src/wato_msgs/sample_msgs'
[1.466s] INFO:colcon.colcon_core.package_selection:Skipping not selected package 'sample_msgs' in 'wato_asd_training/src/samples/sample_msgs'
[1.466s] INFO:colcon.colcon_core.package_selection:Skipping not selected package 'sample_msgs' in 'wato_asd_training/src/wato_msgs/sample_msgs'
[1.466s] INFO:colcon.colcon_core.package_selection:Skipping not selected package 'transformer' in 'src/samples/python/transformer'
[1.466s] INFO:colcon.colcon_core.package_selection:Skipping not selected package 'transformer' in 'wato_asd_training/src/samples/python/transformer'
[1.466s] INFO:colcon.colcon_core.package_selection:Skipping not selected package 'aggregator' in 'src/samples/cpp/aggregator'
[1.466s] INFO:colcon.colcon_core.package_selection:Skipping not selected package 'aggregator' in 'wato_asd_training/src/samples/cpp/aggregator'
[1.466s] INFO:colcon.colcon_core.package_selection:Skipping not selected package 'bringup_robot' in 'src/robot/bringup_robot'
[1.466s] INFO:colcon.colcon_core.package_selection:Skipping not selected package 'bringup_robot' in 'wato_asd_training/src/robot/bringup_robot'
[1.466s] INFO:colcon.colcon_core.package_selection:Skipping not selected package 'producer' in 'src/samples/cpp/producer'
[1.466s] INFO:colcon.colcon_core.package_selection:Skipping not selected package 'producer' in 'wato_asd_training/src/samples/cpp/producer'
[1.466s] INFO:colcon.colcon_core.package_selection:Skipping not selected package 'transformer' in 'src/samples/cpp/transformer'
[1.466s] INFO:colcon.colcon_core.package_selection:Skipping not selected package 'transformer' in 'wato_asd_training/src/samples/cpp/transformer'
[1.466s] ERROR:colcon:colcon build: Duplicate package names not supported:
- costmap:
  - src/robot/costmap
  - wato_asd_training/src/robot/costmap
